{
  "timestamp": "2025-08-08T03:20:48.177Z",
  "status": "FAIL",
  "errorCount": 414,
  "duration": 28351,
  "command": "npx tsc --noEmit",
  "errorTypes": [
    "TS2339",
    "TS2554",
    "TS2561",
    "TS2551",
    "TS2741",
    "TS2353",
    "TS2300",
    "TS2451",
    "TS2345",
    "TS2769",
    "TS2445",
    "TS2304",
    "TS2739",
    "TS2322",
    "TS2341",
    "TS2698",
    "TS2724",
    "TS2305",
    "TS2740",
    "TS2559",
    "TS2349",
    "TS2459",
    "TS2484",
    "TS2352",
    "TS2307"
  ],
  "output": "src/modules/compliance/__tests__/compliance-mapping.controller.spec.ts(231,21): error TS2339: Property 'meta' does not exist on type '{ data: ComplianceMapping[]; total: number; page: number; limit: number; }'.\r\nsrc/modules/compliance/__tests__/compliance-mapping.controller.spec.ts(232,21): error TS2339: Property 'meta' does not exist on type '{ data: ComplianceMapping[]; total: number; page: number; limit: number; }'.\r\nsrc/modules/compliance/__tests__/compliance-mapping.controller.spec.ts(394,23): error TS2339: Property 'results' does not exist on type '{ success: number; failed: number; errors: any[]; }'.\r\nsrc/modules/compliance/__tests__/compliance-mapping.controller.spec.ts(547,21): error TS2339: Property 'errors' does not exist on type '{ valid: boolean; issues: string[]; }'.\r\nsrc/modules/compliance/__tests__/compliance-mapping.controller.spec.ts(758,21): error TS2339: Property 'failed' does not exist on type 'void'.\r\nsrc/modules/compliance/__tests__/compliance-mapping.controller.spec.ts(759,21): error TS2339: Property 'results' does not exist on type 'void'.\r\nsrc/modules/compliance/__tests__/controls.controller.spec.ts(124,39): error TS2554: Expected 2 arguments, but got 1.\r\nsrc/modules/compliance/__tests__/controls.controller.spec.ts(135,31): error TS2554: Expected 2 arguments, but got 1.\r\nsrc/modules/compliance/__tests__/controls.controller.spec.ts(143,31): error TS2554: Expected 2 arguments, but got 1.\r\nsrc/modules/compliance/__tests__/controls.controller.spec.ts(237,57): error TS2561: Object literal may only specify known properties, but 'maxRiskScore' does not exist in type 'QueryControlDto'. Did you mean to write 'minRiskScore'?\r\nsrc/modules/compliance/__tests__/controls.controller.spec.ts(273,21): error TS2339: Property 'meta' does not exist on type '{ items: Control[]; total: number; }'.\r\nsrc/modules/compliance/__tests__/controls.controller.spec.ts(274,21): error TS2339: Property 'meta' does not exist on type '{ items: Control[]; total: number; }'.\r\nsrc/modules/compliance/__tests__/controls.controller.spec.ts(299,39): error TS2339: Property 'findByControlId' does not exist on type 'ControlsController'.\r\nsrc/modules/compliance/__tests__/controls.controller.spec.ts(302,22): error TS2339: Property 'findByControlId' does not exist on type 'ControlsService'.\r\nsrc/modules/compliance/__tests__/controls.controller.spec.ts(308,24): error TS2339: Property 'findByControlId' does not exist on type 'ControlsController'.\r\nsrc/modules/compliance/__tests__/controls.controller.spec.ts(310,22): error TS2339: Property 'findByControlId' does not exist on type 'ControlsService'.\r\nsrc/modules/compliance/__tests__/controls.controller.spec.ts(325,39): error TS2554: Expected 3 arguments, but got 2.\r\nsrc/modules/compliance/__tests__/controls.controller.spec.ts(337,20): error TS2554: Expected 3 arguments, but got 2.\r\nsrc/modules/compliance/__tests__/controls.controller.spec.ts(344,31): error TS2554: Expected 3 arguments, but got 2.\r\nsrc/modules/compliance/__tests__/controls.controller.spec.ts(352,24): error TS2554: Expected 2 arguments, but got 1.\r\nsrc/modules/compliance/__tests__/controls.controller.spec.ts(362,31): error TS2554: Expected 2 arguments, but got 1.\r\nsrc/modules/compliance/__tests__/controls.controller.spec.ts(399,39): error TS2339: Property 'getStatistics' does not exist on type 'ControlsController'.\r\nsrc/modules/compliance/__tests__/controls.controller.spec.ts(402,22): error TS2339: Property 'getControlStatistics' does not exist on type 'ControlsService'.\r\nsrc/modules/compliance/__tests__/controls.controller.spec.ts(433,39): error TS2551: Property 'getImplementationStatus' does not exist on type 'ControlsController'. Did you mean 'updateImplementationStatus'?\r\nsrc/modules/compliance/__tests__/controls.controller.spec.ts(436,22): error TS2551: Property 'getImplementationStatus' does not exist on type 'ControlsService'. Did you mean 'updateImplementationStatus'?\r\nsrc/modules/compliance/__tests__/controls.controller.spec.ts(475,39): error TS2339: Property 'getTestResults' does not exist on type 'ControlsController'.\r\nsrc/modules/compliance/__tests__/controls.controller.spec.ts(478,22): error TS2339: Property 'getControlTestResults' does not exist on type 'ControlsService'.\r\nsrc/modules/compliance/__tests__/controls.controller.spec.ts(500,39): error TS2339: Property 'scheduleTest' does not exist on type 'ControlsController'.\r\nsrc/modules/compliance/__tests__/controls.controller.spec.ts(503,22): error TS2339: Property 'scheduleTest' does not exist on type 'ControlsService'.\r\nsrc/modules/compliance/__tests__/controls.controller.spec.ts(526,39): error TS2339: Property 'recordTestResult' does not exist on type 'ControlsController'.\r\nsrc/modules/compliance/__tests__/controls.controller.spec.ts(529,22): error TS2339: Property 'recordTestResult' does not exist on type 'ControlsService'.\r\nsrc/modules/compliance/__tests__/controls.controller.spec.ts(542,20): error TS2339: Property 'recordTestResult' does not exist on type 'ControlsController'.\r\nsrc/modules/compliance/__tests__/controls.controller.spec.ts(574,39): error TS2339: Property 'getEvidence' does not exist on type 'ControlsController'.\r\nsrc/modules/compliance/__tests__/controls.controller.spec.ts(577,22): error TS2339: Property 'getControlEvidence' does not exist on type 'ControlsService'.\r\nsrc/modules/compliance/__tests__/controls.controller.spec.ts(597,39): error TS2339: Property 'attachEvidence' does not exist on type 'ControlsController'.\r\nsrc/modules/compliance/__tests__/controls.controller.spec.ts(600,22): error TS2339: Property 'attachEvidence' does not exist on type 'ControlsService'.\r\nsrc/modules/compliance/__tests__/controls.controller.spec.ts(608,39): error TS2339: Property 'removeEvidence' does not exist on type 'ControlsController'.\r\nsrc/modules/compliance/__tests__/controls.controller.spec.ts(611,22): error TS2339: Property 'removeEvidence' does not exist on type 'ControlsService'.\r\nsrc/modules/compliance/__tests__/controls.controller.spec.ts(635,39): error TS2339: Property 'bulkUpdate' does not exist on type 'ControlsController'.\r\nsrc/modules/compliance/__tests__/controls.controller.spec.ts(638,22): error TS2339: Property 'bulkOperation' does not exist on type 'ControlsService'.\r\nsrc/modules/compliance/__tests__/controls.controller.spec.ts(660,39): error TS2339: Property 'bulkUpdate' does not exist on type 'ControlsController'.\r\nsrc/modules/compliance/__tests__/controls.controller.spec.ts(682,39): error TS2339: Property 'export' does not exist on type 'ControlsController'.\r\nsrc/modules/compliance/__tests__/controls.controller.spec.ts(685,22): error TS2339: Property 'exportControls' does not exist on type 'ControlsService'.\r\nsrc/modules/compliance/__tests__/controls.controller.spec.ts(715,39): error TS2339: Property 'import' does not exist on type 'ControlsController'.\r\nsrc/modules/compliance/__tests__/controls.controller.spec.ts(718,22): error TS2551: Property 'importControls' does not exist on type 'ControlsService'. Did you mean 'bulkImportControls'?\r\nsrc/modules/compliance/__tests__/controls.controller.spec.ts(730,31): error TS2339: Property 'import' does not exist on type 'ControlsController'.\r\nsrc/modules/compliance/__tests__/controls.controller.spec.ts(745,39): error TS2339: Property 'validateControl' does not exist on type 'ControlsController'.\r\nsrc/modules/compliance/__tests__/controls.controller.spec.ts(748,22): error TS2339: Property 'validateControl' does not exist on type 'ControlsService'.\r\nsrc/modules/compliance/__tests__/controls.controller.spec.ts(761,39): error TS2339: Property 'validateControl' does not exist on type 'ControlsController'.\r\nsrc/modules/compliance/__tests__/controls.controller.spec.ts(800,39): error TS2339: Property 'getControlGaps' does not exist on type 'ControlsController'.\r\nsrc/modules/compliance/__tests__/controls.controller.spec.ts(803,22): error TS2339: Property 'getControlGaps' does not exist on type 'ControlsService'.\r\nsrc/modules/compliance/__tests__/controls.controller.spec.ts(849,39): error TS2339: Property 'getRiskAssessment' does not exist on type 'ControlsController'.\r\nsrc/modules/compliance/__tests__/controls.controller.spec.ts(852,22): error TS2339: Property 'getControlRiskAssessment' does not exist on type 'ControlsService'.\r\nsrc/modules/compliance/__tests__/controls.controller.spec.ts(861,24): error TS2554: Expected 2 arguments, but got 1.\r\nsrc/modules/compliance/__tests__/controls.controller.spec.ts(870,24): error TS2554: Expected 3 arguments, but got 2.\r\nsrc/modules/compliance/__tests__/controls.controller.spec.ts(879,24): error TS2339: Property 'recordTestResult' does not exist on type 'ControlsController'.\r\nsrc/modules/compliance/__tests__/controls.controller.spec.ts(881,22): error TS2339: Property 'recordTestResult' does not exist on type 'ControlsService'.\r\nsrc/modules/compliance/__tests__/controls.controller.spec.ts(912,31): error TS2339: Property 'scheduleTest' does not exist on type 'ControlsController'.\r\nsrc/modules/compliance/__tests__/controls.controller.spec.ts(928,20): error TS2339: Property 'attachEvidence' does not exist on type 'ControlsController'.\r\nsrc/modules/compliance/__tests__/controls.service.spec.ts(167,11): error TS2741: Property 'identifier' is missing in type '{ controlId: string; title: string; description: string; type: ControlType.PREVENTIVE; priority: ControlPriority.HIGH; frequency: ControlFrequency.CONTINUOUS; frameworkId: string; category: string; }' but required in type 'CreateControlDto'.\r\nsrc/modules/compliance/__tests__/controls.service.spec.ts(193,36): error TS2554: Expected 2 arguments, but got 1.\r\nsrc/modules/compliance/__tests__/controls.service.spec.ts(203,39): error TS2339: Property 'organizationId' does not exist on type '{ id: string; identifier: string; }'.\r\nsrc/modules/compliance/__tests__/controls.service.spec.ts(219,28): error TS2554: Expected 2 arguments, but got 1.\r\nsrc/modules/compliance/__tests__/controls.service.spec.ts(227,28): error TS2554: Expected 2 arguments, but got 1.\r\nsrc/modules/compliance/__tests__/controls.service.spec.ts(239,21): error TS2554: Expected 2 arguments, but got 1.\r\nsrc/modules/compliance/__tests__/controls.service.spec.ts(338,57): error TS2561: Object literal may only specify known properties, but 'maxRiskScore' does not exist in type 'QueryControlDto'. Did you mean to write 'minRiskScore'?\r\nsrc/modules/compliance/__tests__/controls.service.spec.ts(369,21): error TS2339: Property 'meta' does not exist on type '{ items: Control[]; total: number; }'.\r\nsrc/modules/compliance/__tests__/controls.service.spec.ts(370,21): error TS2339: Property 'meta' does not exist on type '{ items: Control[]; total: number; }'.\r\nsrc/modules/compliance/__tests__/controls.service.spec.ts(371,21): error TS2339: Property 'meta' does not exist on type '{ items: Control[]; total: number; }'.\r\nsrc/modules/compliance/__tests__/controls.service.spec.ts(372,21): error TS2339: Property 'meta' does not exist on type '{ items: Control[]; total: number; }'.\r\nsrc/modules/compliance/__tests__/controls.service.spec.ts(373,21): error TS2339: Property 'meta' does not exist on type '{ items: Control[]; total: number; }'.\r\nsrc/modules/compliance/__tests__/controls.service.spec.ts(416,36): error TS2339: Property 'findByControlId' does not exist on type 'ControlsService'.\r\nsrc/modules/compliance/__tests__/controls.service.spec.ts(428,28): error TS2339: Property 'findByControlId' does not exist on type 'ControlsService'.\r\nsrc/modules/compliance/__tests__/controls.service.spec.ts(445,36): error TS2554: Expected 3 arguments, but got 2.\r\nsrc/modules/compliance/__tests__/controls.service.spec.ts(465,17): error TS2554: Expected 3 arguments, but got 2.\r\nsrc/modules/compliance/__tests__/controls.service.spec.ts(473,21): error TS2554: Expected 3 arguments, but got 2.\r\nsrc/modules/compliance/__tests__/controls.service.spec.ts(487,21): error TS2554: Expected 2 arguments, but got 1.\r\nsrc/modules/compliance/__tests__/controls.service.spec.ts(494,28): error TS2339: Property 'removeControl' does not exist on type 'SearchService'.\r\nsrc/modules/compliance/__tests__/controls.service.spec.ts(509,28): error TS2554: Expected 2 arguments, but got 1.\r\nsrc/modules/compliance/__tests__/controls.service.spec.ts(530,36): error TS2339: Property 'getControlStatistics' does not exist on type 'ControlsService'.\r\nsrc/modules/compliance/__tests__/controls.service.spec.ts(556,36): error TS2551: Property 'getImplementationStatus' does not exist on type 'ControlsService'. Did you mean 'updateImplementationStatus'?\r\nsrc/modules/compliance/__tests__/controls.service.spec.ts(591,36): error TS2339: Property 'getControlTestResults' does not exist on type 'ControlsService'.\r\nsrc/modules/compliance/__tests__/controls.service.spec.ts(620,36): error TS2339: Property 'scheduleTest' does not exist on type 'ControlsService'.\r\nsrc/modules/compliance/__tests__/controls.service.spec.ts(642,28): error TS2339: Property 'scheduleTest' does not exist on type 'ControlsService'.\r\nsrc/modules/compliance/__tests__/controls.service.spec.ts(662,36): error TS2339: Property 'recordTestResult' does not exist on type 'ControlsService'.\r\nsrc/modules/compliance/__tests__/controls.service.spec.ts(698,36): error TS2339: Property 'getControlEvidence' does not exist on type 'ControlsService'.\r\nsrc/modules/compliance/__tests__/controls.service.spec.ts(726,36): error TS2339: Property 'attachEvidence' does not exist on type 'ControlsService'.\r\nsrc/modules/compliance/__tests__/controls.service.spec.ts(757,36): error TS2339: Property 'removeEvidence' does not exist on type 'ControlsService'.\r\nsrc/modules/compliance/__tests__/controls.service.spec.ts(767,28): error TS2339: Property 'removeEvidence' does not exist on type 'ControlsService'.\r\nsrc/modules/compliance/__tests__/controls.service.spec.ts(787,36): error TS2339: Property 'bulkOperation' does not exist on type 'ControlsService'.\r\nsrc/modules/compliance/__tests__/controls.service.spec.ts(813,36): error TS2339: Property 'bulkOperation' does not exist on type 'ControlsService'.\r\nsrc/modules/compliance/__tests__/controls.service.spec.ts(833,36): error TS2339: Property 'exportControls' does not exist on type 'ControlsService'.\r\nsrc/modules/compliance/__tests__/controls.service.spec.ts(868,36): error TS2551: Property 'importControls' does not exist on type 'ControlsService'. Did you mean 'bulkImportControls'?\r\nsrc/modules/compliance/__tests__/controls.service.spec.ts(899,36): error TS2551: Property 'importControls' does not exist on type 'ControlsService'. Did you mean 'bulkImportControls'?\r\nsrc/modules/compliance/__tests__/controls.service.spec.ts(910,36): error TS2339: Property 'validateControl' does not exist on type 'ControlsService'.\r\nsrc/modules/compliance/__tests__/controls.service.spec.ts(927,36): error TS2339: Property 'validateControl' does not exist on type 'ControlsService'.\r\nsrc/modules/compliance/__tests__/controls.service.spec.ts(951,36): error TS2339: Property 'getControlGaps' does not exist on type 'ControlsService'.\r\nsrc/modules/compliance/__tests__/controls.service.spec.ts(965,36): error TS2339: Property 'getControlRiskAssessment' does not exist on type 'ControlsService'.\r\nsrc/modules/compliance/__tests__/controls.service.spec.ts(995,36): error TS2554: Expected 2 arguments, but got 1.\r\nsrc/modules/compliance/__tests__/frameworks.controller.spec.ts(92,7): error TS2353: Object literal may only specify known properties, and 'requirements' does not exist in type 'CreateFrameworkDto'.\r\nsrc/modules/compliance/__tests__/frameworks.controller.spec.ts(127,31): error TS2554: Expected 2 arguments, but got 1.\r\nsrc/modules/compliance/__tests__/frameworks.controller.spec.ts(180,42): error TS2353: Object literal may only specify known properties, and 'includeStats' does not exist in type 'QueryFrameworkDto'.\r\nsrc/modules/compliance/__tests__/frameworks.controller.spec.ts(196,21): error TS2339: Property 'meta' does not exist on type '{ items: ComplianceFramework[]; total: number; }'.\r\nsrc/modules/compliance/__tests__/frameworks.controller.spec.ts(240,7): error TS2353: Object literal may only specify known properties, and 'requirements' does not exist in type 'UpdateFrameworkDto'.\r\nsrc/modules/compliance/__tests__/frameworks.controller.spec.ts(266,31): error TS2554: Expected 3 arguments, but got 2.\r\nsrc/modules/compliance/__tests__/frameworks.controller.spec.ts(274,31): error TS2554: Expected 3 arguments, but got 2.\r\nsrc/modules/compliance/__tests__/frameworks.controller.spec.ts(427,39): error TS2339: Property 'getCoverageReport' does not exist on type 'FrameworksController'.\r\nsrc/modules/compliance/__tests__/frameworks.controller.spec.ts(430,22): error TS2339: Property 'getCoverageReport' does not exist on type 'FrameworksService'.\r\nsrc/modules/compliance/__tests__/frameworks.controller.spec.ts(455,39): error TS2339: Property 'getComplianceScore' does not exist on type 'FrameworksController'.\r\nsrc/modules/compliance/__tests__/frameworks.controller.spec.ts(458,22): error TS2339: Property 'getComplianceScore' does not exist on type 'FrameworksService'.\r\nsrc/modules/compliance/__tests__/frameworks.controller.spec.ts(472,39): error TS2339: Property 'validateFramework' does not exist on type 'FrameworksController'.\r\nsrc/modules/compliance/__tests__/frameworks.controller.spec.ts(475,22): error TS2339: Property 'validateFramework' does not exist on type 'FrameworksService'.\r\nsrc/modules/compliance/__tests__/frameworks.controller.spec.ts(487,39): error TS2339: Property 'validateFramework' does not exist on type 'FrameworksController'.\r\nsrc/modules/compliance/__tests__/frameworks.controller.spec.ts(531,39): error TS2339: Property 'getImplementationGuide' does not exist on type 'FrameworksController'.\r\nsrc/modules/compliance/__tests__/frameworks.controller.spec.ts(534,22): error TS2339: Property 'getImplementationGuide' does not exist on type 'FrameworksService'.\r\nsrc/modules/compliance/__tests__/frameworks.controller.spec.ts(543,24): error TS2554: Expected 2 arguments, but got 1.\r\nsrc/modules/compliance/__tests__/frameworks.controller.spec.ts(552,24): error TS2554: Expected 3 arguments, but got 2.\r\nsrc/modules/compliance/__tests__/frameworks.controller.spec.ts(584,31): error TS2554: Expected 2 arguments, but got 1.\r\nsrc/modules/compliance/__tests__/frameworks.service.spec.ts(5,10): error TS2300: Duplicate identifier 'SearchService'.\r\nsrc/modules/compliance/__tests__/frameworks.service.spec.ts(6,10): error TS2300: Duplicate identifier 'SearchService'.\r\nsrc/modules/compliance/__tests__/frameworks.service.spec.ts(46,9): error TS2451: Cannot redeclare block-scoped variable 'mockSearchService'.\r\nsrc/modules/compliance/__tests__/frameworks.service.spec.ts(53,9): error TS2451: Cannot redeclare block-scoped variable 'mockSearchService'.\r\nsrc/modules/compliance/__tests__/frameworks.service.spec.ts(203,28): error TS2554: Expected 2 arguments, but got 1.\r\nsrc/modules/compliance/__tests__/frameworks.service.spec.ts(217,21): error TS2554: Expected 2 arguments, but got 1.\r\nsrc/modules/compliance/__tests__/frameworks.service.spec.ts(234,21): error TS2554: Expected 2 arguments, but got 1.\r\nsrc/modules/compliance/__tests__/frameworks.service.spec.ts(304,42): error TS2353: Object literal may only specify known properties, and 'tags' does not exist in type 'QueryFrameworkDto'.\r\nsrc/modules/compliance/__tests__/frameworks.service.spec.ts(314,42): error TS2353: Object literal may only specify known properties, and 'minComplianceScore' does not exist in type 'QueryFrameworkDto'.\r\nsrc/modules/compliance/__tests__/frameworks.service.spec.ts(336,42): error TS2353: Object literal may only specify known properties, and 'includeStats' does not exist in type 'QueryFrameworkDto'.\r\nsrc/modules/compliance/__tests__/frameworks.service.spec.ts(343,21): error TS2339: Property 'meta' does not exist on type '{ items: ComplianceFramework[]; total: number; }'.\r\nsrc/modules/compliance/__tests__/frameworks.service.spec.ts(348,42): error TS2353: Object literal may only specify known properties, and 'includeControls' does not exist in type 'QueryFrameworkDto'.\r\nsrc/modules/compliance/__tests__/frameworks.service.spec.ts(441,36): error TS2554: Expected 3 arguments, but got 2.\r\nsrc/modules/compliance/__tests__/frameworks.service.spec.ts(457,28): error TS2554: Expected 3 arguments, but got 2.\r\nsrc/modules/compliance/__tests__/frameworks.service.spec.ts(466,17): error TS2554: Expected 3 arguments, but got 2.\r\nsrc/modules/compliance/__tests__/frameworks.service.spec.ts(476,21): error TS2554: Expected 3 arguments, but got 2.\r\nsrc/modules/compliance/__tests__/frameworks.service.spec.ts(492,21): error TS2554: Expected 2 arguments, but got 1.\r\nsrc/modules/compliance/__tests__/frameworks.service.spec.ts(499,28): error TS2339: Property 'removeFramework' does not exist on type 'SearchService'.\r\nsrc/modules/compliance/__tests__/frameworks.service.spec.ts(511,28): error TS2554: Expected 2 arguments, but got 1.\r\nsrc/modules/compliance/__tests__/frameworks.service.spec.ts(525,36): error TS2339: Property 'getFrameworkStatistics' does not exist on type 'FrameworksService'.\r\nsrc/modules/compliance/__tests__/frameworks.service.spec.ts(583,36): error TS2339: Property 'getCoverageReport' does not exist on type 'FrameworksService'.\r\nsrc/modules/compliance/__tests__/frameworks.service.spec.ts(604,36): error TS2339: Property 'getComplianceScore' does not exist on type 'FrameworksService'.\r\nsrc/modules/compliance/__tests__/frameworks.service.spec.ts(622,36): error TS2339: Property 'validateFramework' does not exist on type 'FrameworksService'.\r\nsrc/modules/compliance/__tests__/frameworks.service.spec.ts(640,36): error TS2339: Property 'validateFramework' does not exist on type 'FrameworksService'.\r\nsrc/modules/compliance/__tests__/frameworks.service.spec.ts(655,36): error TS2339: Property 'getImplementationGuide' does not exist on type 'FrameworksService'.\r\nsrc/modules/compliance/__tests__/frameworks.service.spec.ts(695,21): error TS2339: Property 'mappings' does not exist on type 'any[]'.\r\nsrc/modules/compliance/__tests__/frameworks.service.spec.ts(696,21): error TS2339: Property 'mappings' does not exist on type 'any[]'.\r\nsrc/modules/compliance/__tests__/frameworks.service.spec.ts(697,21): error TS2339: Property 'mappings' does not exist on type 'any[]'.\r\nsrc/modules/compliance/__tests__/frameworks.service.spec.ts(698,21): error TS2339: Property 'mappings' does not exist on type 'any[]'.\r\nsrc/modules/compliance/__tests__/frameworks.service.spec.ts(791,36): error TS2554: Expected 2 arguments, but got 1.\r\nsrc/modules/compliance/compliance-mapping.controller.ts(93,43): error TS2345: Argument of type 'MappingEntryDto[]' is not assignable to parameter of type 'CreateMappingDto[]'.\r\n  Type 'MappingEntryDto' is missing the following properties from type 'CreateMappingDto': sourceFrameworkId, targetFrameworkId, mappings\r\nsrc/modules/compliance/compliance-mapping.service.ts(477,37): error TS2339: Property 'policyId' does not exist on type 'CreateMappingDto'.\r\nsrc/modules/compliance/compliance-mapping.service.ts(480,70): error TS2339: Property 'policyId' does not exist on type 'CreateMappingDto'.\r\nsrc/modules/compliance/compliance-mapping.service.ts(484,40): error TS2339: Property 'controlIds' does not exist on type 'CreateMappingDto'.\r\nsrc/modules/compliance/compliance-mapping.service.ts(487,46): error TS2339: Property 'controlIds' does not exist on type 'CreateMappingDto'.\r\nsrc/modules/compliance/compliance-mapping.service.ts(497,38): error TS2339: Property 'policyId' does not exist on type 'CreateMappingDto'.\r\nsrc/modules/compliance/compliance-mapping.service.ts(504,91): error TS2339: Property 'policyId' does not exist on type 'CreateMappingDto'.\r\nsrc/modules/compliance/compliance-mapping.service.ts(508,36): error TS2339: Property 'policyId' does not exist on type 'CreateMappingDto'.\r\nsrc/modules/compliance/compliance-mapping.service.ts(526,71): error TS2339: Property 'policyId' does not exist on type 'CreateMappingDto'.\r\nsrc/modules/compliance/compliance-mapping.service.ts(527,46): error TS2339: Property 'controlIds' does not exist on type 'CreateMappingDto'.\r\nsrc/modules/compliance/compliance-mapping.service.ts(535,34): error TS2339: Property 'policyId' does not exist on type 'CreateMappingDto'.\r\nsrc/modules/compliance/compliance-mapping.service.ts(536,36): error TS2339: Property 'controlIds' does not exist on type 'CreateMappingDto'.\r\nsrc/modules/compliance/compliance-mapping.service.ts(666,32): error TS2339: Property 'policyId' does not exist on type 'CreateMappingDto'.\r\nsrc/modules/compliance/compliance-mapping.service.ts(667,34): error TS2339: Property 'controlIds' does not exist on type 'CreateMappingDto'.\r\nsrc/modules/compliance/compliance-mapping.service.ts(873,13): error TS2353: Object literal may only specify known properties, and 'policyId' does not exist in type 'CreateMappingDto'.\r\nsrc/modules/compliance/controls.service.ts(50,44): error TS2769: No overload matches this call.\r\n  Overload 1 of 3, '(entityLikeArray: DeepPartial<Control>[]): Control[]', gave the following error.\r\n    Object literal may only specify known properties, and 'controlId' does not exist in type 'DeepPartial<Control>[]'.\r\n  Overload 2 of 3, '(entityLike: DeepPartial<Control>): Control', gave the following error.\r\n    Type '{ isAutomatable: boolean; automationTools?: string[]; apiIntegration?: boolean; scriptingSupport?: boolean; }' is not assignable to type 'DeepPartial<string | number | boolean | Date>'.\r\nsrc/modules/compliance/entities/control.entity.ts(454,42): error TS2339: Property 'date' does not exist on type 'AssessmentInput'.\r\nsrc/modules/events/__tests__/kafka-consumer.mock-service.spec.ts(60,21): error TS2445: Property 'handleControlImplemented' is protected and only accessible within class 'KafkaConsumerService' and its subclasses.\r\nsrc/modules/events/__tests__/kafka-consumer.mock-service.spec.ts(75,21): error TS2445: Property 'handleControlFailed' is protected and only accessible within class 'KafkaConsumerService' and its subclasses.\r\nsrc/modules/events/__tests__/kafka-consumer.mock-service.spec.ts(91,21): error TS2445: Property 'handleControlTested' is protected and only accessible within class 'KafkaConsumerService' and its subclasses.\r\nsrc/modules/events/__tests__/kafka-consumer.mock-service.spec.ts(106,21): error TS2445: Property 'handleEvidenceCollected' is protected and only accessible within class 'KafkaConsumerService' and its subclasses.\r\nsrc/modules/events/__tests__/kafka-consumer.mock-service.spec.ts(121,21): error TS2445: Property 'handleRiskIdentified' is protected and only accessible within class 'KafkaConsumerService' and its subclasses.\r\nsrc/modules/events/__tests__/kafka-consumer.mock-service.spec.ts(136,21): error TS2445: Property 'handlePolicyUpdated' is protected and only accessible within class 'KafkaConsumerService' and its subclasses.\r\nsrc/modules/events/__tests__/kafka-consumer.mock-service.spec.ts(180,21): error TS2445: Property 'handleControlFailed' is protected and only accessible within class 'KafkaConsumerService' and its subclasses.\r\nsrc/modules/events/__tests__/kafka-consumer.service.spec.ts(160,38): error TS2345: Argument of type '{ topic: string; partition: number; message: { value: Buffer<ArrayBuffer>; key: any; timestamp: string; headers: {}; offset: string; }; }' is not assignable to parameter of type 'EachMessagePayload'.\r\n  Type '{ topic: string; partition: number; message: { value: Buffer<ArrayBuffer>; key: any; timestamp: string; headers: {}; offset: string; }; }' is missing the following properties from type 'EachMessagePayload': heartbeat, pause\r\nsrc/modules/events/__tests__/kafka-consumer.service.spec.ts(193,38): error TS2345: Argument of type '{ topic: string; partition: number; message: { value: Buffer<ArrayBuffer>; key: any; timestamp: string; headers: {}; offset: string; }; }' is not assignable to parameter of type 'EachMessagePayload'.\r\n  Type '{ topic: string; partition: number; message: { value: Buffer<ArrayBuffer>; key: any; timestamp: string; headers: {}; offset: string; }; }' is missing the following properties from type 'EachMessagePayload': heartbeat, pause\r\nsrc/modules/events/__tests__/kafka-consumer.service.spec.ts(211,38): error TS2345: Argument of type '{ topic: string; partition: number; message: { value: Buffer<ArrayBuffer>; key: any; timestamp: string; headers: {}; offset: string; }; }' is not assignable to parameter of type 'EachMessagePayload'.\r\n  Type '{ topic: string; partition: number; message: { value: Buffer<ArrayBuffer>; key: any; timestamp: string; headers: {}; offset: string; }; }' is missing the following properties from type 'EachMessagePayload': heartbeat, pause\r\nsrc/modules/events/__tests__/kafka-consumer.service.spec.ts(222,54): error TS2339: Property 'EFFECTIVE' does not exist on type 'typeof ImplementationStatus'.\r\nsrc/modules/events/__tests__/kafka-consumer.service.spec.ts(243,38): error TS2345: Argument of type '{ topic: string; partition: number; message: { value: Buffer<ArrayBuffer>; key: any; timestamp: string; headers: {}; offset: string; }; }' is not assignable to parameter of type 'EachMessagePayload'.\r\n  Type '{ topic: string; partition: number; message: { value: Buffer<ArrayBuffer>; key: any; timestamp: string; headers: {}; offset: string; }; }' is missing the following properties from type 'EachMessagePayload': heartbeat, pause\r\nsrc/modules/events/__tests__/kafka-consumer.service.spec.ts(263,56): error TS2339: Property 'NOT_EFFECTIVE' does not exist on type 'typeof ImplementationStatus'.\r\nsrc/modules/events/__tests__/kafka-consumer.service.spec.ts(282,38): error TS2345: Argument of type '{ topic: string; partition: number; message: { value: Buffer<ArrayBuffer>; key: any; timestamp: string; headers: {}; offset: string; }; }' is not assignable to parameter of type 'EachMessagePayload'.\r\n  Type '{ topic: string; partition: number; message: { value: Buffer<ArrayBuffer>; key: any; timestamp: string; headers: {}; offset: string; }; }' is missing the following properties from type 'EachMessagePayload': heartbeat, pause\r\nsrc/modules/events/__tests__/kafka-consumer.service.spec.ts(313,38): error TS2345: Argument of type '{ topic: string; partition: number; message: { value: Buffer<ArrayBuffer>; key: any; timestamp: string; headers: {}; offset: string; }; }' is not assignable to parameter of type 'EachMessagePayload'.\r\n  Type '{ topic: string; partition: number; message: { value: Buffer<ArrayBuffer>; key: any; timestamp: string; headers: {}; offset: string; }; }' is missing the following properties from type 'EachMessagePayload': heartbeat, pause\r\nsrc/modules/events/__tests__/kafka-consumer.service.spec.ts(327,56): error TS2339: Property 'EFFECTIVE' does not exist on type 'typeof ImplementationStatus'.\r\nsrc/modules/events/__tests__/kafka-consumer.service.spec.ts(351,38): error TS2345: Argument of type '{ topic: string; partition: number; message: { value: Buffer<ArrayBuffer>; key: any; timestamp: string; headers: {}; offset: string; }; }' is not assignable to parameter of type 'EachMessagePayload'.\r\n  Type '{ topic: string; partition: number; message: { value: Buffer<ArrayBuffer>; key: any; timestamp: string; headers: {}; offset: string; }; }' is missing the following properties from type 'EachMessagePayload': heartbeat, pause\r\nsrc/modules/events/__tests__/kafka-consumer.service.spec.ts(356,56): error TS2339: Property 'PARTIALLY_EFFECTIVE' does not exist on type 'typeof ImplementationStatus'.\r\nsrc/modules/events/__tests__/kafka-consumer.service.spec.ts(380,38): error TS2345: Argument of type '{ topic: string; partition: number; message: { value: Buffer<ArrayBuffer>; key: any; timestamp: string; headers: {}; offset: string; }; }' is not assignable to parameter of type 'EachMessagePayload'.\r\n  Type '{ topic: string; partition: number; message: { value: Buffer<ArrayBuffer>; key: any; timestamp: string; headers: {}; offset: string; }; }' is missing the following properties from type 'EachMessagePayload': heartbeat, pause\r\nsrc/modules/events/__tests__/kafka-consumer.service.spec.ts(388,56): error TS2339: Property 'NOT_EFFECTIVE' does not exist on type 'typeof ImplementationStatus'.\r\nsrc/modules/events/__tests__/kafka-consumer.service.spec.ts(415,38): error TS2345: Argument of type '{ topic: string; partition: number; message: { value: Buffer<ArrayBuffer>; key: any; timestamp: string; headers: {}; offset: string; }; }' is not assignable to parameter of type 'EachMessagePayload'.\r\n  Type '{ topic: string; partition: number; message: { value: Buffer<ArrayBuffer>; key: any; timestamp: string; headers: {}; offset: string; }; }' is missing the following properties from type 'EachMessagePayload': heartbeat, pause\r\nsrc/modules/events/__tests__/kafka-consumer.service.spec.ts(453,38): error TS2345: Argument of type '{ topic: string; partition: number; message: { value: Buffer<ArrayBuffer>; key: any; timestamp: string; headers: {}; offset: string; }; }' is not assignable to parameter of type 'EachMessagePayload'.\r\n  Type '{ topic: string; partition: number; message: { value: Buffer<ArrayBuffer>; key: any; timestamp: string; headers: {}; offset: string; }; }' is missing the following properties from type 'EachMessagePayload': heartbeat, pause\r\nsrc/modules/events/__tests__/kafka-consumer.service.spec.ts(490,38): error TS2345: Argument of type '{ topic: string; partition: number; message: { value: Buffer<ArrayBuffer>; key: any; timestamp: string; headers: {}; offset: string; }; }' is not assignable to parameter of type 'EachMessagePayload'.\r\n  Type '{ topic: string; partition: number; message: { value: Buffer<ArrayBuffer>; key: any; timestamp: string; headers: {}; offset: string; }; }' is missing the following properties from type 'EachMessagePayload': heartbeat, pause\r\nsrc/modules/events/__tests__/kafka-consumer.service.spec.ts(518,38): error TS2345: Argument of type '{ topic: string; partition: number; message: { value: Buffer<ArrayBuffer>; key: any; timestamp: string; headers: {}; offset: string; }; }' is not assignable to parameter of type 'EachMessagePayload'.\r\n  Type '{ topic: string; partition: number; message: { value: Buffer<ArrayBuffer>; key: any; timestamp: string; headers: {}; offset: string; }; }' is missing the following properties from type 'EachMessagePayload': heartbeat, pause\r\nsrc/modules/events/__tests__/kafka-consumer.service.spec.ts(549,38): error TS2345: Argument of type '{ topic: string; partition: number; message: { value: Buffer<ArrayBuffer>; key: any; timestamp: string; headers: {}; offset: string; }; }' is not assignable to parameter of type 'EachMessagePayload'.\r\n  Type '{ topic: string; partition: number; message: { value: Buffer<ArrayBuffer>; key: any; timestamp: string; headers: {}; offset: string; }; }' is missing the following properties from type 'EachMessagePayload': heartbeat, pause\r\nsrc/modules/events/__tests__/kafka-consumer.service.spec.ts(572,40): error TS2345: Argument of type '{ topic: string; partition: number; message: { value: Buffer<ArrayBuffer>; key: any; timestamp: string; headers: {}; offset: string; }; }' is not assignable to parameter of type 'EachMessagePayload'.\r\n  Type '{ topic: string; partition: number; message: { value: Buffer<ArrayBuffer>; key: any; timestamp: string; headers: {}; offset: string; }; }' is missing the following properties from type 'EachMessagePayload': heartbeat, pause\r\nsrc/modules/events/__tests__/kafka-consumer.service.spec.ts(601,36): error TS2304: Cannot find name 'createMockMessage'.\r\nsrc/modules/events/__tests__/kafka-consumer.service.spec.ts(617,36): error TS2304: Cannot find name 'createMockMessage'.\r\nsrc/modules/events/__tests__/kafka-consumer.service.spec.ts(644,36): error TS2304: Cannot find name 'createMockMessage'.\r\nsrc/modules/events/__tests__/kafka-consumer.service.spec.ts(675,38): error TS2304: Cannot find name 'createMockMessage'.\r\nsrc/modules/monitoring/monitoring.service.ts(130,9): error TS2739: Type '{ failedAttempts: number; attemptsByIp: any[]; window: string; }' is missing the following properties from type 'MonitoringMetadata': timestamp, service, environment\r\nsrc/modules/monitoring/monitoring.service.ts(161,9): error TS2739: Type '{ violations: number; window: string; }' is missing the following properties from type 'MonitoringMetadata': timestamp, service, environment\r\nsrc/modules/monitoring/monitoring.service.ts(188,9): error TS2739: Type '{ userId: string; userEmail: string; attempts: number; lastResource: AuditResourceType; }' is missing the following properties from type 'MonitoringMetadata': timestamp, service, environment\r\nsrc/modules/monitoring/monitoring.service.ts(226,9): error TS2739: Type '{ userId: any; userEmail: any; downloadCount: any; window: string; }' is missing the following properties from type 'MonitoringMetadata': timestamp, service, environment\r\nsrc/modules/monitoring/monitoring.service.ts(277,13): error TS2739: Type '{ apiKeyId: any; previousCount: any; recentCount: any; percentageChange: number; }' is missing the following properties from type 'MonitoringMetadata': timestamp, service, environment\r\nsrc/modules/opa/__tests__/opa.service.spec.ts(74,5): error TS2741: Property 'headers' is missing in type '{}' but required in type 'InternalAxiosRequestConfig<any>'.\r\nsrc/modules/opa/__tests__/opa.service.spec.ts(114,36): error TS2339: Property 'deployPolicy' does not exist on type 'OpaService'.\r\nsrc/modules/opa/__tests__/opa.service.spec.ts(141,28): error TS2339: Property 'deployPolicy' does not exist on type 'OpaService'.\r\nsrc/modules/opa/__tests__/opa.service.spec.ts(151,28): error TS2339: Property 'deployPolicy' does not exist on type 'OpaService'.\r\nsrc/modules/opa/__tests__/opa.service.spec.ts(223,36): error TS2339: Property 'removePolicy' does not exist on type 'OpaService'.\r\nsrc/modules/opa/__tests__/opa.service.spec.ts(246,28): error TS2339: Property 'removePolicy' does not exist on type 'OpaService'.\r\nsrc/modules/opa/__tests__/opa.service.spec.ts(261,36): error TS2339: Property 'listPolicies' does not exist on type 'OpaService'.\r\nsrc/modules/opa/__tests__/opa.service.spec.ts(279,36): error TS2339: Property 'listPolicies' does not exist on type 'OpaService'.\r\nsrc/modules/opa/__tests__/opa.service.spec.ts(332,36): error TS2339: Property 'evaluateBatch' does not exist on type 'OpaService'.\r\nsrc/modules/opa/__tests__/opa.service.spec.ts(352,36): error TS2339: Property 'evaluateBatch' does not exist on type 'OpaService'.\r\nsrc/modules/opa/__tests__/opa.service.spec.ts(368,36): error TS2551: Property 'validatePolicy' does not exist on type 'OpaService'. Did you mean 'evaluatePolicy'?\r\nsrc/modules/opa/__tests__/opa.service.spec.ts(391,36): error TS2551: Property 'validatePolicy' does not exist on type 'OpaService'. Did you mean 'evaluatePolicy'?\r\nsrc/modules/opa/__tests__/opa.service.spec.ts(430,36): error TS2339: Property 'updateData' does not exist on type 'OpaService'.\r\nsrc/modules/opa/__tests__/opa.service.spec.ts(445,36): error TS2339: Property 'checkHealth' does not exist on type 'OpaService'.\r\nsrc/modules/opa/__tests__/opa.service.spec.ts(461,36): error TS2339: Property 'checkHealth' does not exist on type 'OpaService'.\r\nsrc/modules/opa/__tests__/opa.service.spec.ts(475,36): error TS2551: Property 'compilePolicyToWasm' does not exist on type 'OpaService'. Did you mean 'compilePolicy'?\r\nsrc/modules/opa/__tests__/opa.service.spec.ts(496,36): error TS2339: Property 'getMetrics' does not exist on type 'OpaService'.\r\nsrc/modules/opa/__tests__/opa.service.spec.ts(518,36): error TS2339: Property 'getDecisionLogs' does not exist on type 'OpaService'.\r\nsrc/modules/policies/__tests__/policies.controller.spec.ts(105,7): error TS2322: Type 'Date' is not assignable to type 'string'.\r\nsrc/modules/policies/__tests__/policies.controller.spec.ts(225,9): error TS2322: Type 'Date' is not assignable to type 'string'.\r\nsrc/modules/policies/__tests__/policies.controller.spec.ts(226,9): error TS2322: Type 'Date' is not assignable to type 'string'.\r\nsrc/modules/policies/__tests__/policies.controller.spec.ts(620,43): error TS2339: Property 'id' does not exist on type '{ user: { id: string; email: string; roles: string[]; organizationId: string; }; }'.\r\nsrc/modules/policies/__tests__/policies.controller.spec.ts(646,13): error TS2322: Type '{ complianceMapping: { frameworks: string[]; controls: string[]; }; id: string; policyNumber: string; title: string; description: string; purpose: string; type: PolicyType; status: PolicyStatus; ... 22 more ...; updatedAt: Date; }' is not assignable to type 'CreatePolicyDto'.\r\n  Types of property 'effectiveDate' are incompatible.\r\n    Type 'Date' is not assignable to type 'string'.\r\nsrc/modules/policies/__tests__/policies.controller.spec.ts(665,13): error TS2322: Type '{ content: { sections: { title: string; content: string; }[]; }; id: string; policyNumber: string; title: string; description: string; purpose: string; type: PolicyType; status: PolicyStatus; ... 22 more ...; updatedAt: Date; }' is not assignable to type 'CreatePolicyDto'.\r\n  Types of property 'effectiveDate' are incompatible.\r\n    Type 'Date' is not assignable to type 'string'.\r\nsrc/modules/policies/__tests__/policies.integration.spec.ts(57,5): error TS2322: Type 'Date' is not assignable to type 'string'.\r\nsrc/modules/policies/__tests__/policies.integration.spec.ts(58,5): error TS2322: Type 'Date' is not assignable to type 'string'.\r\nsrc/modules/policies/__tests__/policies.integration.spec.ts(59,5): error TS2322: Type 'Date' is not assignable to type 'string'.\r\nsrc/modules/policies/__tests__/policies.integration.spec.ts(198,23): error TS2554: Expected 10 arguments, but got 2.\r\nsrc/modules/policies/__tests__/policies.integration.spec.ts(256,49): error TS2554: Expected 2 arguments, but got 1.\r\nsrc/modules/policies/__tests__/policies.integration.spec.ts(265,49): error TS2339: Property 'findExpiring' does not exist on type 'PoliciesController'.\r\nsrc/modules/policies/__tests__/policies.integration.spec.ts(274,49): error TS2339: Property 'findNeedsReview' does not exist on type 'PoliciesController'.\r\nsrc/modules/policies/__tests__/policies.integration.spec.ts(283,49): error TS2554: Expected 2 arguments, but got 1.\r\nsrc/modules/policies/__tests__/policies.integration.spec.ts(452,52): error TS2769: No overload matches this call.\r\n  Overload 1 of 3, '(entityLikeArray: DeepPartial<Policy>[]): Policy[]', gave the following error.\r\n    Argument of type '{ title: string; status: PolicyStatus; type: PolicyType; complianceScore: number; description?: string; priority: PolicyPriority; scope: PolicyScope; content: PolicyContentDto; ... 23 more ...; createdBy?: string; }' is not assignable to parameter of type 'DeepPartial<Policy>[]'.\r\n      Type '{ title: string; status: PolicyStatus; type: PolicyType; complianceScore: number; description?: string; priority: PolicyPriority; scope: PolicyScope; ... 24 more ...; createdBy?: string; }' is missing the following properties from type 'DeepPartial<Policy>[]': length, pop, push, concat, and 29 more.\r\n  Overload 2 of 3, '(entityLike: DeepPartial<Policy>): Policy', gave the following error.\r\n    Argument of type '{ title: string; status: PolicyStatus; type: PolicyType; complianceScore: number; description?: string; priority: PolicyPriority; scope: PolicyScope; content: PolicyContentDto; ... 23 more ...; createdBy?: string; }' is not assignable to parameter of type 'DeepPartial<Policy>'.\r\n      Type '{ title: string; status: PolicyStatus; type: PolicyType; complianceScore: number; description?: string; priority: PolicyPriority; scope: PolicyScope; content: PolicyContentDto; ... 23 more ...; createdBy?: string; }' is not assignable to type '{ id?: string; title?: string; policyNumber?: string; version?: string; description?: string; purpose?: string; type?: DeepPartial<PolicyType>; status?: DeepPartial<PolicyStatus>; ... 66 more ...; canBeEditedBy?: DeepPartial<...>; }'.\r\n        Types of property 'complianceMapping' are incompatible.\r\n          Type '{ frameworks?: string[]; controls?: string[]; mappingDetails?: Record<string, { implementation: string; strength: \"moderate\" | \"strong\" | \"weak\"; notes?: string; }>; }' is not assignable to type 'DeepPartial<{ frameworks?: string[]; controls?: string[]; mappingDetails?: FrameworkMappingDetails; requirements?: { id: string; framework: string; control: string; description: string; implemented: boolean; evidence?: string[]; gaps?: string[]; }[]; lastMappingUpdate?: Date; mappedBy?: string; }>'.\r\n            Type '{ frameworks?: string[]; controls?: string[]; mappingDetails?: Record<string, { implementation: string; strength: \"moderate\" | \"strong\" | \"weak\"; notes?: string; }>; }' is not assignable to type '{ frameworks?: DeepPartial<string[]>; controls?: DeepPartial<string[]>; mappingDetails?: DeepPartial<FrameworkMappingDetails>; requirements?: DeepPartial<...>; lastMappingUpdate?: DeepPartial<...>; mappedBy?: string; }'.\r\n              Types of property 'mappingDetails' are incompatible.\r\n                Type 'Record<string, { implementation: string; strength: \"moderate\" | \"strong\" | \"weak\"; notes?: string; }>' is not assignable to type 'DeepPartial<FrameworkMappingDetails>'.\r\nsrc/modules/policies/__tests__/policies.integration.spec.ts(536,29): error TS2339: Property 'status' does not exist on type 'FindOptionsWhere<Policy> | FindOptionsWhere<Policy>[]'.\r\n  Property 'status' does not exist on type 'FindOptionsWhere<Policy>[]'.\r\nsrc/modules/policies/__tests__/policies.integration.spec.ts(537,71): error TS2339: Property 'status' does not exist on type 'FindOptionsWhere<Policy> | FindOptionsWhere<Policy>[]'.\r\n  Property 'status' does not exist on type 'FindOptionsWhere<Policy>[]'.\r\nsrc/modules/policies/__tests__/policies.integration.spec.ts(539,29): error TS2339: Property 'type' does not exist on type 'FindOptionsWhere<Policy> | FindOptionsWhere<Policy>[]'.\r\n  Property 'type' does not exist on type 'FindOptionsWhere<Policy>[]'.\r\nsrc/modules/policies/__tests__/policies.integration.spec.ts(540,69): error TS2339: Property 'type' does not exist on type 'FindOptionsWhere<Policy> | FindOptionsWhere<Policy>[]'.\r\n  Property 'type' does not exist on type 'FindOptionsWhere<Policy>[]'.\r\nsrc/modules/policies/__tests__/policies.integration.spec.ts(583,52): error TS2769: No overload matches this call.\r\n  Overload 1 of 3, '(entityLikeArray: DeepPartial<Policy>[]): Policy[]', gave the following error.\r\n    Argument of type '{ title: string; expirationDate: Date; status: PolicyStatus; description?: string; type: PolicyType; priority: PolicyPriority; scope: PolicyScope; content: PolicyContentDto; ... 22 more ...; createdBy?: string; }' is not assignable to parameter of type 'DeepPartial<Policy>[]'.\r\n      Type '{ title: string; expirationDate: Date; status: PolicyStatus; description?: string; type: PolicyType; priority: PolicyPriority; scope: PolicyScope; ... 23 more ...; createdBy?: string; }' is missing the following properties from type 'DeepPartial<Policy>[]': length, pop, push, concat, and 29 more.\r\n  Overload 2 of 3, '(entityLike: DeepPartial<Policy>): Policy', gave the following error.\r\n    Argument of type '{ title: string; expirationDate: Date; status: PolicyStatus; description?: string; type: PolicyType; priority: PolicyPriority; scope: PolicyScope; content: PolicyContentDto; ... 22 more ...; createdBy?: string; }' is not assignable to parameter of type 'DeepPartial<Policy>'.\r\n      Type '{ title: string; expirationDate: Date; status: PolicyStatus; description?: string; type: PolicyType; priority: PolicyPriority; scope: PolicyScope; content: PolicyContentDto; ... 22 more ...; createdBy?: string; }' is not assignable to type '{ id?: string; title?: string; policyNumber?: string; version?: string; description?: string; purpose?: string; type?: DeepPartial<PolicyType>; status?: DeepPartial<PolicyStatus>; ... 66 more ...; canBeEditedBy?: DeepPartial<...>; }'.\r\n        Types of property 'complianceMapping' are incompatible.\r\n          Type '{ frameworks?: string[]; controls?: string[]; mappingDetails?: Record<string, { implementation: string; strength: \"moderate\" | \"strong\" | \"weak\"; notes?: string; }>; }' is not assignable to type 'DeepPartial<{ frameworks?: string[]; controls?: string[]; mappingDetails?: FrameworkMappingDetails; requirements?: { id: string; framework: string; control: string; description: string; implemented: boolean; evidence?: string[]; gaps?: string[]; }[]; lastMappingUpdate?: Date; mappedBy?: string; }>'.\r\n            Type '{ frameworks?: string[]; controls?: string[]; mappingDetails?: Record<string, { implementation: string; strength: \"moderate\" | \"strong\" | \"weak\"; notes?: string; }>; }' is not assignable to type '{ frameworks?: DeepPartial<string[]>; controls?: DeepPartial<string[]>; mappingDetails?: DeepPartial<FrameworkMappingDetails>; requirements?: DeepPartial<...>; lastMappingUpdate?: DeepPartial<...>; mappedBy?: string; }'.\r\n              Types of property 'mappingDetails' are incompatible.\r\n                Type 'Record<string, { implementation: string; strength: \"moderate\" | \"strong\" | \"weak\"; notes?: string; }>' is not assignable to type 'DeepPartial<FrameworkMappingDetails>'.\r\nsrc/modules/policies/__tests__/policies.integration.spec.ts(629,52): error TS2769: No overload matches this call.\r\n  Overload 1 of 3, '(entityLikeArray: DeepPartial<Policy>[]): Policy[]', gave the following error.\r\n    Argument of type '{ title: string; nextReviewDate: Date; status: PolicyStatus; description?: string; type: PolicyType; priority: PolicyPriority; scope: PolicyScope; content: PolicyContentDto; ... 22 more ...; createdBy?: string; }' is not assignable to parameter of type 'DeepPartial<Policy>[]'.\r\n      Type '{ title: string; nextReviewDate: Date; status: PolicyStatus; description?: string; type: PolicyType; priority: PolicyPriority; scope: PolicyScope; ... 23 more ...; createdBy?: string; }' is missing the following properties from type 'DeepPartial<Policy>[]': length, pop, push, concat, and 29 more.\r\n  Overload 2 of 3, '(entityLike: DeepPartial<Policy>): Policy', gave the following error.\r\n    Argument of type '{ title: string; nextReviewDate: Date; status: PolicyStatus; description?: string; type: PolicyType; priority: PolicyPriority; scope: PolicyScope; content: PolicyContentDto; ... 22 more ...; createdBy?: string; }' is not assignable to parameter of type 'DeepPartial<Policy>'.\r\n      Type '{ title: string; nextReviewDate: Date; status: PolicyStatus; description?: string; type: PolicyType; priority: PolicyPriority; scope: PolicyScope; content: PolicyContentDto; ... 22 more ...; createdBy?: string; }' is not assignable to type '{ id?: string; title?: string; policyNumber?: string; version?: string; description?: string; purpose?: string; type?: DeepPartial<PolicyType>; status?: DeepPartial<PolicyStatus>; ... 66 more ...; canBeEditedBy?: DeepPartial<...>; }'.\r\n        Types of property 'complianceMapping' are incompatible.\r\n          Type '{ frameworks?: string[]; controls?: string[]; mappingDetails?: Record<string, { implementation: string; strength: \"moderate\" | \"strong\" | \"weak\"; notes?: string; }>; }' is not assignable to type 'DeepPartial<{ frameworks?: string[]; controls?: string[]; mappingDetails?: FrameworkMappingDetails; requirements?: { id: string; framework: string; control: string; description: string; implemented: boolean; evidence?: string[]; gaps?: string[]; }[]; lastMappingUpdate?: Date; mappedBy?: string; }>'.\r\n            Type '{ frameworks?: string[]; controls?: string[]; mappingDetails?: Record<string, { implementation: string; strength: \"moderate\" | \"strong\" | \"weak\"; notes?: string; }>; }' is not assignable to type '{ frameworks?: DeepPartial<string[]>; controls?: DeepPartial<string[]>; mappingDetails?: DeepPartial<FrameworkMappingDetails>; requirements?: DeepPartial<...>; lastMappingUpdate?: DeepPartial<...>; mappedBy?: string; }'.\r\n              Types of property 'mappingDetails' are incompatible.\r\n                Type 'Record<string, { implementation: string; strength: \"moderate\" | \"strong\" | \"weak\"; notes?: string; }>' is not assignable to type 'DeepPartial<FrameworkMappingDetails>'.\r\nsrc/modules/policies/__tests__/policies.integration.spec.ts(649,50): error TS2769: No overload matches this call.\r\n  Overload 1 of 3, '(entityLikeArray: DeepPartial<Policy>[]): Policy[]', gave the following error.\r\n    Argument of type 'CreatePolicyDto' is not assignable to parameter of type 'DeepPartial<Policy>[]'.\r\n      Type 'CreatePolicyDto' is missing the following properties from type 'DeepPartial<Policy>[]': length, pop, push, concat, and 29 more.\r\n  Overload 2 of 3, '(entityLike: DeepPartial<Policy>): Policy', gave the following error.\r\n    Argument of type 'CreatePolicyDto' is not assignable to parameter of type 'DeepPartial<Policy>'.\r\n      Type 'CreatePolicyDto' is not assignable to type '{ id?: string; title?: string; policyNumber?: string; version?: string; description?: string; purpose?: string; type?: DeepPartial<PolicyType>; status?: DeepPartial<PolicyStatus>; ... 66 more ...; canBeEditedBy?: DeepPartial<...>; }'.\r\n        Types of property 'complianceMapping' are incompatible.\r\n          Type '{ frameworks?: string[]; controls?: string[]; mappingDetails?: Record<string, { implementation: string; strength: \"moderate\" | \"strong\" | \"weak\"; notes?: string; }>; }' is not assignable to type 'DeepPartial<{ frameworks?: string[]; controls?: string[]; mappingDetails?: FrameworkMappingDetails; requirements?: { id: string; framework: string; control: string; description: string; implemented: boolean; evidence?: string[]; gaps?: string[]; }[]; lastMappingUpdate?: Date; mappedBy?: string; }>'.\r\n            Type '{ frameworks?: string[]; controls?: string[]; mappingDetails?: Record<string, { implementation: string; strength: \"moderate\" | \"strong\" | \"weak\"; notes?: string; }>; }' is not assignable to type '{ frameworks?: DeepPartial<string[]>; controls?: DeepPartial<string[]>; mappingDetails?: DeepPartial<FrameworkMappingDetails>; requirements?: DeepPartial<...>; lastMappingUpdate?: DeepPartial<...>; mappedBy?: string; }'.\r\n              Types of property 'mappingDetails' are incompatible.\r\n                Type 'Record<string, { implementation: string; strength: \"moderate\" | \"strong\" | \"weak\"; notes?: string; }>' is not assignable to type 'DeepPartial<FrameworkMappingDetails>'.\r\nsrc/modules/policies/__tests__/policies.integration.spec.ts(651,24): error TS2339: Property 'id' does not exist on type 'Policy[]'.\r\nsrc/modules/policies/__tests__/policies.integration.spec.ts(666,56): error TS2345: Argument of type '(policy: DeepPartial<Policy>) => Promise<{ viewCount: number; id: string; title: string; policyNumber: string; version: string; description?: string; purpose: string; type: PolicyType; ... 55 more ...; controls?: Control[]; } | { ...; }>' is not assignable to parameter of type '(entity: DeepPartial<Policy>, options?: SaveOptions) => Promise<DeepPartial<Policy> & Policy>'.\r\n  Type 'Promise<{ viewCount: number; id: string; title: string; policyNumber: string; version: string; description?: string; purpose: string; type: PolicyType; status: PolicyStatus; ... 54 more ...; controls?: Control[]; } | { ...; }>' is not assignable to type 'Promise<DeepPartial<Policy> & Policy>'.\r\n    Type '{ viewCount: number; id: string; title: string; policyNumber: string; version: string; description?: string; purpose: string; type: PolicyType; status: PolicyStatus; ... 54 more ...; controls?: Control[]; } | { ...; }' is not assignable to type 'DeepPartial<Policy> & Policy'.\r\n      Type '{ viewCount: number; id: string; title: string; policyNumber: string; version: string; description?: string; purpose: string; type: PolicyType; status: PolicyStatus; priority: PolicyPriority; ... 53 more ...; controls?: Control[]; }' is not assignable to type 'DeepPartial<Policy> & Policy'.\r\n        Type '{ viewCount: number; id: string; title: string; policyNumber: string; version: string; description?: string; purpose: string; type: PolicyType; status: PolicyStatus; priority: PolicyPriority; ... 53 more ...; controls?: Control[]; }' is not assignable to type '{ id?: string; title?: string; policyNumber?: string; version?: string; description?: string; purpose?: string; type?: DeepPartial<PolicyType>; status?: DeepPartial<PolicyStatus>; ... 66 more ...; canBeEditedBy?: DeepPartial<...>; } & Policy'.\r\n          Type '{ viewCount: number; id: string; title: string; policyNumber: string; version: string; description?: string; purpose: string; type: PolicyType; status: PolicyStatus; ... 54 more ...; controls?: Control[]; }' is missing the following properties from type 'Policy': isActive, isExpiringSoon, needsReview, completionPercentage, and 7 more.\r\nsrc/modules/policies/__tests__/policies.integration.spec.ts(668,36): error TS2345: Argument of type '{ viewCount: number; id: string; title: string; policyNumber: string; version: string; description?: string; purpose: string; type: PolicyType; status: PolicyStatus; ... 54 more ...; controls?: Control[]; } | { ...; }' is not assignable to parameter of type 'Policy'.\r\n  Type '{ viewCount: number; id: string; title: string; policyNumber: string; version: string; description?: string; purpose: string; type: PolicyType; status: PolicyStatus; ... 54 more ...; controls?: Control[]; }' is missing the following properties from type 'Policy': isActive, isExpiringSoon, needsReview, completionPercentage, and 7 more.\r\nsrc/modules/policies/__tests__/policies.integration.spec.ts(689,50): error TS2769: No overload matches this call.\r\n  Overload 1 of 3, '(entityLikeArray: DeepPartial<Policy>[]): Policy[]', gave the following error.\r\n    Argument of type 'CreatePolicyDto' is not assignable to parameter of type 'DeepPartial<Policy>[]'.\r\n      Type 'CreatePolicyDto' is missing the following properties from type 'DeepPartial<Policy>[]': length, pop, push, concat, and 29 more.\r\n  Overload 2 of 3, '(entityLike: DeepPartial<Policy>): Policy', gave the following error.\r\n    Argument of type 'CreatePolicyDto' is not assignable to parameter of type 'DeepPartial<Policy>'.\r\n      Type 'CreatePolicyDto' is not assignable to type '{ id?: string; title?: string; policyNumber?: string; version?: string; description?: string; purpose?: string; type?: DeepPartial<PolicyType>; status?: DeepPartial<PolicyStatus>; ... 66 more ...; canBeEditedBy?: DeepPartial<...>; }'.\r\n        Types of property 'complianceMapping' are incompatible.\r\n          Type '{ frameworks?: string[]; controls?: string[]; mappingDetails?: Record<string, { implementation: string; strength: \"moderate\" | \"strong\" | \"weak\"; notes?: string; }>; }' is not assignable to type 'DeepPartial<{ frameworks?: string[]; controls?: string[]; mappingDetails?: FrameworkMappingDetails; requirements?: { id: string; framework: string; control: string; description: string; implemented: boolean; evidence?: string[]; gaps?: string[]; }[]; lastMappingUpdate?: Date; mappedBy?: string; }>'.\r\n            Type '{ frameworks?: string[]; controls?: string[]; mappingDetails?: Record<string, { implementation: string; strength: \"moderate\" | \"strong\" | \"weak\"; notes?: string; }>; }' is not assignable to type '{ frameworks?: DeepPartial<string[]>; controls?: DeepPartial<string[]>; mappingDetails?: DeepPartial<FrameworkMappingDetails>; requirements?: DeepPartial<...>; lastMappingUpdate?: DeepPartial<...>; mappedBy?: string; }'.\r\n              Types of property 'mappingDetails' are incompatible.\r\n                Type 'Record<string, { implementation: string; strength: \"moderate\" | \"strong\" | \"weak\"; notes?: string; }>' is not assignable to type 'DeepPartial<FrameworkMappingDetails>'.\r\nsrc/modules/policies/__tests__/policies.integration.spec.ts(691,28): error TS2339: Property 'policyNumber' does not exist on type 'Policy[]'.\r\nsrc/modules/policies/__tests__/policies.integration.spec.ts(708,50): error TS2769: No overload matches this call.\r\n  Overload 1 of 3, '(entityLikeArray: DeepPartial<Policy>[]): Policy[]', gave the following error.\r\n    Argument of type 'CreatePolicyDto' is not assignable to parameter of type 'DeepPartial<Policy>[]'.\r\n      Type 'CreatePolicyDto' is missing the following properties from type 'DeepPartial<Policy>[]': length, pop, push, concat, and 29 more.\r\n  Overload 2 of 3, '(entityLike: DeepPartial<Policy>): Policy', gave the following error.\r\n    Argument of type 'CreatePolicyDto' is not assignable to parameter of type 'DeepPartial<Policy>'.\r\n      Type 'CreatePolicyDto' is not assignable to type '{ id?: string; title?: string; policyNumber?: string; version?: string; description?: string; purpose?: string; type?: DeepPartial<PolicyType>; status?: DeepPartial<PolicyStatus>; ... 66 more ...; canBeEditedBy?: DeepPartial<...>; }'.\r\n        Types of property 'complianceMapping' are incompatible.\r\n          Type '{ frameworks?: string[]; controls?: string[]; mappingDetails?: Record<string, { implementation: string; strength: \"moderate\" | \"strong\" | \"weak\"; notes?: string; }>; }' is not assignable to type 'DeepPartial<{ frameworks?: string[]; controls?: string[]; mappingDetails?: FrameworkMappingDetails; requirements?: { id: string; framework: string; control: string; description: string; implemented: boolean; evidence?: string[]; gaps?: string[]; }[]; lastMappingUpdate?: Date; mappedBy?: string; }>'.\r\n            Type '{ frameworks?: string[]; controls?: string[]; mappingDetails?: Record<string, { implementation: string; strength: \"moderate\" | \"strong\" | \"weak\"; notes?: string; }>; }' is not assignable to type '{ frameworks?: DeepPartial<string[]>; controls?: DeepPartial<string[]>; mappingDetails?: DeepPartial<FrameworkMappingDetails>; requirements?: DeepPartial<...>; lastMappingUpdate?: DeepPartial<...>; mappedBy?: string; }'.\r\n              Types of property 'mappingDetails' are incompatible.\r\n                Type 'Record<string, { implementation: string; strength: \"moderate\" | \"strong\" | \"weak\"; notes?: string; }>' is not assignable to type 'DeepPartial<FrameworkMappingDetails>'.\r\nsrc/modules/policies/__tests__/policies.integration.spec.ts(710,24): error TS2339: Property 'id' does not exist on type 'Policy[]'.\r\nsrc/modules/policies/__tests__/policies.integration.spec.ts(721,56): error TS2345: Argument of type '(policy: DeepPartial<Policy>) => Promise<{ changeHistory: DeepPartial<{ version: string; changedBy: string; changedAt: Date; changes: { summary: string; details?: AuditLogDetails; sections?: string[]; }; approved?: boolean; approvedBy?: string; }>[]; ... 62 more ...; controls?: Control[]; } | { ...; }>' is not assignable to parameter of type '(entity: DeepPartial<Policy>, options?: SaveOptions) => Promise<DeepPartial<Policy> & Policy>'.\r\n  Type 'Promise<{ changeHistory: DeepPartial<{ version: string; changedBy: string; changedAt: Date; changes: { summary: string; details?: AuditLogDetails; sections?: string[]; }; approved?: boolean; approvedBy?: string; }>[]; ... 62 more ...; controls?: Control[]; } | { ...; }>' is not assignable to type 'Promise<DeepPartial<Policy> & Policy>'.\r\n    Type '{ changeHistory: DeepPartial<{ version: string; changedBy: string; changedAt: Date; changes: { summary: string; details?: AuditLogDetails; sections?: string[]; }; approved?: boolean; approvedBy?: string; }>[]; ... 62 more ...; controls?: Control[]; } | { ...; }' is not assignable to type 'DeepPartial<Policy> & Policy'.\r\n      Type '{ changeHistory: DeepPartial<{ version: string; changedBy: string; changedAt: Date; changes: { summary: string; details?: AuditLogDetails; sections?: string[]; }; approved?: boolean; approvedBy?: string; }>[]; ... 62 more ...; controls?: Control[]; }' is not assignable to type 'DeepPartial<Policy> & Policy'.\r\n        Type '{ changeHistory: DeepPartial<{ version: string; changedBy: string; changedAt: Date; changes: { summary: string; details?: AuditLogDetails; sections?: string[]; }; approved?: boolean; approvedBy?: string; }>[]; ... 62 more ...; controls?: Control[]; }' is not assignable to type '{ id?: string; title?: string; policyNumber?: string; version?: string; description?: string; purpose?: string; type?: DeepPartial<PolicyType>; status?: DeepPartial<PolicyStatus>; ... 66 more ...; canBeEditedBy?: DeepPartial<...>; } & Policy'.\r\n          Type '{ changeHistory: DeepPartial<{ version: string; changedBy: string; changedAt: Date; changes: { summary: string; details?: AuditLogDetails; sections?: string[]; }; approved?: boolean; approvedBy?: string; }>[]; ... 62 more ...; controls?: Control[]; }' is missing the following properties from type 'Policy': isActive, isExpiringSoon, needsReview, completionPercentage, and 7 more.\r\nsrc/modules/policies/__tests__/policies.integration.spec.ts(735,36): error TS2345: Argument of type '{ changeHistory: DeepPartial<{ version: string; changedBy: string; changedAt: Date; changes: { summary: string; details?: AuditLogDetails; sections?: string[]; }; approved?: boolean; approvedBy?: string; }>[]; ... 62 more ...; controls?: Control[]; } | { ...; }' is not assignable to parameter of type 'Policy'.\r\n  Type '{ changeHistory: DeepPartial<{ version: string; changedBy: string; changedAt: Date; changes: { summary: string; details?: AuditLogDetails; sections?: string[]; }; approved?: boolean; approvedBy?: string; }>[]; ... 62 more ...; controls?: Control[]; }' is missing the following properties from type 'Policy': isActive, isExpiringSoon, needsReview, completionPercentage, and 7 more.\r\nsrc/modules/policies/__tests__/policies.integration.spec.ts(757,56): error TS2345: Argument of type '(policy: DeepPartial<Policy>) => Promise<{ title: string; changeHistory: DeepPartial<{ version: string; changedBy: string; changedAt: Date; changes: { summary: string; details?: AuditLogDetails; sections?: string[]; }; approved?: boolean; approvedBy?: string; }>[]; ... 61 more ...; controls?: Control[]; } | { ...; }>' is not assignable to parameter of type '(entity: DeepPartial<Policy>, options?: SaveOptions) => Promise<DeepPartial<Policy> & Policy>'.\r\n  Type 'Promise<{ title: string; changeHistory: DeepPartial<{ version: string; changedBy: string; changedAt: Date; changes: { summary: string; details?: AuditLogDetails; sections?: string[]; }; approved?: boolean; approvedBy?: string; }>[]; ... 61 more ...; controls?: Control[]; } | { ...; }>' is not assignable to type 'Promise<DeepPartial<Policy> & Policy>'.\r\n    Type '{ title: string; changeHistory: DeepPartial<{ version: string; changedBy: string; changedAt: Date; changes: { summary: string; details?: AuditLogDetails; sections?: string[]; }; approved?: boolean; approvedBy?: string; }>[]; ... 61 more ...; controls?: Control[]; } | { ...; }' is not assignable to type 'DeepPartial<Policy> & Policy'.\r\n      Type '{ title: string; changeHistory: DeepPartial<{ version: string; changedBy: string; changedAt: Date; changes: { summary: string; details?: AuditLogDetails; sections?: string[]; }; approved?: boolean; approvedBy?: string; }>[]; ... 61 more ...; controls?: Control[]; }' is not assignable to type 'DeepPartial<Policy> & Policy'.\r\n        Type '{ title: string; changeHistory: DeepPartial<{ version: string; changedBy: string; changedAt: Date; changes: { summary: string; details?: AuditLogDetails; sections?: string[]; }; approved?: boolean; approvedBy?: string; }>[]; ... 61 more ...; controls?: Control[]; }' is not assignable to type '{ id?: string; title?: string; policyNumber?: string; version?: string; description?: string; purpose?: string; type?: DeepPartial<PolicyType>; status?: DeepPartial<PolicyStatus>; ... 66 more ...; canBeEditedBy?: DeepPartial<...>; } & Policy'.\r\n          Type '{ title: string; changeHistory: DeepPartial<{ version: string; changedBy: string; changedAt: Date; changes: { summary: string; details?: AuditLogDetails; sections?: string[]; }; approved?: boolean; approvedBy?: string; }>[]; ... 61 more ...; controls?: Control[]; }' is missing the following properties from type 'Policy': isActive, isExpiringSoon, needsReview, completionPercentage, and 7 more.\r\nsrc/modules/policies/__tests__/policies.integration.spec.ts(772,36): error TS2345: Argument of type '{ title: string; changeHistory: DeepPartial<{ version: string; changedBy: string; changedAt: Date; changes: { summary: string; details?: AuditLogDetails; sections?: string[]; }; approved?: boolean; approvedBy?: string; }>[]; ... 61 more ...; controls?: Control[]; } | { ...; }' is not assignable to parameter of type 'Policy'.\r\n  Type '{ title: string; changeHistory: DeepPartial<{ version: string; changedBy: string; changedAt: Date; changes: { summary: string; details?: AuditLogDetails; sections?: string[]; }; approved?: boolean; approvedBy?: string; }>[]; ... 61 more ...; controls?: Control[]; }' is missing the following properties from type 'Policy': isActive, isExpiringSoon, needsReview, completionPercentage, and 7 more.\r\nsrc/modules/policies/__tests__/policies.integration.spec.ts(797,43): error TS2769: No overload matches this call.\r\n  Overload 1 of 3, '(entityLikeArray: DeepPartial<Policy>[]): Policy[]', gave the following error.\r\n    Object literal may only specify known properties, and 'status' does not exist in type 'DeepPartial<Policy>[]'.\r\n  Overload 2 of 3, '(entityLike: DeepPartial<Policy>): Policy', gave the following error.\r\n    Argument of type '{ status: PolicyStatus.UNDER_REVIEW; title: string; description?: string; type: PolicyType; priority: PolicyPriority; scope: PolicyScope; content: PolicyContentDto; ... 23 more ...; createdBy?: string; }' is not assignable to parameter of type 'DeepPartial<Policy>'.\r\n      Type '{ status: PolicyStatus.UNDER_REVIEW; title: string; description?: string; type: PolicyType; priority: PolicyPriority; scope: PolicyScope; content: PolicyContentDto; ... 23 more ...; createdBy?: string; }' is not assignable to type '{ id?: string; title?: string; policyNumber?: string; version?: string; description?: string; purpose?: string; type?: DeepPartial<PolicyType>; status?: DeepPartial<PolicyStatus>; ... 66 more ...; canBeEditedBy?: DeepPartial<...>; }'.\r\n        Types of property 'complianceMapping' are incompatible.\r\n          Type '{ frameworks?: string[]; controls?: string[]; mappingDetails?: Record<string, { implementation: string; strength: \"moderate\" | \"strong\" | \"weak\"; notes?: string; }>; }' is not assignable to type 'DeepPartial<{ frameworks?: string[]; controls?: string[]; mappingDetails?: FrameworkMappingDetails; requirements?: { id: string; framework: string; control: string; description: string; implemented: boolean; evidence?: string[]; gaps?: string[]; }[]; lastMappingUpdate?: Date; mappedBy?: string; }>'.\r\n            Type '{ frameworks?: string[]; controls?: string[]; mappingDetails?: Record<string, { implementation: string; strength: \"moderate\" | \"strong\" | \"weak\"; notes?: string; }>; }' is not assignable to type '{ frameworks?: DeepPartial<string[]>; controls?: DeepPartial<string[]>; mappingDetails?: DeepPartial<FrameworkMappingDetails>; requirements?: DeepPartial<...>; lastMappingUpdate?: DeepPartial<...>; mappedBy?: string; }'.\r\n              Types of property 'mappingDetails' are incompatible.\r\n                Type 'Record<string, { implementation: string; strength: \"moderate\" | \"strong\" | \"weak\"; notes?: string; }>' is not assignable to type 'DeepPartial<FrameworkMappingDetails>'.\r\nsrc/modules/policies/__tests__/policies.integration.spec.ts(802,24): error TS2339: Property 'id' does not exist on type 'Policy[]'.\r\nsrc/modules/policies/__tests__/policies.integration.spec.ts(807,56): error TS2345: Argument of type '(policy: DeepPartial<Policy>) => Promise<{ status: PolicyStatus; approvalDate: Date; approvedBy: string; id: string; title: string; policyNumber: string; ... 58 more ...; controls?: Control[]; } | { ...; }>' is not assignable to parameter of type '(entity: DeepPartial<Policy>, options?: SaveOptions) => Promise<DeepPartial<Policy> & Policy>'.\r\n  Type 'Promise<{ status: PolicyStatus; approvalDate: Date; approvedBy: string; id: string; title: string; policyNumber: string; version: string; description?: string; purpose: string; ... 55 more ...; controls?: Control[]; } | { ...; }>' is not assignable to type 'Promise<DeepPartial<Policy> & Policy>'.\r\n    Type '{ status: PolicyStatus; approvalDate: Date; approvedBy: string; id: string; title: string; policyNumber: string; version: string; description?: string; purpose: string; ... 55 more ...; controls?: Control[]; } | { ...; }' is not assignable to type 'DeepPartial<Policy> & Policy'.\r\n      Type '{ status: PolicyStatus; approvalDate: Date; approvedBy: string; id: string; title: string; policyNumber: string; version: string; description?: string; purpose: string; ... 55 more ...; controls?: Control[]; }' is not assignable to type 'DeepPartial<Policy> & Policy'.\r\n        Type '{ status: PolicyStatus; approvalDate: Date; approvedBy: string; id: string; title: string; policyNumber: string; version: string; description?: string; purpose: string; ... 55 more ...; controls?: Control[]; }' is not assignable to type '{ id?: string; title?: string; policyNumber?: string; version?: string; description?: string; purpose?: string; type?: DeepPartial<PolicyType>; status?: DeepPartial<PolicyStatus>; ... 66 more ...; canBeEditedBy?: DeepPartial<...>; } & Policy'.\r\n          Type '{ status: PolicyStatus; approvalDate: Date; approvedBy: string; id: string; title: string; policyNumber: string; version: string; description?: string; purpose: string; type: PolicyType; ... 54 more ...; controls?: Control[]; }' is missing the following properties from type 'Policy': isActive, isExpiringSoon, needsReview, completionPercentage, and 7 more.\r\nsrc/modules/policies/__tests__/policies.integration.spec.ts(814,36): error TS2345: Argument of type '{ status: PolicyStatus; approvalDate: Date; approvedBy: string; id: string; title: string; policyNumber: string; version: string; description?: string; purpose: string; ... 55 more ...; controls?: Control[]; } | { ...; }' is not assignable to parameter of type 'Policy'.\r\n  Type '{ status: PolicyStatus; approvalDate: Date; approvedBy: string; id: string; title: string; policyNumber: string; version: string; description?: string; purpose: string; type: PolicyType; ... 54 more ...; controls?: Control[]; }' is missing the following properties from type 'Policy': isActive, isExpiringSoon, needsReview, completionPercentage, and 7 more.\r\nsrc/modules/policies/__tests__/policies.integration.spec.ts(829,48): error TS2769: No overload matches this call.\r\n  Overload 1 of 3, '(entityLikeArray: DeepPartial<Policy>[]): Policy[]', gave the following error.\r\n    Object literal may only specify known properties, and 'status' does not exist in type 'DeepPartial<Policy>[]'.\r\n  Overload 2 of 3, '(entityLike: DeepPartial<Policy>): Policy', gave the following error.\r\n    Argument of type '{ status: PolicyStatus.DRAFT; title: string; description?: string; type: PolicyType; priority: PolicyPriority; scope: PolicyScope; content: PolicyContentDto; ... 23 more ...; createdBy?: string; }' is not assignable to parameter of type 'DeepPartial<Policy>'.\r\n      Type '{ status: PolicyStatus.DRAFT; title: string; description?: string; type: PolicyType; priority: PolicyPriority; scope: PolicyScope; content: PolicyContentDto; ... 23 more ...; createdBy?: string; }' is not assignable to type '{ id?: string; title?: string; policyNumber?: string; version?: string; description?: string; purpose?: string; type?: DeepPartial<PolicyType>; status?: DeepPartial<PolicyStatus>; ... 66 more ...; canBeEditedBy?: DeepPartial<...>; }'.\r\n        Types of property 'complianceMapping' are incompatible.\r\n          Type '{ frameworks?: string[]; controls?: string[]; mappingDetails?: Record<string, { implementation: string; strength: \"moderate\" | \"strong\" | \"weak\"; notes?: string; }>; }' is not assignable to type 'DeepPartial<{ frameworks?: string[]; controls?: string[]; mappingDetails?: FrameworkMappingDetails; requirements?: { id: string; framework: string; control: string; description: string; implemented: boolean; evidence?: string[]; gaps?: string[]; }[]; lastMappingUpdate?: Date; mappedBy?: string; }>'.\r\n            Type '{ frameworks?: string[]; controls?: string[]; mappingDetails?: Record<string, { implementation: string; strength: \"moderate\" | \"strong\" | \"weak\"; notes?: string; }>; }' is not assignable to type '{ frameworks?: DeepPartial<string[]>; controls?: DeepPartial<string[]>; mappingDetails?: DeepPartial<FrameworkMappingDetails>; requirements?: DeepPartial<...>; lastMappingUpdate?: DeepPartial<...>; mappedBy?: string; }'.\r\n              Types of property 'mappingDetails' are incompatible.\r\n                Type 'Record<string, { implementation: string; strength: \"moderate\" | \"strong\" | \"weak\"; notes?: string; }>' is not assignable to type 'DeepPartial<FrameworkMappingDetails>'.\r\nsrc/modules/policies/__tests__/policies.integration.spec.ts(836,34): error TS2339: Property 'id' does not exist on type 'Policy[]'.\r\nsrc/modules/policies/__tests__/policies.integration.spec.ts(847,43): error TS2769: No overload matches this call.\r\n  Overload 1 of 3, '(entityLikeArray: DeepPartial<Policy>[]): Policy[]', gave the following error.\r\n    Object literal may only specify known properties, and 'status' does not exist in type 'DeepPartial<Policy>[]'.\r\n  Overload 2 of 3, '(entityLike: DeepPartial<Policy>): Policy', gave the following error.\r\n    Argument of type '{ status: PolicyStatus.APPROVED; approvalDate: Date; title: string; description?: string; type: PolicyType; priority: PolicyPriority; scope: PolicyScope; content: PolicyContentDto; ... 23 more ...; createdBy?: string; }' is not assignable to parameter of type 'DeepPartial<Policy>'.\r\n      Type '{ status: PolicyStatus.APPROVED; approvalDate: Date; title: string; description?: string; type: PolicyType; priority: PolicyPriority; scope: PolicyScope; content: PolicyContentDto; ... 23 more ...; createdBy?: string; }' is not assignable to type '{ id?: string; title?: string; policyNumber?: string; version?: string; description?: string; purpose?: string; type?: DeepPartial<PolicyType>; status?: DeepPartial<PolicyStatus>; ... 66 more ...; canBeEditedBy?: DeepPartial<...>; }'.\r\n        Types of property 'complianceMapping' are incompatible.\r\n          Type '{ frameworks?: string[]; controls?: string[]; mappingDetails?: Record<string, { implementation: string; strength: \"moderate\" | \"strong\" | \"weak\"; notes?: string; }>; }' is not assignable to type 'DeepPartial<{ frameworks?: string[]; controls?: string[]; mappingDetails?: FrameworkMappingDetails; requirements?: { id: string; framework: string; control: string; description: string; implemented: boolean; evidence?: string[]; gaps?: string[]; }[]; lastMappingUpdate?: Date; mappedBy?: string; }>'.\r\n            Type '{ frameworks?: string[]; controls?: string[]; mappingDetails?: Record<string, { implementation: string; strength: \"moderate\" | \"strong\" | \"weak\"; notes?: string; }>; }' is not assignable to type '{ frameworks?: DeepPartial<string[]>; controls?: DeepPartial<string[]>; mappingDetails?: DeepPartial<FrameworkMappingDetails>; requirements?: DeepPartial<...>; lastMappingUpdate?: DeepPartial<...>; mappedBy?: string; }'.\r\n              Types of property 'mappingDetails' are incompatible.\r\n                Type 'Record<string, { implementation: string; strength: \"moderate\" | \"strong\" | \"weak\"; notes?: string; }>' is not assignable to type 'DeepPartial<FrameworkMappingDetails>'.\r\nsrc/modules/policies/__tests__/policies.integration.spec.ts(853,24): error TS2339: Property 'id' does not exist on type 'Policy[]'.\r\nsrc/modules/policies/__tests__/policies.integration.spec.ts(858,56): error TS2345: Argument of type '(policy: DeepPartial<Policy>) => Promise<{ status: PolicyStatus; publishedDate: Date; publishedBy: string; id: string; title: string; policyNumber: string; ... 58 more ...; controls?: Control[]; } | { ...; }>' is not assignable to parameter of type '(entity: DeepPartial<Policy>, options?: SaveOptions) => Promise<DeepPartial<Policy> & Policy>'.\r\n  Type 'Promise<{ status: PolicyStatus; publishedDate: Date; publishedBy: string; id: string; title: string; policyNumber: string; version: string; description?: string; purpose: string; ... 55 more ...; controls?: Control[]; } | { ...; }>' is not assignable to type 'Promise<DeepPartial<Policy> & Policy>'.\r\n    Type '{ status: PolicyStatus; publishedDate: Date; publishedBy: string; id: string; title: string; policyNumber: string; version: string; description?: string; purpose: string; ... 55 more ...; controls?: Control[]; } | { ...; }' is not assignable to type 'DeepPartial<Policy> & Policy'.\r\n      Type '{ status: PolicyStatus; publishedDate: Date; publishedBy: string; id: string; title: string; policyNumber: string; version: string; description?: string; purpose: string; ... 55 more ...; controls?: Control[]; }' is not assignable to type 'DeepPartial<Policy> & Policy'.\r\n        Type '{ status: PolicyStatus; publishedDate: Date; publishedBy: string; id: string; title: string; policyNumber: string; version: string; description?: string; purpose: string; ... 55 more ...; controls?: Control[]; }' is not assignable to type '{ id?: string; title?: string; policyNumber?: string; version?: string; description?: string; purpose?: string; type?: DeepPartial<PolicyType>; status?: DeepPartial<PolicyStatus>; ... 66 more ...; canBeEditedBy?: DeepPartial<...>; } & Policy'.\r\n          Type '{ status: PolicyStatus; publishedDate: Date; publishedBy: string; id: string; title: string; policyNumber: string; version: string; description?: string; purpose: string; ... 55 more ...; controls?: Control[]; }' is missing the following properties from type 'Policy': isActive, isExpiringSoon, needsReview, completionPercentage, and 7 more.\r\nsrc/modules/policies/__tests__/policies.integration.spec.ts(865,36): error TS2345: Argument of type '{ status: PolicyStatus; publishedDate: Date; publishedBy: string; id: string; title: string; policyNumber: string; version: string; description?: string; purpose: string; ... 55 more ...; controls?: Control[]; } | { ...; }' is not assignable to parameter of type 'Policy'.\r\n  Type '{ status: PolicyStatus; publishedDate: Date; publishedBy: string; id: string; title: string; policyNumber: string; version: string; description?: string; purpose: string; ... 55 more ...; controls?: Control[]; }' is missing the following properties from type 'Policy': isActive, isExpiringSoon, needsReview, completionPercentage, and 7 more.\r\nsrc/modules/policies/__tests__/policies.integration.spec.ts(887,56): error TS2345: Argument of type '(policy: DeepPartial<Policy>) => Promise<{ status: PolicyStatus; publishedDate: Date; publishedBy: string; id: string; title: string; policyNumber: string; ... 58 more ...; controls?: Control[]; } | { ...; }>' is not assignable to parameter of type '(entity: DeepPartial<Policy>, options?: SaveOptions) => Promise<DeepPartial<Policy> & Policy>'.\r\n  Type 'Promise<{ status: PolicyStatus; publishedDate: Date; publishedBy: string; id: string; title: string; policyNumber: string; version: string; description?: string; purpose: string; ... 55 more ...; controls?: Control[]; } | { ...; }>' is not assignable to type 'Promise<DeepPartial<Policy> & Policy>'.\r\n    Type '{ status: PolicyStatus; publishedDate: Date; publishedBy: string; id: string; title: string; policyNumber: string; version: string; description?: string; purpose: string; ... 55 more ...; controls?: Control[]; } | { ...; }' is not assignable to type 'DeepPartial<Policy> & Policy'.\r\n      Type '{ status: PolicyStatus; publishedDate: Date; publishedBy: string; id: string; title: string; policyNumber: string; version: string; description?: string; purpose: string; ... 55 more ...; controls?: Control[]; }' is not assignable to type 'DeepPartial<Policy> & Policy'.\r\n        Type '{ status: PolicyStatus; publishedDate: Date; publishedBy: string; id: string; title: string; policyNumber: string; version: string; description?: string; purpose: string; ... 55 more ...; controls?: Control[]; }' is not assignable to type '{ id?: string; title?: string; policyNumber?: string; version?: string; description?: string; purpose?: string; type?: DeepPartial<PolicyType>; status?: DeepPartial<PolicyStatus>; ... 66 more ...; canBeEditedBy?: DeepPartial<...>; } & Policy'.\r\n          Type '{ status: PolicyStatus; publishedDate: Date; publishedBy: string; id: string; title: string; policyNumber: string; version: string; description?: string; purpose: string; ... 55 more ...; controls?: Control[]; }' is missing the following properties from type 'Policy': isActive, isExpiringSoon, needsReview, completionPercentage, and 7 more.\r\nsrc/modules/policies/__tests__/policies.integration.spec.ts(894,36): error TS2345: Argument of type '{ status: PolicyStatus; publishedDate: Date; publishedBy: string; id: string; title: string; policyNumber: string; version: string; description?: string; purpose: string; ... 55 more ...; controls?: Control[]; } | { ...; }' is not assignable to parameter of type 'Policy'.\r\n  Type '{ status: PolicyStatus; publishedDate: Date; publishedBy: string; id: string; title: string; policyNumber: string; version: string; description?: string; purpose: string; ... 55 more ...; controls?: Control[]; }' is missing the following properties from type 'Policy': isActive, isExpiringSoon, needsReview, completionPercentage, and 7 more.\r\nsrc/modules/policies/__tests__/policies.integration.spec.ts(912,43): error TS2769: No overload matches this call.\r\n  Overload 1 of 3, '(entityLikeArray: DeepPartial<Policy>[]): Policy[]', gave the following error.\r\n    Object literal may only specify known properties, and 'status' does not exist in type 'DeepPartial<Policy>[]'.\r\n  Overload 2 of 3, '(entityLike: DeepPartial<Policy>): Policy', gave the following error.\r\n    Argument of type '{ status: PolicyStatus.EFFECTIVE; title: string; description?: string; type: PolicyType; priority: PolicyPriority; scope: PolicyScope; content: PolicyContentDto; ... 23 more ...; createdBy?: string; }' is not assignable to parameter of type 'DeepPartial<Policy>'.\r\n      Type '{ status: PolicyStatus.EFFECTIVE; title: string; description?: string; type: PolicyType; priority: PolicyPriority; scope: PolicyScope; content: PolicyContentDto; ... 23 more ...; createdBy?: string; }' is not assignable to type '{ id?: string; title?: string; policyNumber?: string; version?: string; description?: string; purpose?: string; type?: DeepPartial<PolicyType>; status?: DeepPartial<PolicyStatus>; ... 66 more ...; canBeEditedBy?: DeepPartial<...>; }'.\r\n        Types of property 'complianceMapping' are incompatible.\r\n          Type '{ frameworks?: string[]; controls?: string[]; mappingDetails?: Record<string, { implementation: string; strength: \"moderate\" | \"strong\" | \"weak\"; notes?: string; }>; }' is not assignable to type 'DeepPartial<{ frameworks?: string[]; controls?: string[]; mappingDetails?: FrameworkMappingDetails; requirements?: { id: string; framework: string; control: string; description: string; implemented: boolean; evidence?: string[]; gaps?: string[]; }[]; lastMappingUpdate?: Date; mappedBy?: string; }>'.\r\n            Type '{ frameworks?: string[]; controls?: string[]; mappingDetails?: Record<string, { implementation: string; strength: \"moderate\" | \"strong\" | \"weak\"; notes?: string; }>; }' is not assignable to type '{ frameworks?: DeepPartial<string[]>; controls?: DeepPartial<string[]>; mappingDetails?: DeepPartial<FrameworkMappingDetails>; requirements?: DeepPartial<...>; lastMappingUpdate?: DeepPartial<...>; mappedBy?: string; }'.\r\n              Types of property 'mappingDetails' are incompatible.\r\n                Type 'Record<string, { implementation: string; strength: \"moderate\" | \"strong\" | \"weak\"; notes?: string; }>' is not assignable to type 'DeepPartial<FrameworkMappingDetails>'.\r\nsrc/modules/policies/__tests__/policies.integration.spec.ts(917,24): error TS2339: Property 'id' does not exist on type 'Policy[]'.\r\nsrc/modules/policies/__tests__/policies.integration.spec.ts(929,56): error TS2345: Argument of type '(policy: DeepPartial<Policy>) => Promise<{ exceptions: ({ id?: string; description?: string; justification?: string; approvedBy?: string; approvalDate?: DeepPartial<Date>; expirationDate?: DeepPartial<...>; conditions?: DeepPartial<...>; } | { ...; })[]; ... 62 more ...; controls?: Control[]; } | { ...; }>' is not assignable to parameter of type '(entity: DeepPartial<Policy>, options?: SaveOptions) => Promise<DeepPartial<Policy> & Policy>'.\r\n  Type 'Promise<{ exceptions: ({ id?: string; description?: string; justification?: string; approvedBy?: string; approvalDate?: DeepPartial<Date>; expirationDate?: DeepPartial<Date>; conditions?: DeepPartial<...>; } | { ...; })[]; ... 62 more ...; controls?: Control[]; } | { ...; }>' is not assignable to type 'Promise<DeepPartial<Policy> & Policy>'.\r\n    Type '{ exceptions: ({ id?: string; description?: string; justification?: string; approvedBy?: string; approvalDate?: DeepPartial<Date>; expirationDate?: DeepPartial<Date>; conditions?: DeepPartial<...>; } | { ...; })[]; ... 62 more ...; controls?: Control[]; } | { ...; }' is not assignable to type 'DeepPartial<Policy> & Policy'.\r\n      Type '{ exceptions: ({ id?: string; description?: string; justification?: string; approvedBy?: string; approvalDate?: DeepPartial<Date>; expirationDate?: DeepPartial<Date>; conditions?: DeepPartial<...>; } | { ...; })[]; ... 62 more ...; controls?: Control[]; }' is not assignable to type 'DeepPartial<Policy> & Policy'.\r\n        Type '{ exceptions: ({ id?: string; description?: string; justification?: string; approvedBy?: string; approvalDate?: DeepPartial<Date>; expirationDate?: DeepPartial<Date>; conditions?: DeepPartial<...>; } | { ...; })[]; ... 62 more ...; controls?: Control[]; }' is not assignable to type '{ id?: string; title?: string; policyNumber?: string; version?: string; description?: string; purpose?: string; type?: DeepPartial<PolicyType>; status?: DeepPartial<PolicyStatus>; ... 66 more ...; canBeEditedBy?: DeepPartial<...>; } & Policy'.\r\n          Type '{ exceptions: ({ id?: string; description?: string; justification?: string; approvedBy?: string; approvalDate?: DeepPartial<Date>; expirationDate?: DeepPartial<Date>; conditions?: DeepPartial<...>; } | { ...; })[]; ... 62 more ...; controls?: Control[]; }' is missing the following properties from type 'Policy': isActive, isExpiringSoon, needsReview, completionPercentage, and 7 more.\r\nsrc/modules/policies/__tests__/policies.integration.spec.ts(941,36): error TS2345: Argument of type '{ exceptions: ({ id?: string; description?: string; justification?: string; approvedBy?: string; approvalDate?: DeepPartial<Date>; expirationDate?: DeepPartial<Date>; conditions?: DeepPartial<...>; } | { ...; })[]; ... 62 more ...; controls?: Control[]; } | { ...; }' is not assignable to parameter of type 'Policy'.\r\n  Type '{ exceptions: ({ id?: string; description?: string; justification?: string; approvedBy?: string; approvalDate?: DeepPartial<Date>; expirationDate?: DeepPartial<Date>; conditions?: DeepPartial<...>; } | { ...; })[]; ... 62 more ...; controls?: Control[]; }' is missing the following properties from type 'Policy': isActive, isExpiringSoon, needsReview, completionPercentage, and 7 more.\r\nsrc/modules/policies/__tests__/policies.integration.spec.ts(963,50): error TS2769: No overload matches this call.\r\n  Overload 1 of 3, '(entityLikeArray: DeepPartial<Policy>[]): Policy[]', gave the following error.\r\n    Argument of type 'CreatePolicyDto' is not assignable to parameter of type 'DeepPartial<Policy>[]'.\r\n      Type 'CreatePolicyDto' is missing the following properties from type 'DeepPartial<Policy>[]': length, pop, push, concat, and 29 more.\r\n  Overload 2 of 3, '(entityLike: DeepPartial<Policy>): Policy', gave the following error.\r\n    Argument of type 'CreatePolicyDto' is not assignable to parameter of type 'DeepPartial<Policy>'.\r\n      Type 'CreatePolicyDto' is not assignable to type '{ id?: string; title?: string; policyNumber?: string; version?: string; description?: string; purpose?: string; type?: DeepPartial<PolicyType>; status?: DeepPartial<PolicyStatus>; ... 66 more ...; canBeEditedBy?: DeepPartial<...>; }'.\r\n        Types of property 'complianceMapping' are incompatible.\r\n          Type '{ frameworks?: string[]; controls?: string[]; mappingDetails?: Record<string, { implementation: string; strength: \"moderate\" | \"strong\" | \"weak\"; notes?: string; }>; }' is not assignable to type 'DeepPartial<{ frameworks?: string[]; controls?: string[]; mappingDetails?: FrameworkMappingDetails; requirements?: { id: string; framework: string; control: string; description: string; implemented: boolean; evidence?: string[]; gaps?: string[]; }[]; lastMappingUpdate?: Date; mappedBy?: string; }>'.\r\n            Type '{ frameworks?: string[]; controls?: string[]; mappingDetails?: Record<string, { implementation: string; strength: \"moderate\" | \"strong\" | \"weak\"; notes?: string; }>; }' is not assignable to type '{ frameworks?: DeepPartial<string[]>; controls?: DeepPartial<string[]>; mappingDetails?: DeepPartial<FrameworkMappingDetails>; requirements?: DeepPartial<...>; lastMappingUpdate?: DeepPartial<...>; mappedBy?: string; }'.\r\n              Types of property 'mappingDetails' are incompatible.\r\n                Type 'Record<string, { implementation: string; strength: \"moderate\" | \"strong\" | \"weak\"; notes?: string; }>' is not assignable to type 'DeepPartial<FrameworkMappingDetails>'.\r\nsrc/modules/policies/__tests__/policies.integration.spec.ts(965,24): error TS2339: Property 'id' does not exist on type 'Policy[]'.\r\nsrc/modules/policies/__tests__/policies.integration.spec.ts(970,56): error TS2345: Argument of type '(policy: DeepPartial<Policy>) => Promise<{ status: PolicyStatus; archivedAt: Date; archivedBy: string; id: string; title: string; policyNumber: string; ... 58 more ...; controls?: Control[]; } | { ...; }>' is not assignable to parameter of type '(entity: DeepPartial<Policy>, options?: SaveOptions) => Promise<DeepPartial<Policy> & Policy>'.\r\n  Type 'Promise<{ status: PolicyStatus; archivedAt: Date; archivedBy: string; id: string; title: string; policyNumber: string; version: string; description?: string; purpose: string; ... 55 more ...; controls?: Control[]; } | { ...; }>' is not assignable to type 'Promise<DeepPartial<Policy> & Policy>'.\r\n    Type '{ status: PolicyStatus; archivedAt: Date; archivedBy: string; id: string; title: string; policyNumber: string; version: string; description?: string; purpose: string; type: PolicyType; ... 54 more ...; controls?: Control[]; } | { ...; }' is not assignable to type 'DeepPartial<Policy> & Policy'.\r\n      Type '{ status: PolicyStatus; archivedAt: Date; archivedBy: string; id: string; title: string; policyNumber: string; version: string; description?: string; purpose: string; ... 55 more ...; controls?: Control[]; }' is not assignable to type 'DeepPartial<Policy> & Policy'.\r\n        Type '{ status: PolicyStatus; archivedAt: Date; archivedBy: string; id: string; title: string; policyNumber: string; version: string; description?: string; purpose: string; ... 55 more ...; controls?: Control[]; }' is not assignable to type '{ id?: string; title?: string; policyNumber?: string; version?: string; description?: string; purpose?: string; type?: DeepPartial<PolicyType>; status?: DeepPartial<PolicyStatus>; ... 66 more ...; canBeEditedBy?: DeepPartial<...>; } & Policy'.\r\n          Type '{ status: PolicyStatus; archivedAt: Date; archivedBy: string; id: string; title: string; policyNumber: string; version: string; description?: string; purpose: string; type: PolicyType; ... 54 more ...; controls?: Control[]; }' is missing the following properties from type 'Policy': isActive, isExpiringSoon, needsReview, completionPercentage, and 7 more.\r\nsrc/modules/policies/__tests__/policies.integration.spec.ts(977,36): error TS2345: Argument of type '{ status: PolicyStatus; archivedAt: Date; archivedBy: string; id: string; title: string; policyNumber: string; version: string; description?: string; purpose: string; type: PolicyType; ... 54 more ...; controls?: Control[]; } | { ...; }' is not assignable to parameter of type 'Policy'.\r\n  Type '{ status: PolicyStatus; archivedAt: Date; archivedBy: string; id: string; title: string; policyNumber: string; version: string; description?: string; purpose: string; type: PolicyType; ... 54 more ...; controls?: Control[]; }' is missing the following properties from type 'Policy': isActive, isExpiringSoon, needsReview, completionPercentage, and 7 more.\r\nsrc/modules/policies/__tests__/policies.security.spec.ts(286,13): error TS2739: Type '{ title: string; type: PolicyType.SECURITY; content: { sections: undefined[]; }; }' is missing the following properties from type 'CreatePolicyDto': priority, scope, effectiveDate, ownerName\r\nsrc/modules/policies/__tests__/policies.security.spec.ts(326,21): error TS2339: Property 'canBeViewedBy' does not exist on type 'Policy'.\r\nsrc/modules/policies/__tests__/policies.security.spec.ts(326,49): error TS2339: Property 'roles' does not exist on type '{ id: string; email: string; organizationId: string; }'.\r\nsrc/modules/policies/__tests__/policies.security.spec.ts(341,24): error TS2554: Expected 2 arguments, but got 1.\r\nsrc/modules/policies/__tests__/policies.security.spec.ts(542,9): error TS2322: Type '{ __proto__: { isAdmin: true; }; }' is not assignable to type '{ __proto__: { isAdmin: boolean; }; constructor?: undefined; prototype?: undefined; } | { constructor: { prototype: { isAdmin: boolean; }; }; __proto__?: undefined; prototype?: undefined; } | { prototype: { ...; }; __proto__?: undefined; constructor?: undefined; }'.\r\n  Type '{ __proto__: { isAdmin: true; }; }' is not assignable to type '{ __proto__: { isAdmin: boolean; }; constructor?: undefined; prototype?: undefined; }'.\r\n    Types of property 'constructor' are incompatible.\r\n      Type 'Function' is not assignable to type 'undefined'.\r\nsrc/modules/policies/__tests__/policies.security.spec.ts(544,9): error TS2322: Type '{ prototype: { isAdmin: true; }; }' is not assignable to type '{ __proto__: { isAdmin: boolean; }; constructor?: undefined; prototype?: undefined; } | { constructor: { prototype: { isAdmin: boolean; }; }; __proto__?: undefined; prototype?: undefined; } | { prototype: { ...; }; __proto__?: undefined; constructor?: undefined; }'.\r\n  Type '{ prototype: { isAdmin: true; }; }' is not assignable to type '{ prototype: { isAdmin: boolean; }; __proto__?: undefined; constructor?: undefined; }'.\r\n    Types of property 'constructor' are incompatible.\r\n      Type 'Function' is not assignable to type 'undefined'.\r\nsrc/modules/policies/__tests__/policies.security.spec.ts(630,39): error TS2554: Expected 3 arguments, but got 2.\r\nsrc/modules/policies/__tests__/policies.service.integration.spec.ts(200,23): error TS2554: Expected 10 arguments, but got 6.\r\nsrc/modules/policies/__tests__/policies.service.integration.spec.ts(224,51): error TS2345: Argument of type '{ organizationId: string; createdBy: string; title: string; description: string; type: PolicyType; priority: PolicyPriority; scope: PolicyScope; ... 7 more ...; keywords: string[]; }' is not assignable to parameter of type 'CreatePolicyDto'.\r\n  Property 'ownerName' is missing in type '{ organizationId: string; createdBy: string; title: string; description: string; type: PolicyType; priority: PolicyPriority; scope: PolicyScope; ... 7 more ...; keywords: string[]; }' but required in type 'CreatePolicyDto'.\r\nsrc/modules/policies/__tests__/policies.service.integration.spec.ts(260,52): error TS2345: Argument of type '{ organizationId: string; createdBy: string; title: string; description: string; type: PolicyType; priority: PolicyPriority; scope: PolicyScope; ... 7 more ...; keywords: string[]; }' is not assignable to parameter of type 'CreatePolicyDto'.\r\n  Property 'ownerName' is missing in type '{ organizationId: string; createdBy: string; title: string; description: string; type: PolicyType; priority: PolicyPriority; scope: PolicyScope; ... 7 more ...; keywords: string[]; }' but required in type 'CreatePolicyDto'.\r\nsrc/modules/policies/__tests__/policies.service.integration.spec.ts(269,52): error TS2345: Argument of type '{ title: string; organizationId: string; createdBy: string; description: string; type: PolicyType; priority: PolicyPriority; scope: PolicyScope; ... 7 more ...; keywords: string[]; }' is not assignable to parameter of type 'CreatePolicyDto'.\r\n  Property 'ownerName' is missing in type '{ title: string; organizationId: string; createdBy: string; description: string; type: PolicyType; priority: PolicyPriority; scope: PolicyScope; ... 7 more ...; keywords: string[]; }' but required in type 'CreatePolicyDto'.\r\nsrc/modules/policies/__tests__/policies.service.integration.spec.ts(354,29): error TS2339: Property 'status' does not exist on type 'FindOptionsWhere<Policy> | FindOptionsWhere<Policy>[]'.\r\n  Property 'status' does not exist on type 'FindOptionsWhere<Policy>[]'.\r\nsrc/modules/policies/__tests__/policies.service.integration.spec.ts(355,71): error TS2339: Property 'status' does not exist on type 'FindOptionsWhere<Policy> | FindOptionsWhere<Policy>[]'.\r\n  Property 'status' does not exist on type 'FindOptionsWhere<Policy>[]'.\r\nsrc/modules/policies/__tests__/policies.service.integration.spec.ts(357,29): error TS2339: Property 'type' does not exist on type 'FindOptionsWhere<Policy> | FindOptionsWhere<Policy>[]'.\r\n  Property 'type' does not exist on type 'FindOptionsWhere<Policy>[]'.\r\nsrc/modules/policies/__tests__/policies.service.integration.spec.ts(358,69): error TS2339: Property 'type' does not exist on type 'FindOptionsWhere<Policy> | FindOptionsWhere<Policy>[]'.\r\n  Property 'type' does not exist on type 'FindOptionsWhere<Policy>[]'.\r\nsrc/modules/policies/__tests__/policies.service.integration.spec.ts(403,44): error TS2339: Property 'findExpiring' does not exist on type 'PoliciesService'.\r\nsrc/modules/policies/__tests__/policies.service.integration.spec.ts(410,44): error TS2339: Property 'findExpiring' does not exist on type 'PoliciesService'.\r\nsrc/modules/policies/__tests__/policies.service.integration.spec.ts(445,44): error TS2339: Property 'findNeedsReview' does not exist on type 'PoliciesService'.\r\nsrc/modules/policies/__tests__/policies.service.integration.spec.ts(473,56): error TS2345: Argument of type '(policy: DeepPartial<Policy>) => Promise<{ viewCount: number; id: string; title: string; policyNumber: string; version: string; description?: string; purpose: string; type: PolicyType; ... 55 more ...; controls?: Control[]; } | { ...; }>' is not assignable to parameter of type '(entity: DeepPartial<Policy>, options?: SaveOptions) => Promise<DeepPartial<Policy> & Policy>'.\r\n  Type 'Promise<{ viewCount: number; id: string; title: string; policyNumber: string; version: string; description?: string; purpose: string; type: PolicyType; status: PolicyStatus; ... 54 more ...; controls?: Control[]; } | { ...; }>' is not assignable to type 'Promise<DeepPartial<Policy> & Policy>'.\r\n    Type '{ viewCount: number; id: string; title: string; policyNumber: string; version: string; description?: string; purpose: string; type: PolicyType; status: PolicyStatus; ... 54 more ...; controls?: Control[]; } | { ...; }' is not assignable to type 'DeepPartial<Policy> & Policy'.\r\n      Type '{ viewCount: number; id: string; title: string; policyNumber: string; version: string; description?: string; purpose: string; type: PolicyType; status: PolicyStatus; priority: PolicyPriority; ... 53 more ...; controls?: Control[]; }' is not assignable to type 'DeepPartial<Policy> & Policy'.\r\n        Type '{ viewCount: number; id: string; title: string; policyNumber: string; version: string; description?: string; purpose: string; type: PolicyType; status: PolicyStatus; priority: PolicyPriority; ... 53 more ...; controls?: Control[]; }' is not assignable to type '{ id?: string; title?: string; policyNumber?: string; version?: string; description?: string; purpose?: string; type?: DeepPartial<PolicyType>; status?: DeepPartial<PolicyStatus>; ... 66 more ...; canBeEditedBy?: DeepPartial<...>; } & Policy'.\r\n          Type '{ viewCount: number; id: string; title: string; policyNumber: string; version: string; description?: string; purpose: string; type: PolicyType; status: PolicyStatus; ... 54 more ...; controls?: Control[]; }' is missing the following properties from type 'Policy': isActive, isExpiringSoon, needsReview, completionPercentage, and 7 more.\r\nsrc/modules/policies/__tests__/policies.service.integration.spec.ts(475,36): error TS2345: Argument of type '{ viewCount: number; id: string; title: string; policyNumber: string; version: string; description?: string; purpose: string; type: PolicyType; status: PolicyStatus; ... 54 more ...; controls?: Control[]; } | { ...; }' is not assignable to parameter of type 'Policy'.\r\n  Type '{ viewCount: number; id: string; title: string; policyNumber: string; version: string; description?: string; purpose: string; type: PolicyType; status: PolicyStatus; ... 54 more ...; controls?: Control[]; }' is missing the following properties from type 'Policy': isActive, isExpiringSoon, needsReview, completionPercentage, and 7 more.\r\nsrc/modules/policies/__tests__/policies.service.integration.spec.ts(540,56): error TS2345: Argument of type '(policy: DeepPartial<Policy>) => Promise<{ changeHistory: DeepPartial<{ version: string; changedBy: string; changedAt: Date; changes: { summary: string; details?: AuditLogDetails; sections?: string[]; }; approved?: boolean; approvedBy?: string; }>[]; ... 62 more ...; controls?: Control[]; } | { ...; }>' is not assignable to parameter of type '(entity: DeepPartial<Policy>, options?: SaveOptions) => Promise<DeepPartial<Policy> & Policy>'.\r\n  Type 'Promise<{ changeHistory: DeepPartial<{ version: string; changedBy: string; changedAt: Date; changes: { summary: string; details?: AuditLogDetails; sections?: string[]; }; approved?: boolean; approvedBy?: string; }>[]; ... 62 more ...; controls?: Control[]; } | { ...; }>' is not assignable to type 'Promise<DeepPartial<Policy> & Policy>'.\r\n    Type '{ changeHistory: DeepPartial<{ version: string; changedBy: string; changedAt: Date; changes: { summary: string; details?: AuditLogDetails; sections?: string[]; }; approved?: boolean; approvedBy?: string; }>[]; ... 62 more ...; controls?: Control[]; } | { ...; }' is not assignable to type 'DeepPartial<Policy> & Policy'.\r\n      Type '{ changeHistory: DeepPartial<{ version: string; changedBy: string; changedAt: Date; changes: { summary: string; details?: AuditLogDetails; sections?: string[]; }; approved?: boolean; approvedBy?: string; }>[]; ... 62 more ...; controls?: Control[]; }' is not assignable to type 'DeepPartial<Policy> & Policy'.\r\n        Type '{ changeHistory: DeepPartial<{ version: string; changedBy: string; changedAt: Date; changes: { summary: string; details?: AuditLogDetails; sections?: string[]; }; approved?: boolean; approvedBy?: string; }>[]; ... 62 more ...; controls?: Control[]; }' is not assignable to type '{ id?: string; title?: string; policyNumber?: string; version?: string; description?: string; purpose?: string; type?: DeepPartial<PolicyType>; status?: DeepPartial<PolicyStatus>; ... 66 more ...; canBeEditedBy?: DeepPartial<...>; } & Policy'.\r\n          Type '{ changeHistory: DeepPartial<{ version: string; changedBy: string; changedAt: Date; changes: { summary: string; details?: AuditLogDetails; sections?: string[]; }; approved?: boolean; approvedBy?: string; }>[]; ... 62 more ...; controls?: Control[]; }' is missing the following properties from type 'Policy': isActive, isExpiringSoon, needsReview, completionPercentage, and 7 more.\r\nsrc/modules/policies/__tests__/policies.service.integration.spec.ts(554,36): error TS2345: Argument of type '{ changeHistory: DeepPartial<{ version: string; changedBy: string; changedAt: Date; changes: { summary: string; details?: AuditLogDetails; sections?: string[]; }; approved?: boolean; approvedBy?: string; }>[]; ... 62 more ...; controls?: Control[]; } | { ...; }' is not assignable to parameter of type 'Policy'.\r\n  Type '{ changeHistory: DeepPartial<{ version: string; changedBy: string; changedAt: Date; changes: { summary: string; details?: AuditLogDetails; sections?: string[]; }; approved?: boolean; approvedBy?: string; }>[]; ... 62 more ...; controls?: Control[]; }' is missing the following properties from type 'Policy': isActive, isExpiringSoon, needsReview, completionPercentage, and 7 more.\r\nsrc/modules/policies/__tests__/policies.service.integration.spec.ts(558,44): error TS2554: Expected 3 arguments, but got 2.\r\nsrc/modules/policies/__tests__/policies.service.integration.spec.ts(582,56): error TS2345: Argument of type '(policy: DeepPartial<Policy>) => Promise<{ title: string; changeHistory: DeepPartial<{ version: string; changedBy: string; changedAt: Date; changes: { summary: string; details?: AuditLogDetails; sections?: string[]; }; approved?: boolean; approvedBy?: string; }>[]; ... 61 more ...; controls?: Control[]; } | { ...; }>' is not assignable to parameter of type '(entity: DeepPartial<Policy>, options?: SaveOptions) => Promise<DeepPartial<Policy> & Policy>'.\r\n  Type 'Promise<{ title: string; changeHistory: DeepPartial<{ version: string; changedBy: string; changedAt: Date; changes: { summary: string; details?: AuditLogDetails; sections?: string[]; }; approved?: boolean; approvedBy?: string; }>[]; ... 61 more ...; controls?: Control[]; } | { ...; }>' is not assignable to type 'Promise<DeepPartial<Policy> & Policy>'.\r\n    Type '{ title: string; changeHistory: DeepPartial<{ version: string; changedBy: string; changedAt: Date; changes: { summary: string; details?: AuditLogDetails; sections?: string[]; }; approved?: boolean; approvedBy?: string; }>[]; ... 61 more ...; controls?: Control[]; } | { ...; }' is not assignable to type 'DeepPartial<Policy> & Policy'.\r\n      Type '{ title: string; changeHistory: DeepPartial<{ version: string; changedBy: string; changedAt: Date; changes: { summary: string; details?: AuditLogDetails; sections?: string[]; }; approved?: boolean; approvedBy?: string; }>[]; ... 61 more ...; controls?: Control[]; }' is not assignable to type 'DeepPartial<Policy> & Policy'.\r\n        Type '{ title: string; changeHistory: DeepPartial<{ version: string; changedBy: string; changedAt: Date; changes: { summary: string; details?: AuditLogDetails; sections?: string[]; }; approved?: boolean; approvedBy?: string; }>[]; ... 61 more ...; controls?: Control[]; }' is not assignable to type '{ id?: string; title?: string; policyNumber?: string; version?: string; description?: string; purpose?: string; type?: DeepPartial<PolicyType>; status?: DeepPartial<PolicyStatus>; ... 66 more ...; canBeEditedBy?: DeepPartial<...>; } & Policy'.\r\n          Type '{ title: string; changeHistory: DeepPartial<{ version: string; changedBy: string; changedAt: Date; changes: { summary: string; details?: AuditLogDetails; sections?: string[]; }; approved?: boolean; approvedBy?: string; }>[]; ... 61 more ...; controls?: Control[]; }' is missing the following properties from type 'Policy': isActive, isExpiringSoon, needsReview, completionPercentage, and 7 more.\r\nsrc/modules/policies/__tests__/policies.service.integration.spec.ts(597,36): error TS2345: Argument of type '{ title: string; changeHistory: DeepPartial<{ version: string; changedBy: string; changedAt: Date; changes: { summary: string; details?: AuditLogDetails; sections?: string[]; }; approved?: boolean; approvedBy?: string; }>[]; ... 61 more ...; controls?: Control[]; } | { ...; }' is not assignable to parameter of type 'Policy'.\r\n  Type '{ title: string; changeHistory: DeepPartial<{ version: string; changedBy: string; changedAt: Date; changes: { summary: string; details?: AuditLogDetails; sections?: string[]; }; approved?: boolean; approvedBy?: string; }>[]; ... 61 more ...; controls?: Control[]; }' is missing the following properties from type 'Policy': isActive, isExpiringSoon, needsReview, completionPercentage, and 7 more.\r\nsrc/modules/policies/__tests__/policies.service.integration.spec.ts(601,29): error TS2554: Expected 3 arguments, but got 2.\r\nsrc/modules/policies/__tests__/policies.service.integration.spec.ts(628,56): error TS2345: Argument of type '(policy: DeepPartial<Policy>) => Promise<{ status: PolicyStatus; approvalDate: Date; approvedBy: string; id: string; title: string; policyNumber: string; ... 58 more ...; controls?: Control[]; } | { ...; }>' is not assignable to parameter of type '(entity: DeepPartial<Policy>, options?: SaveOptions) => Promise<DeepPartial<Policy> & Policy>'.\r\n  Type 'Promise<{ status: PolicyStatus; approvalDate: Date; approvedBy: string; id: string; title: string; policyNumber: string; version: string; description?: string; purpose: string; ... 55 more ...; controls?: Control[]; } | { ...; }>' is not assignable to type 'Promise<DeepPartial<Policy> & Policy>'.\r\n    Type '{ status: PolicyStatus; approvalDate: Date; approvedBy: string; id: string; title: string; policyNumber: string; version: string; description?: string; purpose: string; ... 55 more ...; controls?: Control[]; } | { ...; }' is not assignable to type 'DeepPartial<Policy> & Policy'.\r\n      Type '{ status: PolicyStatus; approvalDate: Date; approvedBy: string; id: string; title: string; policyNumber: string; version: string; description?: string; purpose: string; ... 55 more ...; controls?: Control[]; }' is not assignable to type 'DeepPartial<Policy> & Policy'.\r\n        Type '{ status: PolicyStatus; approvalDate: Date; approvedBy: string; id: string; title: string; policyNumber: string; version: string; description?: string; purpose: string; ... 55 more ...; controls?: Control[]; }' is not assignable to type '{ id?: string; title?: string; policyNumber?: string; version?: string; description?: string; purpose?: string; type?: DeepPartial<PolicyType>; status?: DeepPartial<PolicyStatus>; ... 66 more ...; canBeEditedBy?: DeepPartial<...>; } & Policy'.\r\n          Type '{ status: PolicyStatus; approvalDate: Date; approvedBy: string; id: string; title: string; policyNumber: string; version: string; description?: string; purpose: string; type: PolicyType; ... 54 more ...; controls?: Control[]; }' is missing the following properties from type 'Policy': isActive, isExpiringSoon, needsReview, completionPercentage, and 7 more.\r\nsrc/modules/policies/__tests__/policies.service.integration.spec.ts(635,36): error TS2345: Argument of type '{ status: PolicyStatus; approvalDate: Date; approvedBy: string; id: string; title: string; policyNumber: string; version: string; description?: string; purpose: string; ... 55 more ...; controls?: Control[]; } | { ...; }' is not assignable to parameter of type 'Policy'.\r\n  Type '{ status: PolicyStatus; approvalDate: Date; approvedBy: string; id: string; title: string; policyNumber: string; version: string; description?: string; purpose: string; type: PolicyType; ... 54 more ...; controls?: Control[]; }' is missing the following properties from type 'Policy': isActive, isExpiringSoon, needsReview, completionPercentage, and 7 more.\r\nsrc/modules/policies/__tests__/policies.service.integration.spec.ts(639,62): error TS2345: Argument of type '{ comments: string; }' is not assignable to parameter of type 'string'.\r\nsrc/modules/policies/__tests__/policies.service.integration.spec.ts(663,54): error TS2345: Argument of type '{}' is not assignable to parameter of type 'string'.\r\nsrc/modules/policies/__tests__/policies.service.integration.spec.ts(682,56): error TS2345: Argument of type '(policy: DeepPartial<Policy>) => Promise<{ status: PolicyStatus; publishedDate: Date; publishedBy: string; id: string; title: string; policyNumber: string; ... 58 more ...; controls?: Control[]; } | { ...; }>' is not assignable to parameter of type '(entity: DeepPartial<Policy>, options?: SaveOptions) => Promise<DeepPartial<Policy> & Policy>'.\r\n  Type 'Promise<{ status: PolicyStatus; publishedDate: Date; publishedBy: string; id: string; title: string; policyNumber: string; version: string; description?: string; purpose: string; ... 55 more ...; controls?: Control[]; } | { ...; }>' is not assignable to type 'Promise<DeepPartial<Policy> & Policy>'.\r\n    Type '{ status: PolicyStatus; publishedDate: Date; publishedBy: string; id: string; title: string; policyNumber: string; version: string; description?: string; purpose: string; ... 55 more ...; controls?: Control[]; } | { ...; }' is not assignable to type 'DeepPartial<Policy> & Policy'.\r\n      Type '{ status: PolicyStatus; publishedDate: Date; publishedBy: string; id: string; title: string; policyNumber: string; version: string; description?: string; purpose: string; ... 55 more ...; controls?: Control[]; }' is not assignable to type 'DeepPartial<Policy> & Policy'.\r\n        Type '{ status: PolicyStatus; publishedDate: Date; publishedBy: string; id: string; title: string; policyNumber: string; version: string; description?: string; purpose: string; ... 55 more ...; controls?: Control[]; }' is not assignable to type '{ id?: string; title?: string; policyNumber?: string; version?: string; description?: string; purpose?: string; type?: DeepPartial<PolicyType>; status?: DeepPartial<PolicyStatus>; ... 66 more ...; canBeEditedBy?: DeepPartial<...>; } & Policy'.\r\n          Type '{ status: PolicyStatus; publishedDate: Date; publishedBy: string; id: string; title: string; policyNumber: string; version: string; description?: string; purpose: string; ... 55 more ...; controls?: Control[]; }' is missing the following properties from type 'Policy': isActive, isExpiringSoon, needsReview, completionPercentage, and 7 more.\r\nsrc/modules/policies/__tests__/policies.service.integration.spec.ts(689,36): error TS2345: Argument of type '{ status: PolicyStatus; publishedDate: Date; publishedBy: string; id: string; title: string; policyNumber: string; version: string; description?: string; purpose: string; ... 55 more ...; controls?: Control[]; } | { ...; }' is not assignable to parameter of type 'Policy'.\r\n  Type '{ status: PolicyStatus; publishedDate: Date; publishedBy: string; id: string; title: string; policyNumber: string; version: string; description?: string; purpose: string; ... 55 more ...; controls?: Control[]; }' is missing the following properties from type 'Policy': isActive, isExpiringSoon, needsReview, completionPercentage, and 7 more.\r\nsrc/modules/policies/__tests__/policies.service.integration.spec.ts(693,44): error TS2554: Expected 2 arguments, but got 1.\r\nsrc/modules/policies/__tests__/policies.service.integration.spec.ts(716,56): error TS2345: Argument of type '(policy: DeepPartial<Policy>) => Promise<{ status: PolicyStatus; publishedDate: Date; publishedBy: string; id: string; title: string; policyNumber: string; ... 58 more ...; controls?: Control[]; } | { ...; }>' is not assignable to parameter of type '(entity: DeepPartial<Policy>, options?: SaveOptions) => Promise<DeepPartial<Policy> & Policy>'.\r\n  Type 'Promise<{ status: PolicyStatus; publishedDate: Date; publishedBy: string; id: string; title: string; policyNumber: string; version: string; description?: string; purpose: string; ... 55 more ...; controls?: Control[]; } | { ...; }>' is not assignable to type 'Promise<DeepPartial<Policy> & Policy>'.\r\n    Type '{ status: PolicyStatus; publishedDate: Date; publishedBy: string; id: string; title: string; policyNumber: string; version: string; description?: string; purpose: string; ... 55 more ...; controls?: Control[]; } | { ...; }' is not assignable to type 'DeepPartial<Policy> & Policy'.\r\n      Type '{ status: PolicyStatus; publishedDate: Date; publishedBy: string; id: string; title: string; policyNumber: string; version: string; description?: string; purpose: string; ... 55 more ...; controls?: Control[]; }' is not assignable to type 'DeepPartial<Policy> & Policy'.\r\n        Type '{ status: PolicyStatus; publishedDate: Date; publishedBy: string; id: string; title: string; policyNumber: string; version: string; description?: string; purpose: string; ... 55 more ...; controls?: Control[]; }' is not assignable to type '{ id?: string; title?: string; policyNumber?: string; version?: string; description?: string; purpose?: string; type?: DeepPartial<PolicyType>; status?: DeepPartial<PolicyStatus>; ... 66 more ...; canBeEditedBy?: DeepPartial<...>; } & Policy'.\r\n          Type '{ status: PolicyStatus; publishedDate: Date; publishedBy: string; id: string; title: string; policyNumber: string; version: string; description?: string; purpose: string; ... 55 more ...; controls?: Control[]; }' is missing the following properties from type 'Policy': isActive, isExpiringSoon, needsReview, completionPercentage, and 7 more.\r\nsrc/modules/policies/__tests__/policies.service.integration.spec.ts(723,36): error TS2345: Argument of type '{ status: PolicyStatus; publishedDate: Date; publishedBy: string; id: string; title: string; policyNumber: string; version: string; description?: string; purpose: string; ... 55 more ...; controls?: Control[]; } | { ...; }' is not assignable to parameter of type 'Policy'.\r\n  Type '{ status: PolicyStatus; publishedDate: Date; publishedBy: string; id: string; title: string; policyNumber: string; version: string; description?: string; purpose: string; ... 55 more ...; controls?: Control[]; }' is missing the following properties from type 'Policy': isActive, isExpiringSoon, needsReview, completionPercentage, and 7 more.\r\nsrc/modules/policies/__tests__/policies.service.integration.spec.ts(727,44): error TS2554: Expected 2 arguments, but got 1.\r\nsrc/modules/policies/__tests__/policies.service.integration.spec.ts(754,56): error TS2345: Argument of type '(policy: DeepPartial<Policy>) => Promise<{ exceptions: ({ id?: string; description?: string; justification?: string; approvedBy?: string; approvalDate?: DeepPartial<Date>; expirationDate?: DeepPartial<...>; conditions?: DeepPartial<...>; } | { ...; })[]; ... 62 more ...; controls?: Control[]; } | { ...; }>' is not assignable to parameter of type '(entity: DeepPartial<Policy>, options?: SaveOptions) => Promise<DeepPartial<Policy> & Policy>'.\r\n  Type 'Promise<{ exceptions: ({ id?: string; description?: string; justification?: string; approvedBy?: string; approvalDate?: DeepPartial<Date>; expirationDate?: DeepPartial<Date>; conditions?: DeepPartial<...>; } | { ...; })[]; ... 62 more ...; controls?: Control[]; } | { ...; }>' is not assignable to type 'Promise<DeepPartial<Policy> & Policy>'.\r\n    Type '{ exceptions: ({ id?: string; description?: string; justification?: string; approvedBy?: string; approvalDate?: DeepPartial<Date>; expirationDate?: DeepPartial<Date>; conditions?: DeepPartial<...>; } | { ...; })[]; ... 62 more ...; controls?: Control[]; } | { ...; }' is not assignable to type 'DeepPartial<Policy> & Policy'.\r\n      Type '{ exceptions: ({ id?: string; description?: string; justification?: string; approvedBy?: string; approvalDate?: DeepPartial<Date>; expirationDate?: DeepPartial<Date>; conditions?: DeepPartial<...>; } | { ...; })[]; ... 62 more ...; controls?: Control[]; }' is not assignable to type 'DeepPartial<Policy> & Policy'.\r\n        Type '{ exceptions: ({ id?: string; description?: string; justification?: string; approvedBy?: string; approvalDate?: DeepPartial<Date>; expirationDate?: DeepPartial<Date>; conditions?: DeepPartial<...>; } | { ...; })[]; ... 62 more ...; controls?: Control[]; }' is not assignable to type '{ id?: string; title?: string; policyNumber?: string; version?: string; description?: string; purpose?: string; type?: DeepPartial<PolicyType>; status?: DeepPartial<PolicyStatus>; ... 66 more ...; canBeEditedBy?: DeepPartial<...>; } & Policy'.\r\n          Type '{ exceptions: ({ id?: string; description?: string; justification?: string; approvedBy?: string; approvalDate?: DeepPartial<Date>; expirationDate?: DeepPartial<Date>; conditions?: DeepPartial<...>; } | { ...; })[]; ... 62 more ...; controls?: Control[]; }' is missing the following properties from type 'Policy': isActive, isExpiringSoon, needsReview, completionPercentage, and 7 more.\r\nsrc/modules/policies/__tests__/policies.service.integration.spec.ts(766,36): error TS2345: Argument of type '{ exceptions: ({ id?: string; description?: string; justification?: string; approvedBy?: string; approvalDate?: DeepPartial<Date>; expirationDate?: DeepPartial<Date>; conditions?: DeepPartial<...>; } | { ...; })[]; ... 62 more ...; controls?: Control[]; } | { ...; }' is not assignable to parameter of type 'Policy'.\r\n  Type '{ exceptions: ({ id?: string; description?: string; justification?: string; approvedBy?: string; approvalDate?: DeepPartial<Date>; expirationDate?: DeepPartial<Date>; conditions?: DeepPartial<...>; } | { ...; })[]; ... 62 more ...; controls?: Control[]; }' is missing the following properties from type 'Policy': isActive, isExpiringSoon, needsReview, completionPercentage, and 7 more.\r\nsrc/modules/policies/__tests__/policies.service.integration.spec.ts(770,44): error TS2554: Expected 3 arguments, but got 2.\r\nsrc/modules/policies/__tests__/policies.service.integration.spec.ts(800,56): error TS2345: Argument of type '(policy: DeepPartial<Policy>) => Promise<{ status: PolicyStatus; archivedAt: Date; archivedBy: string; id: string; title: string; policyNumber: string; ... 58 more ...; controls?: Control[]; } | { ...; }>' is not assignable to parameter of type '(entity: DeepPartial<Policy>, options?: SaveOptions) => Promise<DeepPartial<Policy> & Policy>'.\r\n  Type 'Promise<{ status: PolicyStatus; archivedAt: Date; archivedBy: string; id: string; title: string; policyNumber: string; version: string; description?: string; purpose: string; ... 55 more ...; controls?: Control[]; } | { ...; }>' is not assignable to type 'Promise<DeepPartial<Policy> & Policy>'.\r\n    Type '{ status: PolicyStatus; archivedAt: Date; archivedBy: string; id: string; title: string; policyNumber: string; version: string; description?: string; purpose: string; type: PolicyType; ... 54 more ...; controls?: Control[]; } | { ...; }' is not assignable to type 'DeepPartial<Policy> & Policy'.\r\n      Type '{ status: PolicyStatus; archivedAt: Date; archivedBy: string; id: string; title: string; policyNumber: string; version: string; description?: string; purpose: string; ... 55 more ...; controls?: Control[]; }' is not assignable to type 'DeepPartial<Policy> & Policy'.\r\n        Type '{ status: PolicyStatus; archivedAt: Date; archivedBy: string; id: string; title: string; policyNumber: string; version: string; description?: string; purpose: string; ... 55 more ...; controls?: Control[]; }' is not assignable to type '{ id?: string; title?: string; policyNumber?: string; version?: string; description?: string; purpose?: string; type?: DeepPartial<PolicyType>; status?: DeepPartial<PolicyStatus>; ... 66 more ...; canBeEditedBy?: DeepPartial<...>; } & Policy'.\r\n          Type '{ status: PolicyStatus; archivedAt: Date; archivedBy: string; id: string; title: string; policyNumber: string; version: string; description?: string; purpose: string; type: PolicyType; ... 54 more ...; controls?: Control[]; }' is missing the following properties from type 'Policy': isActive, isExpiringSoon, needsReview, completionPercentage, and 7 more.\r\nsrc/modules/policies/__tests__/policies.service.integration.spec.ts(807,36): error TS2345: Argument of type '{ status: PolicyStatus; archivedAt: Date; archivedBy: string; id: string; title: string; policyNumber: string; version: string; description?: string; purpose: string; type: PolicyType; ... 54 more ...; controls?: Control[]; } | { ...; }' is not assignable to parameter of type 'Policy'.\r\n  Type '{ status: PolicyStatus; archivedAt: Date; archivedBy: string; id: string; title: string; policyNumber: string; version: string; description?: string; purpose: string; type: PolicyType; ... 54 more ...; controls?: Control[]; }' is missing the following properties from type 'Policy': isActive, isExpiringSoon, needsReview, completionPercentage, and 7 more.\r\nsrc/modules/policies/__tests__/policies.service.integration.spec.ts(811,29): error TS2554: Expected 2 arguments, but got 1.\r\nsrc/modules/policies/__tests__/policies.service.spec.ts(211,13): error TS2341: Property 'sanitizePolicyContent' is private and only accessible within class 'PoliciesService'.\r\nsrc/modules/policies/__tests__/policies.service.spec.ts(479,36): error TS2345: Argument of type '{ id: string; organizationId: string; }' is not assignable to parameter of type 'UserContext'.\r\n  Property 'roles' is missing in type '{ id: string; organizationId: string; }' but required in type 'UserContext'.\r\nsrc/modules/policies/__tests__/policies.service.spec.ts(790,65): error TS2345: Argument of type '{ user: string; action: string; resource: string; }' is not assignable to parameter of type 'PolicyOperationContext'.\r\n  Type '{ user: string; action: string; resource: string; }' is missing the following properties from type 'PolicyOperationContext': userId, organizationId, timestamp\r\nsrc/modules/policies/__tests__/policies.service.spec.ts(827,65): error TS2345: Argument of type '{ user: string; action: string; resource: string; }' is not assignable to parameter of type 'PolicyOperationContext'.\r\n  Type '{ user: string; action: string; resource: string; }' is missing the following properties from type 'PolicyOperationContext': userId, organizationId, timestamp\r\nsrc/modules/policies/__tests__/policies.service.spec.ts(843,57): error TS2345: Argument of type '{ user: string; action: string; resource: string; }' is not assignable to parameter of type 'PolicyOperationContext'.\r\n  Type '{ user: string; action: string; resource: string; }' is missing the following properties from type 'PolicyOperationContext': userId, organizationId, timestamp\r\nsrc/modules/policies/__tests__/policies.workflow.spec.ts(472,35): error TS2339: Property 'status' does not exist on type '{ id: string; description: string; justification: string; approvedBy: string; approvalDate: Date; expirationDate?: Date; conditions?: string[]; }'.\r\nsrc/modules/policies/__tests__/policies.workflow.spec.ts(545,67): error TS2339: Property 'complianceThreshold' does not exist on type 'Policy'.\r\nsrc/modules/policies/__tests__/policies.workflow.spec.ts(558,22): error TS2339: Property 'count' does not exist on type '{ create: Mock<any, any, any>; save: Mock<any, any, any>; findOne: Mock<any, any, any>; find: Mock<any, any, any>; createQueryBuilder: Mock<any, any, any>; }'.\r\nsrc/modules/policies/__tests__/policies.workflow.spec.ts(560,28): error TS2345: Argument of type '{ title: string; type: PolicyType.SECURITY; content: { sections: undefined[]; }; organizationId: string; createdBy: string; }' is not assignable to parameter of type 'CreatePolicyDto'.\r\n  Type '{ title: string; type: PolicyType.SECURITY; content: { sections: undefined[]; }; organizationId: string; createdBy: string; }' is missing the following properties from type 'CreatePolicyDto': priority, scope, effectiveDate, ownerName\r\nsrc/modules/policies/__tests__/policies.workflow.spec.ts(680,48): error TS2339: Property 'action' does not exist on type '{ version: string; changedBy: string; changedAt: Date; changes: { summary: string; details?: AuditLogDetails; sections?: string[]; }; approved?: boolean; approvedBy?: string; } | { ...; }'.\r\n  Property 'action' does not exist on type '{ version: string; changedBy: string; changedAt: Date; changes: { summary: string; details?: AuditLogDetails; sections?: string[]; }; approved?: boolean; approvedBy?: string; }'.\r\nsrc/modules/policies/entities/policy.entity.ts(835,32): error TS2345: Argument of type 'PolicySection' is not assignable to parameter of type '{ id: string; title: string; content: string; order: number; subsections?: { id: string; title: string; content: string; order: number; }[]; }'.\r\n  Property 'id' is optional in type 'PolicySection' but required in type '{ id: string; title: string; content: string; order: number; subsections?: { id: string; title: string; content: string; order: number; }[]; }'.\r\nsrc/modules/policies/entities/policy.entity.ts(868,57): error TS2698: Spread types may only be created from object types.\r\nsrc/modules/policies/policies.controller.ts(260,52): error TS2345: Argument of type 'PolicyEvaluationContextDto' is not assignable to parameter of type 'PolicyOperationContext'.\r\n  Type 'PolicyEvaluationContextDto' is missing the following properties from type 'PolicyOperationContext': userId, organizationId, timestamp\r\nsrc/modules/policies/policies.service.ts(14,8): error TS2724: '\"@soc-compliance/events\"' has no exported member named 'PolicyApprovedEvent'. Did you mean 'PolicyArchivedEvent'?\r\nsrc/modules/policies/policies.service.ts(16,8): error TS2305: Module '\"@soc-compliance/events\"' has no exported member 'PolicyCreatedEvent'.\r\nsrc/modules/policies/policies.service.ts(21,8): error TS2305: Module '\"@soc-compliance/events\"' has no exported member 'PolicyUpdatedEvent'.\r\nsrc/modules/policies/policies.service.ts(120,42): error TS2769: No overload matches this call.\r\n  Overload 1 of 3, '(entityLikeArray: DeepPartial<Policy>[]): Policy[]', gave the following error.\r\n    Object literal may only specify known properties, and 'policyNumber' does not exist in type 'DeepPartial<Policy>[]'.\r\n  Overload 2 of 3, '(entityLike: DeepPartial<Policy>): Policy', gave the following error.\r\n    Argument of type '{ policyNumber: string; content: unknown; status: PolicyStatus.DRAFT; workflowState: WorkflowState.DRAFT; viewCount: number; downloadCount: number; updatedBy: string; isEvaluatable: false; ... 28 more ...; createdBy?: string; }' is not assignable to parameter of type 'DeepPartial<Policy>'.\r\n      Type '{ policyNumber: string; content: unknown; status: PolicyStatus.DRAFT; workflowState: WorkflowState.DRAFT; viewCount: number; downloadCount: number; updatedBy: string; isEvaluatable: false; ... 28 more ...; createdBy?: string; }' is not assignable to type '{ id?: string; title?: string; policyNumber?: string; version?: string; description?: string; purpose?: string; type?: DeepPartial<PolicyType>; status?: DeepPartial<PolicyStatus>; ... 66 more ...; canBeEditedBy?: DeepPartial<...>; }'.\r\n        Types of property 'complianceMapping' are incompatible.\r\n          Type '{ frameworks?: string[]; controls?: string[]; mappingDetails?: Record<string, { implementation: string; strength: \"moderate\" | \"strong\" | \"weak\"; notes?: string; }>; }' is not assignable to type 'DeepPartial<{ frameworks?: string[]; controls?: string[]; mappingDetails?: FrameworkMappingDetails; requirements?: { id: string; framework: string; control: string; description: string; implemented: boolean; evidence?: string[]; gaps?: string[]; }[]; lastMappingUpdate?: Date; mappedBy?: string; }>'.\r\n            Type '{ frameworks?: string[]; controls?: string[]; mappingDetails?: Record<string, { implementation: string; strength: \"moderate\" | \"strong\" | \"weak\"; notes?: string; }>; }' is not assignable to type '{ frameworks?: DeepPartial<string[]>; controls?: DeepPartial<string[]>; mappingDetails?: DeepPartial<FrameworkMappingDetails>; requirements?: DeepPartial<...>; lastMappingUpdate?: DeepPartial<...>; mappedBy?: string; }'.\r\n              Types of property 'mappingDetails' are incompatible.\r\n                Type 'Record<string, { implementation: string; strength: \"moderate\" | \"strong\" | \"weak\"; notes?: string; }>' is not assignable to type 'DeepPartial<FrameworkMappingDetails>'.\r\nsrc/modules/policies/policies.service.ts(160,42): error TS2345: Argument of type 'Policy[]' is not assignable to parameter of type 'Policy'.\r\n  Type 'Policy[]' is missing the following properties from type 'Policy': id, title, policyNumber, version, and 31 more.\r\nsrc/modules/policies/policies.service.ts(173,35): error TS2339: Property 'organizationId' does not exist on type 'Policy[]'.\r\nsrc/modules/policies/policies.service.ts(175,31): error TS2339: Property 'id' does not exist on type 'Policy[]'.\r\nsrc/modules/policies/policies.service.ts(176,35): error TS2339: Property 'policyNumber' does not exist on type 'Policy[]'.\r\nsrc/modules/policies/policies.service.ts(177,28): error TS2339: Property 'title' does not exist on type 'Policy[]'.\r\nsrc/modules/policies/policies.service.ts(178,27): error TS2339: Property 'type' does not exist on type 'Policy[]'.\r\nsrc/modules/policies/policies.service.ts(179,29): error TS2339: Property 'status' does not exist on type 'Policy[]'.\r\nsrc/modules/policies/policies.service.ts(180,33): error TS2339: Property 'complianceMapping' does not exist on type 'Policy[]'.\r\nsrc/modules/policies/policies.service.ts(185,76): error TS2339: Property 'id' does not exist on type 'Policy[]'.\r\nsrc/modules/policies/policies.service.ts(187,5): error TS2740: Type 'Policy[]' is missing the following properties from type 'Policy': id, title, policyNumber, version, and 31 more.\r\nsrc/modules/policies/policies.service.ts(507,7): error TS2741: Property 'sections' is missing in type '{}' but required in type 'PolicyContentDto'.\r\nsrc/modules/policies/policies.service.ts(527,9): error TS2741: Property 'action' is missing in type '{}' but required in type 'AuditLogDetails'.\r\nsrc/modules/policies/policies.service.ts(899,57): error TS2559: Type 'WorkflowTransitionMetadata' has no properties in common with type 'AuditMetadata'.\r\nsrc/modules/policies/policies.service.ts(947,50): error TS2345: Argument of type 'unknown' is not assignable to parameter of type 'string'.\r\nsrc/modules/policies/policies.service.ts(956,43): error TS2322: Type 'unknown' is not assignable to type 'PolicyStatus'.\r\nsrc/modules/policies/policies.service.ts(959,43): error TS2322: Type 'unknown' is not assignable to type 'string'.\r\nsrc/modules/policies/policies.service.ts(1057,63): error TS2345: Argument of type 'PolicyOperationContext' is not assignable to parameter of type 'PolicyEvaluationCacheContext'.\r\n  Index signature for type 'string' is missing in type 'PolicyOperationContext'.\r\nsrc/modules/policies/policies.service.ts(1060,7): error TS2741: Property 'result' is missing in type '{}' but required in type 'PolicyEvaluationResult'.\r\nsrc/modules/policies/policies.service.ts(1071,71): error TS2345: Argument of type 'PolicyOperationContext' is not assignable to parameter of type 'OpaInput'.\r\n  Index signature for type 'string' is missing in type 'PolicyOperationContext'.\r\nsrc/modules/policies/policies.service.ts(1102,7): error TS2741: Property 'result' is missing in type '{ allowed: boolean; reasons: any; decision_id: string; evaluationTime: number; }' but required in type 'PolicyEvaluationResult'.\r\nsrc/modules/policies/policies.service.ts(1127,7): error TS2322: Type '{ organizationId: string; status?: string; priority?: string; owner?: string; tags?: string[]; search?: string; page?: number; limit?: number; sort?: string; order?: \"ASC\" | \"DESC\"; }' is not assignable to type '{ type?: string[]; status?: string[]; organizationId?: string; frameworks?: string[]; tags?: string[]; dateRange?: { field: string; from?: Date; to?: Date; }; }'.\r\n  Types of property 'status' are incompatible.\r\n    Type 'string' is not assignable to type 'string[]'.\r\nsrc/modules/policies/policies.service.ts(1131,28): error TS2339: Property 'pagination' does not exist on type 'PolicyQueryFilters'.\r\nsrc/modules/policies/policies.service.ts(1132,7): error TS2322: Type 'string' is not assignable to type '{ field: string; order: \"asc\" | \"desc\"; }[]'.\r\nsrc/modules/policies/policies.service.ts(1159,17): error TS2339: Property 'sections' does not exist on type 'unknown'.\r\nsrc/modules/policies/policies.service.ts(1160,15): error TS2339: Property 'sections' does not exist on type 'unknown'.\r\nsrc/modules/policies/policies.service.ts(1160,34): error TS2339: Property 'sections' does not exist on type 'unknown'.\r\nsrc/modules/policies/policies.service.ts(1162,18): error TS2349: This expression is not callable.\r\n  Type 'typeof sanitize' has no call signatures.\r\nsrc/modules/policies/policies.service.ts(1165,20): error TS2349: This expression is not callable.\r\n  Type 'typeof sanitize' has no call signatures.\r\nsrc/modules/policies/policies.service.ts(1253,5): error TS2739: Type '{ byStatus: {}; byType: {}; expiringSoon: number; needsReview: number; averageComplianceScore: number; }' is missing the following properties from type 'PolicyMetricsResult': total, byPriority\r\nsrc/modules/policies/policies.service.ts(1293,7): error TS2353: Object literal may only specify known properties, and 'implementation' does not exist in type '{ controls: string[]; coverage: number; gaps?: string[]; }'.\r\nsrc/modules/policies/policies.service.ts(1312,20): error TS2353: Object literal may only specify known properties, and 'control' does not exist in type 'AuditLogDetails'.\r\nsrc/modules/policies/policies.service.ts(1422,20): error TS2353: Object literal may only specify known properties, and 'control' does not exist in type 'AuditLogDetails'.\r\nsrc/modules/policies/policies.service.ts(1514,44): error TS2339: Property 'getMany' does not exist on type 'CacheService'.\r\nsrc/modules/policies/policies.service.ts(1554,7): error TS2322: Type 'unknown' is not assignable to type 'ControlDetails'.\r\n  Index signature for type 'string' is missing in type '{}'.\r\nsrc/modules/policies/policies.service.ts(1562,11): error TS2353: Object literal may only specify known properties, and 'code' does not exist in type '{ id: string; name?: string; description?: string; status?: string; framework?: string; category?: string; priority?: string; lastUpdated?: Date; implementationStatus?: string; }'.\r\nsrc/modules/policies/policies.service.ts(1630,7): error TS2740: Type '{}' is missing the following properties from type 'WorkflowInstance': id, type, entityId, status, and 4 more.\r\nsrc/modules/policies/policies.service.ts(1648,7): error TS2322: Type 'unknown' is not assignable to type 'EvidenceDetails'.\r\n  Index signature for type 'string' is missing in type '{}'.\r\nsrc/modules/policies/policies.service.ts(1694,66): error TS2339: Property 'strength' does not exist on type '{ controls: string[]; coverage: number; gaps?: string[]; }'.\r\nsrc/modules/policies/policies.service.ts(1712,45): error TS2339: Property 'implementation' does not exist on type '{ controls: string[]; coverage: number; gaps?: string[]; }'.\r\nsrc/modules/policies/policies.service.ts(1713,39): error TS2339: Property 'strength' does not exist on type '{ controls: string[]; coverage: number; gaps?: string[]; }'.\r\nsrc/modules/policies/policies.service.ts(1714,36): error TS2339: Property 'notes' does not exist on type '{ controls: string[]; coverage: number; gaps?: string[]; }'.\r\nsrc/modules/policies/policies.service.ts(1716,39): error TS2339: Property 'evidence' does not exist on type '{ controls: string[]; coverage: number; gaps?: string[]; }'.\r\nsrc/modules/policies/policies.service.ts(1766,27): error TS2339: Property 'strength' does not exist on type '{ controls: string[]; coverage: number; gaps?: string[]; }'.\r\nsrc/modules/policies/types/policy.types.ts(6,10): error TS2459: Module '\"../../compliance/entities/control.entity\"' declares 'ComplianceFramework' locally, but it is not exported.\r\nsrc/modules/policies/types/policy.types.ts(489,3): error TS2484: Export declaration conflicts with exported declaration of 'PolicyMetadata'.\r\nsrc/modules/policies/types/policy.types.ts(490,3): error TS2484: Export declaration conflicts with exported declaration of 'PolicyActionParameters'.\r\nsrc/modules/policies/types/policy.types.ts(491,3): error TS2484: Export declaration conflicts with exported declaration of 'PolicyEvaluationContext'.\r\nsrc/modules/policies/types/policy.types.ts(492,3): error TS2484: Export declaration conflicts with exported declaration of 'ControlMetadata'.\r\nsrc/modules/policies/types/policy.types.ts(493,3): error TS2484: Export declaration conflicts with exported declaration of 'ComplianceMapping'.\r\nsrc/modules/policies/types/policy.types.ts(494,3): error TS2484: Export declaration conflicts with exported declaration of 'PolicyAutomationRule'.\r\nsrc/modules/policies/types/policy.types.ts(495,3): error TS2484: Export declaration conflicts with exported declaration of 'PolicyTemplate'.\r\nsrc/modules/policies/types/policy.types.ts(496,3): error TS2484: Export declaration conflicts with exported declaration of 'PolicyIntegrationConfig'.\r\nsrc/modules/policies/types/policy.types.ts(497,3): error TS2484: Export declaration conflicts with exported declaration of 'PolicySearchParams'.\r\nsrc/modules/policies/types/policy.types.ts(498,3): error TS2484: Export declaration conflicts with exported declaration of 'PolicyMetrics'.\r\nsrc/modules/policies/types/policy.types.ts(499,3): error TS2484: Export declaration conflicts with exported declaration of 'ComplianceScoreCalculation'.\r\nsrc/modules/policy-engine/__tests__/policy-engine.controller.spec.ts(66,11): error TS2353: Object literal may only specify known properties, and 'classification' does not exist in type '{ id: string; type: string; attributes: PolicyAttributes; }'.\r\nsrc/modules/policy-engine/__tests__/policy-engine.controller.spec.ts(71,9): error TS2322: Type '{ time: string; ipAddress: string; location: string; }' is not assignable to type 'PolicyEnvironment & { timestamp: Date; }'.\r\n  Property 'timestamp' is missing in type '{ time: string; ipAddress: string; location: string; }' but required in type '{ timestamp: Date; }'.\r\nsrc/modules/policy-engine/__tests__/policy-engine.controller.spec.ts(146,28): error TS2339: Property 'user' does not exist on type 'PolicyContext'.\r\nsrc/modules/policy-engine/__tests__/policy-engine.controller.spec.ts(165,39): error TS2353: Object literal may only specify known properties, and 'classification' does not exist in type '{ id: string; type: string; attributes: PolicyAttributes; }'.\r\nsrc/modules/policy-engine/__tests__/policy-engine.controller.spec.ts(167,11): error TS2322: Type '{ time: string; }' is not assignable to type 'PolicyEnvironment & { timestamp: Date; }'.\r\n  Property 'timestamp' is missing in type '{ time: string; }' but required in type '{ timestamp: Date; }'.\r\nsrc/modules/policy-engine/__tests__/policy-engine.controller.spec.ts(193,41): error TS2353: Object literal may only specify known properties, and 'classification' does not exist in type '{ id: string; type: string; attributes: PolicyAttributes; }'.\r\nsrc/modules/policy-engine/__tests__/policy-engine.controller.spec.ts(195,11): error TS2322: Type '{ time: string; }' is not assignable to type 'PolicyEnvironment & { timestamp: Date; }'.\r\n  Property 'timestamp' is missing in type '{ time: string; }' but required in type '{ timestamp: Date; }'.\r\nsrc/modules/policy-engine/__tests__/policy-engine.controller.spec.ts(211,23): error TS2339: Property 'overallDecision' does not exist on type 'PolicyEvaluationResult[]'.\r\nsrc/modules/policy-engine/__tests__/policy-engine.controller.spec.ts(475,23): error TS2339: Property 'auditTrail' does not exist on type 'Policy'.\r\nsrc/modules/policy-engine/__tests__/policy-engine.controller.spec.ts(476,23): error TS2339: Property 'auditTrail' does not exist on type 'Policy'.\r\nsrc/modules/policy-engine/__tests__/policy-engine.service.spec.ts(7,3): error TS2305: Module '\"../../../../test/utils/test-helpers\"' has no exported member 'TEST_OPA_POLICIES'.\r\nsrc/modules/policy-engine/__tests__/policy-engine.service.spec.ts(78,9): error TS2353: Object literal may only specify known properties, and 'classification' does not exist in type '{ id: string; type: string; attributes: PolicyAttributes; }'.\r\nsrc/modules/policy-engine/__tests__/policy-engine.service.spec.ts(83,7): error TS2322: Type '{ time: string; ipAddress: string; location: string; }' is not assignable to type 'PolicyEnvironment & { timestamp: Date; }'.\r\n  Property 'timestamp' is missing in type '{ time: string; ipAddress: string; location: string; }' but required in type '{ timestamp: Date; }'.\r\nsrc/modules/policy-engine/__tests__/policy-engine.service.spec.ts(169,32): error TS2352: Conversion of type '{ user: { id: string; }; }' to type 'PolicyContext' may be a mistake because neither type sufficiently overlaps with the other. If this was intentional, convert the expression to 'unknown' first.\r\n  Type '{ user: { id: string; }; }' is missing the following properties from type 'PolicyContext': subject, resource, action, environment\r\nsrc/modules/policy-engine/__tests__/policy-engine.service.spec.ts(228,23): error TS2339: Property 'metadata' does not exist on type 'PolicyEvaluationResult[]'.\r\nsrc/modules/policy-engine/__tests__/policy-engine.service.spec.ts(316,25): error TS2339: Property 'rules' does not exist on type 'PolicyRule'.\r\nsrc/modules/policy-engine/__tests__/policy-engine.service.spec.ts(411,28): error TS2304: Cannot find name 'mockContext'.\r\nsrc/modules/policy-engine/__tests__/policy-engine.service.spec.ts(453,52): error TS2304: Cannot find name 'mockContext'.\r\nsrc/modules/policy-engine/__tests__/policy-engine.service.spec.ts(473,48): error TS2304: Cannot find name 'mockContext'.\r\nsrc/modules/policy-engine/evaluators/policy.evaluator.ts(2,27): error TS2307: Cannot find module 'safe-eval' or its corresponding type declarations.\r\nsrc/modules/policy-engine/policy-engine.controller.ts(134,70): error TS2345: Argument of type '{ createdBy: any; name?: string; description?: string; parameters?: PolicyEvaluationParameters; organizationId: string; }' is not assignable to parameter of type '{ name?: string; description?: string; parameters?: TemplateParameters; organizationId: string; createdBy: string; }'.\r\n  Types of property 'parameters' are incompatible.\r\n    Type 'PolicyEvaluationParameters' is not assignable to type 'TemplateParameters'.\r\n      'string' index signatures are incompatible.\r\n        Type 'unknown' is not assignable to type 'string | number | boolean | Date'.\r\nsrc/modules/search/__tests__/search.service.spec.ts(106,33): error TS2345: Argument of type '{ id: string; policyNumber: string; title: string; description: string; purpose: string; type: string; status: string; workflowState: string; priority: string; scope: string; organizationId: string; ... 24 more ...; regoPolicy: string; }' is not assignable to parameter of type 'Policy'.\r\n  Type '{ id: string; policyNumber: string; title: string; description: string; purpose: string; type: string; status: string; workflowState: string; priority: string; scope: string; organizationId: string; ... 24 more ...; regoPolicy: string; }' is missing the following properties from type 'Policy': isActive, isExpiringSoon, needsReview, completionPercentage, and 7 more.\r\nsrc/modules/search/__tests__/search.service.spec.ts(125,40): error TS2345: Argument of type '{ id: string; policyNumber: string; title: string; description: string; purpose: string; type: string; status: string; workflowState: string; priority: string; scope: string; organizationId: string; ... 24 more ...; regoPolicy: string; }' is not assignable to parameter of type 'Policy'.\r\n  Type '{ id: string; policyNumber: string; title: string; description: string; purpose: string; type: string; status: string; workflowState: string; priority: string; scope: string; organizationId: string; ... 24 more ...; regoPolicy: string; }' is missing the following properties from type 'Policy': isActive, isExpiringSoon, needsReview, completionPercentage, and 7 more.\r\nsrc/modules/search/__tests__/search.service.spec.ts(304,39): error TS2345: Argument of type '{ id: string; policyNumber: string; title: string; description: string; purpose: string; type: string; status: string; workflowState: string; priority: string; scope: string; organizationId: string; ... 24 more ...; regoPolicy: string; }[]' is not assignable to parameter of type 'Policy[]'.\r\n  Type '{ id: string; policyNumber: string; title: string; description: string; purpose: string; type: string; status: string; workflowState: string; priority: string; scope: string; organizationId: string; ... 24 more ...; regoPolicy: string; }' is missing the following properties from type 'Policy': isActive, isExpiringSoon, needsReview, completionPercentage, and 7 more.\r\nsrc/modules/search/__tests__/search.service.spec.ts(329,11): error TS2740: Type '{ id: string; policyNumber: string; title: string; description: string; purpose: string; type: string; status: string; workflowState: string; priority: string; scope: string; organizationId: string; ... 24 more ...; regoPolicy: string; }' is missing the following properties from type 'Policy': isActive, isExpiringSoon, needsReview, completionPercentage, and 7 more.\r\nsrc/modules/search/__tests__/search.service.spec.ts(330,11): error TS2740: Type '{ id: string; policyNumber: string; title: string; description: string; purpose: string; type: string; status: string; workflowState: string; priority: string; scope: string; organizationId: string; ... 24 more ...; regoPolicy: string; }' is missing the following properties from type 'Policy': isActive, isExpiringSoon, needsReview, completionPercentage, and 7 more.\r\nsrc/modules/search/__tests__/search.service.spec.ts(469,33): error TS2740: Type '{ id: string; policyNumber: string; title: string; description: string; purpose: string; type: string; status: string; workflowState: string; priority: string; scope: string; organizationId: string; ... 24 more ...; regoPolicy: string; }' is missing the following properties from type 'Policy': isActive, isExpiringSoon, needsReview, completionPercentage, and 7 more.\r\ntest/jest-setup.ts(7,3): error TS2741: Property '__promisify__' is missing in type '(fn: any, ...args: any[]) => any' but required in type 'typeof setImmediate'.\r\ntest/jest-setup.ts(17,3): error TS2322: Type '(array: Uint8Array) => Uint8Array<ArrayBufferLike>' is not assignable to type '<T extends ArrayBufferView | null>(array: T) => T'.\r\n  Types of parameters 'array' and 'array' are incompatible.\r\n    Type 'T' is not assignable to type 'Uint8Array<ArrayBufferLike>'.\r\n      Type 'ArrayBufferView<ArrayBufferLike>' is missing the following properties from type 'Uint8Array<ArrayBufferLike>': BYTES_PER_ELEMENT, copyWithin, every, fill, and 24 more.\r\n",
  "errorLines": [
    "src/modules/compliance/__tests__/compliance-mapping.controller.spec.ts(231,21): error TS2339: Property 'meta' does not exist on type '{ data: ComplianceMapping[]; total: number; page: number; limit: number; }'.\r",
    "src/modules/compliance/__tests__/compliance-mapping.controller.spec.ts(232,21): error TS2339: Property 'meta' does not exist on type '{ data: ComplianceMapping[]; total: number; page: number; limit: number; }'.\r",
    "src/modules/compliance/__tests__/compliance-mapping.controller.spec.ts(394,23): error TS2339: Property 'results' does not exist on type '{ success: number; failed: number; errors: any[]; }'.\r",
    "src/modules/compliance/__tests__/compliance-mapping.controller.spec.ts(547,21): error TS2339: Property 'errors' does not exist on type '{ valid: boolean; issues: string[]; }'.\r",
    "src/modules/compliance/__tests__/compliance-mapping.controller.spec.ts(758,21): error TS2339: Property 'failed' does not exist on type 'void'.\r",
    "src/modules/compliance/__tests__/compliance-mapping.controller.spec.ts(759,21): error TS2339: Property 'results' does not exist on type 'void'.\r",
    "src/modules/compliance/__tests__/controls.controller.spec.ts(124,39): error TS2554: Expected 2 arguments, but got 1.\r",
    "src/modules/compliance/__tests__/controls.controller.spec.ts(135,31): error TS2554: Expected 2 arguments, but got 1.\r",
    "src/modules/compliance/__tests__/controls.controller.spec.ts(143,31): error TS2554: Expected 2 arguments, but got 1.\r",
    "src/modules/compliance/__tests__/controls.controller.spec.ts(237,57): error TS2561: Object literal may only specify known properties, but 'maxRiskScore' does not exist in type 'QueryControlDto'. Did you mean to write 'minRiskScore'?\r",
    "src/modules/compliance/__tests__/controls.controller.spec.ts(273,21): error TS2339: Property 'meta' does not exist on type '{ items: Control[]; total: number; }'.\r",
    "src/modules/compliance/__tests__/controls.controller.spec.ts(274,21): error TS2339: Property 'meta' does not exist on type '{ items: Control[]; total: number; }'.\r",
    "src/modules/compliance/__tests__/controls.controller.spec.ts(299,39): error TS2339: Property 'findByControlId' does not exist on type 'ControlsController'.\r",
    "src/modules/compliance/__tests__/controls.controller.spec.ts(302,22): error TS2339: Property 'findByControlId' does not exist on type 'ControlsService'.\r",
    "src/modules/compliance/__tests__/controls.controller.spec.ts(308,24): error TS2339: Property 'findByControlId' does not exist on type 'ControlsController'.\r",
    "src/modules/compliance/__tests__/controls.controller.spec.ts(310,22): error TS2339: Property 'findByControlId' does not exist on type 'ControlsService'.\r",
    "src/modules/compliance/__tests__/controls.controller.spec.ts(325,39): error TS2554: Expected 3 arguments, but got 2.\r",
    "src/modules/compliance/__tests__/controls.controller.spec.ts(337,20): error TS2554: Expected 3 arguments, but got 2.\r",
    "src/modules/compliance/__tests__/controls.controller.spec.ts(344,31): error TS2554: Expected 3 arguments, but got 2.\r",
    "src/modules/compliance/__tests__/controls.controller.spec.ts(352,24): error TS2554: Expected 2 arguments, but got 1.\r",
    "src/modules/compliance/__tests__/controls.controller.spec.ts(362,31): error TS2554: Expected 2 arguments, but got 1.\r",
    "src/modules/compliance/__tests__/controls.controller.spec.ts(399,39): error TS2339: Property 'getStatistics' does not exist on type 'ControlsController'.\r",
    "src/modules/compliance/__tests__/controls.controller.spec.ts(402,22): error TS2339: Property 'getControlStatistics' does not exist on type 'ControlsService'.\r",
    "src/modules/compliance/__tests__/controls.controller.spec.ts(433,39): error TS2551: Property 'getImplementationStatus' does not exist on type 'ControlsController'. Did you mean 'updateImplementationStatus'?\r",
    "src/modules/compliance/__tests__/controls.controller.spec.ts(436,22): error TS2551: Property 'getImplementationStatus' does not exist on type 'ControlsService'. Did you mean 'updateImplementationStatus'?\r",
    "src/modules/compliance/__tests__/controls.controller.spec.ts(475,39): error TS2339: Property 'getTestResults' does not exist on type 'ControlsController'.\r",
    "src/modules/compliance/__tests__/controls.controller.spec.ts(478,22): error TS2339: Property 'getControlTestResults' does not exist on type 'ControlsService'.\r",
    "src/modules/compliance/__tests__/controls.controller.spec.ts(500,39): error TS2339: Property 'scheduleTest' does not exist on type 'ControlsController'.\r",
    "src/modules/compliance/__tests__/controls.controller.spec.ts(503,22): error TS2339: Property 'scheduleTest' does not exist on type 'ControlsService'.\r",
    "src/modules/compliance/__tests__/controls.controller.spec.ts(526,39): error TS2339: Property 'recordTestResult' does not exist on type 'ControlsController'.\r",
    "src/modules/compliance/__tests__/controls.controller.spec.ts(529,22): error TS2339: Property 'recordTestResult' does not exist on type 'ControlsService'.\r",
    "src/modules/compliance/__tests__/controls.controller.spec.ts(542,20): error TS2339: Property 'recordTestResult' does not exist on type 'ControlsController'.\r",
    "src/modules/compliance/__tests__/controls.controller.spec.ts(574,39): error TS2339: Property 'getEvidence' does not exist on type 'ControlsController'.\r",
    "src/modules/compliance/__tests__/controls.controller.spec.ts(577,22): error TS2339: Property 'getControlEvidence' does not exist on type 'ControlsService'.\r",
    "src/modules/compliance/__tests__/controls.controller.spec.ts(597,39): error TS2339: Property 'attachEvidence' does not exist on type 'ControlsController'.\r",
    "src/modules/compliance/__tests__/controls.controller.spec.ts(600,22): error TS2339: Property 'attachEvidence' does not exist on type 'ControlsService'.\r",
    "src/modules/compliance/__tests__/controls.controller.spec.ts(608,39): error TS2339: Property 'removeEvidence' does not exist on type 'ControlsController'.\r",
    "src/modules/compliance/__tests__/controls.controller.spec.ts(611,22): error TS2339: Property 'removeEvidence' does not exist on type 'ControlsService'.\r",
    "src/modules/compliance/__tests__/controls.controller.spec.ts(635,39): error TS2339: Property 'bulkUpdate' does not exist on type 'ControlsController'.\r",
    "src/modules/compliance/__tests__/controls.controller.spec.ts(638,22): error TS2339: Property 'bulkOperation' does not exist on type 'ControlsService'.\r",
    "src/modules/compliance/__tests__/controls.controller.spec.ts(660,39): error TS2339: Property 'bulkUpdate' does not exist on type 'ControlsController'.\r",
    "src/modules/compliance/__tests__/controls.controller.spec.ts(682,39): error TS2339: Property 'export' does not exist on type 'ControlsController'.\r",
    "src/modules/compliance/__tests__/controls.controller.spec.ts(685,22): error TS2339: Property 'exportControls' does not exist on type 'ControlsService'.\r",
    "src/modules/compliance/__tests__/controls.controller.spec.ts(715,39): error TS2339: Property 'import' does not exist on type 'ControlsController'.\r",
    "src/modules/compliance/__tests__/controls.controller.spec.ts(718,22): error TS2551: Property 'importControls' does not exist on type 'ControlsService'. Did you mean 'bulkImportControls'?\r",
    "src/modules/compliance/__tests__/controls.controller.spec.ts(730,31): error TS2339: Property 'import' does not exist on type 'ControlsController'.\r",
    "src/modules/compliance/__tests__/controls.controller.spec.ts(745,39): error TS2339: Property 'validateControl' does not exist on type 'ControlsController'.\r",
    "src/modules/compliance/__tests__/controls.controller.spec.ts(748,22): error TS2339: Property 'validateControl' does not exist on type 'ControlsService'.\r",
    "src/modules/compliance/__tests__/controls.controller.spec.ts(761,39): error TS2339: Property 'validateControl' does not exist on type 'ControlsController'.\r",
    "src/modules/compliance/__tests__/controls.controller.spec.ts(800,39): error TS2339: Property 'getControlGaps' does not exist on type 'ControlsController'.\r",
    "src/modules/compliance/__tests__/controls.controller.spec.ts(803,22): error TS2339: Property 'getControlGaps' does not exist on type 'ControlsService'.\r",
    "src/modules/compliance/__tests__/controls.controller.spec.ts(849,39): error TS2339: Property 'getRiskAssessment' does not exist on type 'ControlsController'.\r",
    "src/modules/compliance/__tests__/controls.controller.spec.ts(852,22): error TS2339: Property 'getControlRiskAssessment' does not exist on type 'ControlsService'.\r",
    "src/modules/compliance/__tests__/controls.controller.spec.ts(861,24): error TS2554: Expected 2 arguments, but got 1.\r",
    "src/modules/compliance/__tests__/controls.controller.spec.ts(870,24): error TS2554: Expected 3 arguments, but got 2.\r",
    "src/modules/compliance/__tests__/controls.controller.spec.ts(879,24): error TS2339: Property 'recordTestResult' does not exist on type 'ControlsController'.\r",
    "src/modules/compliance/__tests__/controls.controller.spec.ts(881,22): error TS2339: Property 'recordTestResult' does not exist on type 'ControlsService'.\r",
    "src/modules/compliance/__tests__/controls.controller.spec.ts(912,31): error TS2339: Property 'scheduleTest' does not exist on type 'ControlsController'.\r",
    "src/modules/compliance/__tests__/controls.controller.spec.ts(928,20): error TS2339: Property 'attachEvidence' does not exist on type 'ControlsController'.\r",
    "src/modules/compliance/__tests__/controls.service.spec.ts(167,11): error TS2741: Property 'identifier' is missing in type '{ controlId: string; title: string; description: string; type: ControlType.PREVENTIVE; priority: ControlPriority.HIGH; frequency: ControlFrequency.CONTINUOUS; frameworkId: string; category: string; }' but required in type 'CreateControlDto'.\r",
    "src/modules/compliance/__tests__/controls.service.spec.ts(193,36): error TS2554: Expected 2 arguments, but got 1.\r",
    "src/modules/compliance/__tests__/controls.service.spec.ts(203,39): error TS2339: Property 'organizationId' does not exist on type '{ id: string; identifier: string; }'.\r",
    "src/modules/compliance/__tests__/controls.service.spec.ts(219,28): error TS2554: Expected 2 arguments, but got 1.\r",
    "src/modules/compliance/__tests__/controls.service.spec.ts(227,28): error TS2554: Expected 2 arguments, but got 1.\r",
    "src/modules/compliance/__tests__/controls.service.spec.ts(239,21): error TS2554: Expected 2 arguments, but got 1.\r",
    "src/modules/compliance/__tests__/controls.service.spec.ts(338,57): error TS2561: Object literal may only specify known properties, but 'maxRiskScore' does not exist in type 'QueryControlDto'. Did you mean to write 'minRiskScore'?\r",
    "src/modules/compliance/__tests__/controls.service.spec.ts(369,21): error TS2339: Property 'meta' does not exist on type '{ items: Control[]; total: number; }'.\r",
    "src/modules/compliance/__tests__/controls.service.spec.ts(370,21): error TS2339: Property 'meta' does not exist on type '{ items: Control[]; total: number; }'.\r",
    "src/modules/compliance/__tests__/controls.service.spec.ts(371,21): error TS2339: Property 'meta' does not exist on type '{ items: Control[]; total: number; }'.\r",
    "src/modules/compliance/__tests__/controls.service.spec.ts(372,21): error TS2339: Property 'meta' does not exist on type '{ items: Control[]; total: number; }'.\r",
    "src/modules/compliance/__tests__/controls.service.spec.ts(373,21): error TS2339: Property 'meta' does not exist on type '{ items: Control[]; total: number; }'.\r",
    "src/modules/compliance/__tests__/controls.service.spec.ts(416,36): error TS2339: Property 'findByControlId' does not exist on type 'ControlsService'.\r",
    "src/modules/compliance/__tests__/controls.service.spec.ts(428,28): error TS2339: Property 'findByControlId' does not exist on type 'ControlsService'.\r",
    "src/modules/compliance/__tests__/controls.service.spec.ts(445,36): error TS2554: Expected 3 arguments, but got 2.\r",
    "src/modules/compliance/__tests__/controls.service.spec.ts(465,17): error TS2554: Expected 3 arguments, but got 2.\r",
    "src/modules/compliance/__tests__/controls.service.spec.ts(473,21): error TS2554: Expected 3 arguments, but got 2.\r",
    "src/modules/compliance/__tests__/controls.service.spec.ts(487,21): error TS2554: Expected 2 arguments, but got 1.\r",
    "src/modules/compliance/__tests__/controls.service.spec.ts(494,28): error TS2339: Property 'removeControl' does not exist on type 'SearchService'.\r",
    "src/modules/compliance/__tests__/controls.service.spec.ts(509,28): error TS2554: Expected 2 arguments, but got 1.\r",
    "src/modules/compliance/__tests__/controls.service.spec.ts(530,36): error TS2339: Property 'getControlStatistics' does not exist on type 'ControlsService'.\r",
    "src/modules/compliance/__tests__/controls.service.spec.ts(556,36): error TS2551: Property 'getImplementationStatus' does not exist on type 'ControlsService'. Did you mean 'updateImplementationStatus'?\r",
    "src/modules/compliance/__tests__/controls.service.spec.ts(591,36): error TS2339: Property 'getControlTestResults' does not exist on type 'ControlsService'.\r",
    "src/modules/compliance/__tests__/controls.service.spec.ts(620,36): error TS2339: Property 'scheduleTest' does not exist on type 'ControlsService'.\r",
    "src/modules/compliance/__tests__/controls.service.spec.ts(642,28): error TS2339: Property 'scheduleTest' does not exist on type 'ControlsService'.\r",
    "src/modules/compliance/__tests__/controls.service.spec.ts(662,36): error TS2339: Property 'recordTestResult' does not exist on type 'ControlsService'.\r",
    "src/modules/compliance/__tests__/controls.service.spec.ts(698,36): error TS2339: Property 'getControlEvidence' does not exist on type 'ControlsService'.\r",
    "src/modules/compliance/__tests__/controls.service.spec.ts(726,36): error TS2339: Property 'attachEvidence' does not exist on type 'ControlsService'.\r",
    "src/modules/compliance/__tests__/controls.service.spec.ts(757,36): error TS2339: Property 'removeEvidence' does not exist on type 'ControlsService'.\r",
    "src/modules/compliance/__tests__/controls.service.spec.ts(767,28): error TS2339: Property 'removeEvidence' does not exist on type 'ControlsService'.\r",
    "src/modules/compliance/__tests__/controls.service.spec.ts(787,36): error TS2339: Property 'bulkOperation' does not exist on type 'ControlsService'.\r",
    "src/modules/compliance/__tests__/controls.service.spec.ts(813,36): error TS2339: Property 'bulkOperation' does not exist on type 'ControlsService'.\r",
    "src/modules/compliance/__tests__/controls.service.spec.ts(833,36): error TS2339: Property 'exportControls' does not exist on type 'ControlsService'.\r",
    "src/modules/compliance/__tests__/controls.service.spec.ts(868,36): error TS2551: Property 'importControls' does not exist on type 'ControlsService'. Did you mean 'bulkImportControls'?\r",
    "src/modules/compliance/__tests__/controls.service.spec.ts(899,36): error TS2551: Property 'importControls' does not exist on type 'ControlsService'. Did you mean 'bulkImportControls'?\r",
    "src/modules/compliance/__tests__/controls.service.spec.ts(910,36): error TS2339: Property 'validateControl' does not exist on type 'ControlsService'.\r",
    "src/modules/compliance/__tests__/controls.service.spec.ts(927,36): error TS2339: Property 'validateControl' does not exist on type 'ControlsService'.\r",
    "src/modules/compliance/__tests__/controls.service.spec.ts(951,36): error TS2339: Property 'getControlGaps' does not exist on type 'ControlsService'.\r",
    "src/modules/compliance/__tests__/controls.service.spec.ts(965,36): error TS2339: Property 'getControlRiskAssessment' does not exist on type 'ControlsService'.\r",
    "src/modules/compliance/__tests__/controls.service.spec.ts(995,36): error TS2554: Expected 2 arguments, but got 1.\r",
    "src/modules/compliance/__tests__/frameworks.controller.spec.ts(92,7): error TS2353: Object literal may only specify known properties, and 'requirements' does not exist in type 'CreateFrameworkDto'.\r",
    "src/modules/compliance/__tests__/frameworks.controller.spec.ts(127,31): error TS2554: Expected 2 arguments, but got 1.\r",
    "src/modules/compliance/__tests__/frameworks.controller.spec.ts(180,42): error TS2353: Object literal may only specify known properties, and 'includeStats' does not exist in type 'QueryFrameworkDto'.\r",
    "src/modules/compliance/__tests__/frameworks.controller.spec.ts(196,21): error TS2339: Property 'meta' does not exist on type '{ items: ComplianceFramework[]; total: number; }'.\r",
    "src/modules/compliance/__tests__/frameworks.controller.spec.ts(240,7): error TS2353: Object literal may only specify known properties, and 'requirements' does not exist in type 'UpdateFrameworkDto'.\r",
    "src/modules/compliance/__tests__/frameworks.controller.spec.ts(266,31): error TS2554: Expected 3 arguments, but got 2.\r",
    "src/modules/compliance/__tests__/frameworks.controller.spec.ts(274,31): error TS2554: Expected 3 arguments, but got 2.\r",
    "src/modules/compliance/__tests__/frameworks.controller.spec.ts(427,39): error TS2339: Property 'getCoverageReport' does not exist on type 'FrameworksController'.\r",
    "src/modules/compliance/__tests__/frameworks.controller.spec.ts(430,22): error TS2339: Property 'getCoverageReport' does not exist on type 'FrameworksService'.\r",
    "src/modules/compliance/__tests__/frameworks.controller.spec.ts(455,39): error TS2339: Property 'getComplianceScore' does not exist on type 'FrameworksController'.\r",
    "src/modules/compliance/__tests__/frameworks.controller.spec.ts(458,22): error TS2339: Property 'getComplianceScore' does not exist on type 'FrameworksService'.\r",
    "src/modules/compliance/__tests__/frameworks.controller.spec.ts(472,39): error TS2339: Property 'validateFramework' does not exist on type 'FrameworksController'.\r",
    "src/modules/compliance/__tests__/frameworks.controller.spec.ts(475,22): error TS2339: Property 'validateFramework' does not exist on type 'FrameworksService'.\r",
    "src/modules/compliance/__tests__/frameworks.controller.spec.ts(487,39): error TS2339: Property 'validateFramework' does not exist on type 'FrameworksController'.\r",
    "src/modules/compliance/__tests__/frameworks.controller.spec.ts(531,39): error TS2339: Property 'getImplementationGuide' does not exist on type 'FrameworksController'.\r",
    "src/modules/compliance/__tests__/frameworks.controller.spec.ts(534,22): error TS2339: Property 'getImplementationGuide' does not exist on type 'FrameworksService'.\r",
    "src/modules/compliance/__tests__/frameworks.controller.spec.ts(543,24): error TS2554: Expected 2 arguments, but got 1.\r",
    "src/modules/compliance/__tests__/frameworks.controller.spec.ts(552,24): error TS2554: Expected 3 arguments, but got 2.\r",
    "src/modules/compliance/__tests__/frameworks.controller.spec.ts(584,31): error TS2554: Expected 2 arguments, but got 1.\r",
    "src/modules/compliance/__tests__/frameworks.service.spec.ts(5,10): error TS2300: Duplicate identifier 'SearchService'.\r",
    "src/modules/compliance/__tests__/frameworks.service.spec.ts(6,10): error TS2300: Duplicate identifier 'SearchService'.\r",
    "src/modules/compliance/__tests__/frameworks.service.spec.ts(46,9): error TS2451: Cannot redeclare block-scoped variable 'mockSearchService'.\r",
    "src/modules/compliance/__tests__/frameworks.service.spec.ts(53,9): error TS2451: Cannot redeclare block-scoped variable 'mockSearchService'.\r",
    "src/modules/compliance/__tests__/frameworks.service.spec.ts(203,28): error TS2554: Expected 2 arguments, but got 1.\r",
    "src/modules/compliance/__tests__/frameworks.service.spec.ts(217,21): error TS2554: Expected 2 arguments, but got 1.\r",
    "src/modules/compliance/__tests__/frameworks.service.spec.ts(234,21): error TS2554: Expected 2 arguments, but got 1.\r",
    "src/modules/compliance/__tests__/frameworks.service.spec.ts(304,42): error TS2353: Object literal may only specify known properties, and 'tags' does not exist in type 'QueryFrameworkDto'.\r",
    "src/modules/compliance/__tests__/frameworks.service.spec.ts(314,42): error TS2353: Object literal may only specify known properties, and 'minComplianceScore' does not exist in type 'QueryFrameworkDto'.\r",
    "src/modules/compliance/__tests__/frameworks.service.spec.ts(336,42): error TS2353: Object literal may only specify known properties, and 'includeStats' does not exist in type 'QueryFrameworkDto'.\r",
    "src/modules/compliance/__tests__/frameworks.service.spec.ts(343,21): error TS2339: Property 'meta' does not exist on type '{ items: ComplianceFramework[]; total: number; }'.\r",
    "src/modules/compliance/__tests__/frameworks.service.spec.ts(348,42): error TS2353: Object literal may only specify known properties, and 'includeControls' does not exist in type 'QueryFrameworkDto'.\r",
    "src/modules/compliance/__tests__/frameworks.service.spec.ts(441,36): error TS2554: Expected 3 arguments, but got 2.\r",
    "src/modules/compliance/__tests__/frameworks.service.spec.ts(457,28): error TS2554: Expected 3 arguments, but got 2.\r",
    "src/modules/compliance/__tests__/frameworks.service.spec.ts(466,17): error TS2554: Expected 3 arguments, but got 2.\r",
    "src/modules/compliance/__tests__/frameworks.service.spec.ts(476,21): error TS2554: Expected 3 arguments, but got 2.\r",
    "src/modules/compliance/__tests__/frameworks.service.spec.ts(492,21): error TS2554: Expected 2 arguments, but got 1.\r",
    "src/modules/compliance/__tests__/frameworks.service.spec.ts(499,28): error TS2339: Property 'removeFramework' does not exist on type 'SearchService'.\r",
    "src/modules/compliance/__tests__/frameworks.service.spec.ts(511,28): error TS2554: Expected 2 arguments, but got 1.\r",
    "src/modules/compliance/__tests__/frameworks.service.spec.ts(525,36): error TS2339: Property 'getFrameworkStatistics' does not exist on type 'FrameworksService'.\r",
    "src/modules/compliance/__tests__/frameworks.service.spec.ts(583,36): error TS2339: Property 'getCoverageReport' does not exist on type 'FrameworksService'.\r",
    "src/modules/compliance/__tests__/frameworks.service.spec.ts(604,36): error TS2339: Property 'getComplianceScore' does not exist on type 'FrameworksService'.\r",
    "src/modules/compliance/__tests__/frameworks.service.spec.ts(622,36): error TS2339: Property 'validateFramework' does not exist on type 'FrameworksService'.\r",
    "src/modules/compliance/__tests__/frameworks.service.spec.ts(640,36): error TS2339: Property 'validateFramework' does not exist on type 'FrameworksService'.\r",
    "src/modules/compliance/__tests__/frameworks.service.spec.ts(655,36): error TS2339: Property 'getImplementationGuide' does not exist on type 'FrameworksService'.\r",
    "src/modules/compliance/__tests__/frameworks.service.spec.ts(695,21): error TS2339: Property 'mappings' does not exist on type 'any[]'.\r",
    "src/modules/compliance/__tests__/frameworks.service.spec.ts(696,21): error TS2339: Property 'mappings' does not exist on type 'any[]'.\r",
    "src/modules/compliance/__tests__/frameworks.service.spec.ts(697,21): error TS2339: Property 'mappings' does not exist on type 'any[]'.\r",
    "src/modules/compliance/__tests__/frameworks.service.spec.ts(698,21): error TS2339: Property 'mappings' does not exist on type 'any[]'.\r",
    "src/modules/compliance/__tests__/frameworks.service.spec.ts(791,36): error TS2554: Expected 2 arguments, but got 1.\r",
    "src/modules/compliance/compliance-mapping.controller.ts(93,43): error TS2345: Argument of type 'MappingEntryDto[]' is not assignable to parameter of type 'CreateMappingDto[]'.\r",
    "src/modules/compliance/compliance-mapping.service.ts(477,37): error TS2339: Property 'policyId' does not exist on type 'CreateMappingDto'.\r",
    "src/modules/compliance/compliance-mapping.service.ts(480,70): error TS2339: Property 'policyId' does not exist on type 'CreateMappingDto'.\r",
    "src/modules/compliance/compliance-mapping.service.ts(484,40): error TS2339: Property 'controlIds' does not exist on type 'CreateMappingDto'.\r",
    "src/modules/compliance/compliance-mapping.service.ts(487,46): error TS2339: Property 'controlIds' does not exist on type 'CreateMappingDto'.\r",
    "src/modules/compliance/compliance-mapping.service.ts(497,38): error TS2339: Property 'policyId' does not exist on type 'CreateMappingDto'.\r",
    "src/modules/compliance/compliance-mapping.service.ts(504,91): error TS2339: Property 'policyId' does not exist on type 'CreateMappingDto'.\r",
    "src/modules/compliance/compliance-mapping.service.ts(508,36): error TS2339: Property 'policyId' does not exist on type 'CreateMappingDto'.\r",
    "src/modules/compliance/compliance-mapping.service.ts(526,71): error TS2339: Property 'policyId' does not exist on type 'CreateMappingDto'.\r",
    "src/modules/compliance/compliance-mapping.service.ts(527,46): error TS2339: Property 'controlIds' does not exist on type 'CreateMappingDto'.\r",
    "src/modules/compliance/compliance-mapping.service.ts(535,34): error TS2339: Property 'policyId' does not exist on type 'CreateMappingDto'.\r",
    "src/modules/compliance/compliance-mapping.service.ts(536,36): error TS2339: Property 'controlIds' does not exist on type 'CreateMappingDto'.\r",
    "src/modules/compliance/compliance-mapping.service.ts(666,32): error TS2339: Property 'policyId' does not exist on type 'CreateMappingDto'.\r",
    "src/modules/compliance/compliance-mapping.service.ts(667,34): error TS2339: Property 'controlIds' does not exist on type 'CreateMappingDto'.\r",
    "src/modules/compliance/compliance-mapping.service.ts(873,13): error TS2353: Object literal may only specify known properties, and 'policyId' does not exist in type 'CreateMappingDto'.\r",
    "src/modules/compliance/controls.service.ts(50,44): error TS2769: No overload matches this call.\r",
    "src/modules/compliance/entities/control.entity.ts(454,42): error TS2339: Property 'date' does not exist on type 'AssessmentInput'.\r",
    "src/modules/events/__tests__/kafka-consumer.mock-service.spec.ts(60,21): error TS2445: Property 'handleControlImplemented' is protected and only accessible within class 'KafkaConsumerService' and its subclasses.\r",
    "src/modules/events/__tests__/kafka-consumer.mock-service.spec.ts(75,21): error TS2445: Property 'handleControlFailed' is protected and only accessible within class 'KafkaConsumerService' and its subclasses.\r",
    "src/modules/events/__tests__/kafka-consumer.mock-service.spec.ts(91,21): error TS2445: Property 'handleControlTested' is protected and only accessible within class 'KafkaConsumerService' and its subclasses.\r",
    "src/modules/events/__tests__/kafka-consumer.mock-service.spec.ts(106,21): error TS2445: Property 'handleEvidenceCollected' is protected and only accessible within class 'KafkaConsumerService' and its subclasses.\r",
    "src/modules/events/__tests__/kafka-consumer.mock-service.spec.ts(121,21): error TS2445: Property 'handleRiskIdentified' is protected and only accessible within class 'KafkaConsumerService' and its subclasses.\r",
    "src/modules/events/__tests__/kafka-consumer.mock-service.spec.ts(136,21): error TS2445: Property 'handlePolicyUpdated' is protected and only accessible within class 'KafkaConsumerService' and its subclasses.\r",
    "src/modules/events/__tests__/kafka-consumer.mock-service.spec.ts(180,21): error TS2445: Property 'handleControlFailed' is protected and only accessible within class 'KafkaConsumerService' and its subclasses.\r",
    "src/modules/events/__tests__/kafka-consumer.service.spec.ts(160,38): error TS2345: Argument of type '{ topic: string; partition: number; message: { value: Buffer<ArrayBuffer>; key: any; timestamp: string; headers: {}; offset: string; }; }' is not assignable to parameter of type 'EachMessagePayload'.\r",
    "src/modules/events/__tests__/kafka-consumer.service.spec.ts(193,38): error TS2345: Argument of type '{ topic: string; partition: number; message: { value: Buffer<ArrayBuffer>; key: any; timestamp: string; headers: {}; offset: string; }; }' is not assignable to parameter of type 'EachMessagePayload'.\r",
    "src/modules/events/__tests__/kafka-consumer.service.spec.ts(211,38): error TS2345: Argument of type '{ topic: string; partition: number; message: { value: Buffer<ArrayBuffer>; key: any; timestamp: string; headers: {}; offset: string; }; }' is not assignable to parameter of type 'EachMessagePayload'.\r",
    "src/modules/events/__tests__/kafka-consumer.service.spec.ts(222,54): error TS2339: Property 'EFFECTIVE' does not exist on type 'typeof ImplementationStatus'.\r",
    "src/modules/events/__tests__/kafka-consumer.service.spec.ts(243,38): error TS2345: Argument of type '{ topic: string; partition: number; message: { value: Buffer<ArrayBuffer>; key: any; timestamp: string; headers: {}; offset: string; }; }' is not assignable to parameter of type 'EachMessagePayload'.\r",
    "src/modules/events/__tests__/kafka-consumer.service.spec.ts(263,56): error TS2339: Property 'NOT_EFFECTIVE' does not exist on type 'typeof ImplementationStatus'.\r",
    "src/modules/events/__tests__/kafka-consumer.service.spec.ts(282,38): error TS2345: Argument of type '{ topic: string; partition: number; message: { value: Buffer<ArrayBuffer>; key: any; timestamp: string; headers: {}; offset: string; }; }' is not assignable to parameter of type 'EachMessagePayload'.\r",
    "src/modules/events/__tests__/kafka-consumer.service.spec.ts(313,38): error TS2345: Argument of type '{ topic: string; partition: number; message: { value: Buffer<ArrayBuffer>; key: any; timestamp: string; headers: {}; offset: string; }; }' is not assignable to parameter of type 'EachMessagePayload'.\r",
    "src/modules/events/__tests__/kafka-consumer.service.spec.ts(327,56): error TS2339: Property 'EFFECTIVE' does not exist on type 'typeof ImplementationStatus'.\r",
    "src/modules/events/__tests__/kafka-consumer.service.spec.ts(351,38): error TS2345: Argument of type '{ topic: string; partition: number; message: { value: Buffer<ArrayBuffer>; key: any; timestamp: string; headers: {}; offset: string; }; }' is not assignable to parameter of type 'EachMessagePayload'.\r",
    "src/modules/events/__tests__/kafka-consumer.service.spec.ts(356,56): error TS2339: Property 'PARTIALLY_EFFECTIVE' does not exist on type 'typeof ImplementationStatus'.\r",
    "src/modules/events/__tests__/kafka-consumer.service.spec.ts(380,38): error TS2345: Argument of type '{ topic: string; partition: number; message: { value: Buffer<ArrayBuffer>; key: any; timestamp: string; headers: {}; offset: string; }; }' is not assignable to parameter of type 'EachMessagePayload'.\r",
    "src/modules/events/__tests__/kafka-consumer.service.spec.ts(388,56): error TS2339: Property 'NOT_EFFECTIVE' does not exist on type 'typeof ImplementationStatus'.\r",
    "src/modules/events/__tests__/kafka-consumer.service.spec.ts(415,38): error TS2345: Argument of type '{ topic: string; partition: number; message: { value: Buffer<ArrayBuffer>; key: any; timestamp: string; headers: {}; offset: string; }; }' is not assignable to parameter of type 'EachMessagePayload'.\r",
    "src/modules/events/__tests__/kafka-consumer.service.spec.ts(453,38): error TS2345: Argument of type '{ topic: string; partition: number; message: { value: Buffer<ArrayBuffer>; key: any; timestamp: string; headers: {}; offset: string; }; }' is not assignable to parameter of type 'EachMessagePayload'.\r",
    "src/modules/events/__tests__/kafka-consumer.service.spec.ts(490,38): error TS2345: Argument of type '{ topic: string; partition: number; message: { value: Buffer<ArrayBuffer>; key: any; timestamp: string; headers: {}; offset: string; }; }' is not assignable to parameter of type 'EachMessagePayload'.\r",
    "src/modules/events/__tests__/kafka-consumer.service.spec.ts(518,38): error TS2345: Argument of type '{ topic: string; partition: number; message: { value: Buffer<ArrayBuffer>; key: any; timestamp: string; headers: {}; offset: string; }; }' is not assignable to parameter of type 'EachMessagePayload'.\r",
    "src/modules/events/__tests__/kafka-consumer.service.spec.ts(549,38): error TS2345: Argument of type '{ topic: string; partition: number; message: { value: Buffer<ArrayBuffer>; key: any; timestamp: string; headers: {}; offset: string; }; }' is not assignable to parameter of type 'EachMessagePayload'.\r",
    "src/modules/events/__tests__/kafka-consumer.service.spec.ts(572,40): error TS2345: Argument of type '{ topic: string; partition: number; message: { value: Buffer<ArrayBuffer>; key: any; timestamp: string; headers: {}; offset: string; }; }' is not assignable to parameter of type 'EachMessagePayload'.\r",
    "src/modules/events/__tests__/kafka-consumer.service.spec.ts(601,36): error TS2304: Cannot find name 'createMockMessage'.\r",
    "src/modules/events/__tests__/kafka-consumer.service.spec.ts(617,36): error TS2304: Cannot find name 'createMockMessage'.\r",
    "src/modules/events/__tests__/kafka-consumer.service.spec.ts(644,36): error TS2304: Cannot find name 'createMockMessage'.\r",
    "src/modules/events/__tests__/kafka-consumer.service.spec.ts(675,38): error TS2304: Cannot find name 'createMockMessage'.\r",
    "src/modules/monitoring/monitoring.service.ts(130,9): error TS2739: Type '{ failedAttempts: number; attemptsByIp: any[]; window: string; }' is missing the following properties from type 'MonitoringMetadata': timestamp, service, environment\r",
    "src/modules/monitoring/monitoring.service.ts(161,9): error TS2739: Type '{ violations: number; window: string; }' is missing the following properties from type 'MonitoringMetadata': timestamp, service, environment\r",
    "src/modules/monitoring/monitoring.service.ts(188,9): error TS2739: Type '{ userId: string; userEmail: string; attempts: number; lastResource: AuditResourceType; }' is missing the following properties from type 'MonitoringMetadata': timestamp, service, environment\r",
    "src/modules/monitoring/monitoring.service.ts(226,9): error TS2739: Type '{ userId: any; userEmail: any; downloadCount: any; window: string; }' is missing the following properties from type 'MonitoringMetadata': timestamp, service, environment\r",
    "src/modules/monitoring/monitoring.service.ts(277,13): error TS2739: Type '{ apiKeyId: any; previousCount: any; recentCount: any; percentageChange: number; }' is missing the following properties from type 'MonitoringMetadata': timestamp, service, environment\r",
    "src/modules/opa/__tests__/opa.service.spec.ts(74,5): error TS2741: Property 'headers' is missing in type '{}' but required in type 'InternalAxiosRequestConfig<any>'.\r",
    "src/modules/opa/__tests__/opa.service.spec.ts(114,36): error TS2339: Property 'deployPolicy' does not exist on type 'OpaService'.\r",
    "src/modules/opa/__tests__/opa.service.spec.ts(141,28): error TS2339: Property 'deployPolicy' does not exist on type 'OpaService'.\r",
    "src/modules/opa/__tests__/opa.service.spec.ts(151,28): error TS2339: Property 'deployPolicy' does not exist on type 'OpaService'.\r",
    "src/modules/opa/__tests__/opa.service.spec.ts(223,36): error TS2339: Property 'removePolicy' does not exist on type 'OpaService'.\r",
    "src/modules/opa/__tests__/opa.service.spec.ts(246,28): error TS2339: Property 'removePolicy' does not exist on type 'OpaService'.\r",
    "src/modules/opa/__tests__/opa.service.spec.ts(261,36): error TS2339: Property 'listPolicies' does not exist on type 'OpaService'.\r",
    "src/modules/opa/__tests__/opa.service.spec.ts(279,36): error TS2339: Property 'listPolicies' does not exist on type 'OpaService'.\r",
    "src/modules/opa/__tests__/opa.service.spec.ts(332,36): error TS2339: Property 'evaluateBatch' does not exist on type 'OpaService'.\r",
    "src/modules/opa/__tests__/opa.service.spec.ts(352,36): error TS2339: Property 'evaluateBatch' does not exist on type 'OpaService'.\r",
    "src/modules/opa/__tests__/opa.service.spec.ts(368,36): error TS2551: Property 'validatePolicy' does not exist on type 'OpaService'. Did you mean 'evaluatePolicy'?\r",
    "src/modules/opa/__tests__/opa.service.spec.ts(391,36): error TS2551: Property 'validatePolicy' does not exist on type 'OpaService'. Did you mean 'evaluatePolicy'?\r",
    "src/modules/opa/__tests__/opa.service.spec.ts(430,36): error TS2339: Property 'updateData' does not exist on type 'OpaService'.\r",
    "src/modules/opa/__tests__/opa.service.spec.ts(445,36): error TS2339: Property 'checkHealth' does not exist on type 'OpaService'.\r",
    "src/modules/opa/__tests__/opa.service.spec.ts(461,36): error TS2339: Property 'checkHealth' does not exist on type 'OpaService'.\r",
    "src/modules/opa/__tests__/opa.service.spec.ts(475,36): error TS2551: Property 'compilePolicyToWasm' does not exist on type 'OpaService'. Did you mean 'compilePolicy'?\r",
    "src/modules/opa/__tests__/opa.service.spec.ts(496,36): error TS2339: Property 'getMetrics' does not exist on type 'OpaService'.\r",
    "src/modules/opa/__tests__/opa.service.spec.ts(518,36): error TS2339: Property 'getDecisionLogs' does not exist on type 'OpaService'.\r",
    "src/modules/policies/__tests__/policies.controller.spec.ts(105,7): error TS2322: Type 'Date' is not assignable to type 'string'.\r",
    "src/modules/policies/__tests__/policies.controller.spec.ts(225,9): error TS2322: Type 'Date' is not assignable to type 'string'.\r",
    "src/modules/policies/__tests__/policies.controller.spec.ts(226,9): error TS2322: Type 'Date' is not assignable to type 'string'.\r",
    "src/modules/policies/__tests__/policies.controller.spec.ts(620,43): error TS2339: Property 'id' does not exist on type '{ user: { id: string; email: string; roles: string[]; organizationId: string; }; }'.\r",
    "src/modules/policies/__tests__/policies.controller.spec.ts(646,13): error TS2322: Type '{ complianceMapping: { frameworks: string[]; controls: string[]; }; id: string; policyNumber: string; title: string; description: string; purpose: string; type: PolicyType; status: PolicyStatus; ... 22 more ...; updatedAt: Date; }' is not assignable to type 'CreatePolicyDto'.\r",
    "src/modules/policies/__tests__/policies.controller.spec.ts(665,13): error TS2322: Type '{ content: { sections: { title: string; content: string; }[]; }; id: string; policyNumber: string; title: string; description: string; purpose: string; type: PolicyType; status: PolicyStatus; ... 22 more ...; updatedAt: Date; }' is not assignable to type 'CreatePolicyDto'.\r",
    "src/modules/policies/__tests__/policies.integration.spec.ts(57,5): error TS2322: Type 'Date' is not assignable to type 'string'.\r",
    "src/modules/policies/__tests__/policies.integration.spec.ts(58,5): error TS2322: Type 'Date' is not assignable to type 'string'.\r",
    "src/modules/policies/__tests__/policies.integration.spec.ts(59,5): error TS2322: Type 'Date' is not assignable to type 'string'.\r",
    "src/modules/policies/__tests__/policies.integration.spec.ts(198,23): error TS2554: Expected 10 arguments, but got 2.\r",
    "src/modules/policies/__tests__/policies.integration.spec.ts(256,49): error TS2554: Expected 2 arguments, but got 1.\r",
    "src/modules/policies/__tests__/policies.integration.spec.ts(265,49): error TS2339: Property 'findExpiring' does not exist on type 'PoliciesController'.\r",
    "src/modules/policies/__tests__/policies.integration.spec.ts(274,49): error TS2339: Property 'findNeedsReview' does not exist on type 'PoliciesController'.\r",
    "src/modules/policies/__tests__/policies.integration.spec.ts(283,49): error TS2554: Expected 2 arguments, but got 1.\r",
    "src/modules/policies/__tests__/policies.integration.spec.ts(452,52): error TS2769: No overload matches this call.\r",
    "src/modules/policies/__tests__/policies.integration.spec.ts(536,29): error TS2339: Property 'status' does not exist on type 'FindOptionsWhere<Policy> | FindOptionsWhere<Policy>[]'.\r",
    "src/modules/policies/__tests__/policies.integration.spec.ts(537,71): error TS2339: Property 'status' does not exist on type 'FindOptionsWhere<Policy> | FindOptionsWhere<Policy>[]'.\r",
    "src/modules/policies/__tests__/policies.integration.spec.ts(539,29): error TS2339: Property 'type' does not exist on type 'FindOptionsWhere<Policy> | FindOptionsWhere<Policy>[]'.\r",
    "src/modules/policies/__tests__/policies.integration.spec.ts(540,69): error TS2339: Property 'type' does not exist on type 'FindOptionsWhere<Policy> | FindOptionsWhere<Policy>[]'.\r",
    "src/modules/policies/__tests__/policies.integration.spec.ts(583,52): error TS2769: No overload matches this call.\r",
    "src/modules/policies/__tests__/policies.integration.spec.ts(629,52): error TS2769: No overload matches this call.\r",
    "src/modules/policies/__tests__/policies.integration.spec.ts(649,50): error TS2769: No overload matches this call.\r",
    "src/modules/policies/__tests__/policies.integration.spec.ts(651,24): error TS2339: Property 'id' does not exist on type 'Policy[]'.\r",
    "src/modules/policies/__tests__/policies.integration.spec.ts(666,56): error TS2345: Argument of type '(policy: DeepPartial<Policy>) => Promise<{ viewCount: number; id: string; title: string; policyNumber: string; version: string; description?: string; purpose: string; type: PolicyType; ... 55 more ...; controls?: Control[]; } | { ...; }>' is not assignable to parameter of type '(entity: DeepPartial<Policy>, options?: SaveOptions) => Promise<DeepPartial<Policy> & Policy>'.\r",
    "src/modules/policies/__tests__/policies.integration.spec.ts(668,36): error TS2345: Argument of type '{ viewCount: number; id: string; title: string; policyNumber: string; version: string; description?: string; purpose: string; type: PolicyType; status: PolicyStatus; ... 54 more ...; controls?: Control[]; } | { ...; }' is not assignable to parameter of type 'Policy'.\r",
    "src/modules/policies/__tests__/policies.integration.spec.ts(689,50): error TS2769: No overload matches this call.\r",
    "src/modules/policies/__tests__/policies.integration.spec.ts(691,28): error TS2339: Property 'policyNumber' does not exist on type 'Policy[]'.\r",
    "src/modules/policies/__tests__/policies.integration.spec.ts(708,50): error TS2769: No overload matches this call.\r",
    "src/modules/policies/__tests__/policies.integration.spec.ts(710,24): error TS2339: Property 'id' does not exist on type 'Policy[]'.\r",
    "src/modules/policies/__tests__/policies.integration.spec.ts(721,56): error TS2345: Argument of type '(policy: DeepPartial<Policy>) => Promise<{ changeHistory: DeepPartial<{ version: string; changedBy: string; changedAt: Date; changes: { summary: string; details?: AuditLogDetails; sections?: string[]; }; approved?: boolean; approvedBy?: string; }>[]; ... 62 more ...; controls?: Control[]; } | { ...; }>' is not assignable to parameter of type '(entity: DeepPartial<Policy>, options?: SaveOptions) => Promise<DeepPartial<Policy> & Policy>'.\r",
    "src/modules/policies/__tests__/policies.integration.spec.ts(735,36): error TS2345: Argument of type '{ changeHistory: DeepPartial<{ version: string; changedBy: string; changedAt: Date; changes: { summary: string; details?: AuditLogDetails; sections?: string[]; }; approved?: boolean; approvedBy?: string; }>[]; ... 62 more ...; controls?: Control[]; } | { ...; }' is not assignable to parameter of type 'Policy'.\r",
    "src/modules/policies/__tests__/policies.integration.spec.ts(757,56): error TS2345: Argument of type '(policy: DeepPartial<Policy>) => Promise<{ title: string; changeHistory: DeepPartial<{ version: string; changedBy: string; changedAt: Date; changes: { summary: string; details?: AuditLogDetails; sections?: string[]; }; approved?: boolean; approvedBy?: string; }>[]; ... 61 more ...; controls?: Control[]; } | { ...; }>' is not assignable to parameter of type '(entity: DeepPartial<Policy>, options?: SaveOptions) => Promise<DeepPartial<Policy> & Policy>'.\r",
    "src/modules/policies/__tests__/policies.integration.spec.ts(772,36): error TS2345: Argument of type '{ title: string; changeHistory: DeepPartial<{ version: string; changedBy: string; changedAt: Date; changes: { summary: string; details?: AuditLogDetails; sections?: string[]; }; approved?: boolean; approvedBy?: string; }>[]; ... 61 more ...; controls?: Control[]; } | { ...; }' is not assignable to parameter of type 'Policy'.\r",
    "src/modules/policies/__tests__/policies.integration.spec.ts(797,43): error TS2769: No overload matches this call.\r",
    "src/modules/policies/__tests__/policies.integration.spec.ts(802,24): error TS2339: Property 'id' does not exist on type 'Policy[]'.\r",
    "src/modules/policies/__tests__/policies.integration.spec.ts(807,56): error TS2345: Argument of type '(policy: DeepPartial<Policy>) => Promise<{ status: PolicyStatus; approvalDate: Date; approvedBy: string; id: string; title: string; policyNumber: string; ... 58 more ...; controls?: Control[]; } | { ...; }>' is not assignable to parameter of type '(entity: DeepPartial<Policy>, options?: SaveOptions) => Promise<DeepPartial<Policy> & Policy>'.\r",
    "src/modules/policies/__tests__/policies.integration.spec.ts(814,36): error TS2345: Argument of type '{ status: PolicyStatus; approvalDate: Date; approvedBy: string; id: string; title: string; policyNumber: string; version: string; description?: string; purpose: string; ... 55 more ...; controls?: Control[]; } | { ...; }' is not assignable to parameter of type 'Policy'.\r",
    "src/modules/policies/__tests__/policies.integration.spec.ts(829,48): error TS2769: No overload matches this call.\r",
    "src/modules/policies/__tests__/policies.integration.spec.ts(836,34): error TS2339: Property 'id' does not exist on type 'Policy[]'.\r",
    "src/modules/policies/__tests__/policies.integration.spec.ts(847,43): error TS2769: No overload matches this call.\r",
    "src/modules/policies/__tests__/policies.integration.spec.ts(853,24): error TS2339: Property 'id' does not exist on type 'Policy[]'.\r",
    "src/modules/policies/__tests__/policies.integration.spec.ts(858,56): error TS2345: Argument of type '(policy: DeepPartial<Policy>) => Promise<{ status: PolicyStatus; publishedDate: Date; publishedBy: string; id: string; title: string; policyNumber: string; ... 58 more ...; controls?: Control[]; } | { ...; }>' is not assignable to parameter of type '(entity: DeepPartial<Policy>, options?: SaveOptions) => Promise<DeepPartial<Policy> & Policy>'.\r",
    "src/modules/policies/__tests__/policies.integration.spec.ts(865,36): error TS2345: Argument of type '{ status: PolicyStatus; publishedDate: Date; publishedBy: string; id: string; title: string; policyNumber: string; version: string; description?: string; purpose: string; ... 55 more ...; controls?: Control[]; } | { ...; }' is not assignable to parameter of type 'Policy'.\r",
    "src/modules/policies/__tests__/policies.integration.spec.ts(887,56): error TS2345: Argument of type '(policy: DeepPartial<Policy>) => Promise<{ status: PolicyStatus; publishedDate: Date; publishedBy: string; id: string; title: string; policyNumber: string; ... 58 more ...; controls?: Control[]; } | { ...; }>' is not assignable to parameter of type '(entity: DeepPartial<Policy>, options?: SaveOptions) => Promise<DeepPartial<Policy> & Policy>'.\r",
    "src/modules/policies/__tests__/policies.integration.spec.ts(894,36): error TS2345: Argument of type '{ status: PolicyStatus; publishedDate: Date; publishedBy: string; id: string; title: string; policyNumber: string; version: string; description?: string; purpose: string; ... 55 more ...; controls?: Control[]; } | { ...; }' is not assignable to parameter of type 'Policy'.\r",
    "src/modules/policies/__tests__/policies.integration.spec.ts(912,43): error TS2769: No overload matches this call.\r",
    "src/modules/policies/__tests__/policies.integration.spec.ts(917,24): error TS2339: Property 'id' does not exist on type 'Policy[]'.\r",
    "src/modules/policies/__tests__/policies.integration.spec.ts(929,56): error TS2345: Argument of type '(policy: DeepPartial<Policy>) => Promise<{ exceptions: ({ id?: string; description?: string; justification?: string; approvedBy?: string; approvalDate?: DeepPartial<Date>; expirationDate?: DeepPartial<...>; conditions?: DeepPartial<...>; } | { ...; })[]; ... 62 more ...; controls?: Control[]; } | { ...; }>' is not assignable to parameter of type '(entity: DeepPartial<Policy>, options?: SaveOptions) => Promise<DeepPartial<Policy> & Policy>'.\r",
    "src/modules/policies/__tests__/policies.integration.spec.ts(941,36): error TS2345: Argument of type '{ exceptions: ({ id?: string; description?: string; justification?: string; approvedBy?: string; approvalDate?: DeepPartial<Date>; expirationDate?: DeepPartial<Date>; conditions?: DeepPartial<...>; } | { ...; })[]; ... 62 more ...; controls?: Control[]; } | { ...; }' is not assignable to parameter of type 'Policy'.\r",
    "src/modules/policies/__tests__/policies.integration.spec.ts(963,50): error TS2769: No overload matches this call.\r",
    "src/modules/policies/__tests__/policies.integration.spec.ts(965,24): error TS2339: Property 'id' does not exist on type 'Policy[]'.\r",
    "src/modules/policies/__tests__/policies.integration.spec.ts(970,56): error TS2345: Argument of type '(policy: DeepPartial<Policy>) => Promise<{ status: PolicyStatus; archivedAt: Date; archivedBy: string; id: string; title: string; policyNumber: string; ... 58 more ...; controls?: Control[]; } | { ...; }>' is not assignable to parameter of type '(entity: DeepPartial<Policy>, options?: SaveOptions) => Promise<DeepPartial<Policy> & Policy>'.\r",
    "src/modules/policies/__tests__/policies.integration.spec.ts(977,36): error TS2345: Argument of type '{ status: PolicyStatus; archivedAt: Date; archivedBy: string; id: string; title: string; policyNumber: string; version: string; description?: string; purpose: string; type: PolicyType; ... 54 more ...; controls?: Control[]; } | { ...; }' is not assignable to parameter of type 'Policy'.\r",
    "src/modules/policies/__tests__/policies.security.spec.ts(286,13): error TS2739: Type '{ title: string; type: PolicyType.SECURITY; content: { sections: undefined[]; }; }' is missing the following properties from type 'CreatePolicyDto': priority, scope, effectiveDate, ownerName\r",
    "src/modules/policies/__tests__/policies.security.spec.ts(326,21): error TS2339: Property 'canBeViewedBy' does not exist on type 'Policy'.\r",
    "src/modules/policies/__tests__/policies.security.spec.ts(326,49): error TS2339: Property 'roles' does not exist on type '{ id: string; email: string; organizationId: string; }'.\r",
    "src/modules/policies/__tests__/policies.security.spec.ts(341,24): error TS2554: Expected 2 arguments, but got 1.\r",
    "src/modules/policies/__tests__/policies.security.spec.ts(542,9): error TS2322: Type '{ __proto__: { isAdmin: true; }; }' is not assignable to type '{ __proto__: { isAdmin: boolean; }; constructor?: undefined; prototype?: undefined; } | { constructor: { prototype: { isAdmin: boolean; }; }; __proto__?: undefined; prototype?: undefined; } | { prototype: { ...; }; __proto__?: undefined; constructor?: undefined; }'.\r",
    "src/modules/policies/__tests__/policies.security.spec.ts(544,9): error TS2322: Type '{ prototype: { isAdmin: true; }; }' is not assignable to type '{ __proto__: { isAdmin: boolean; }; constructor?: undefined; prototype?: undefined; } | { constructor: { prototype: { isAdmin: boolean; }; }; __proto__?: undefined; prototype?: undefined; } | { prototype: { ...; }; __proto__?: undefined; constructor?: undefined; }'.\r",
    "src/modules/policies/__tests__/policies.security.spec.ts(630,39): error TS2554: Expected 3 arguments, but got 2.\r",
    "src/modules/policies/__tests__/policies.service.integration.spec.ts(200,23): error TS2554: Expected 10 arguments, but got 6.\r",
    "src/modules/policies/__tests__/policies.service.integration.spec.ts(224,51): error TS2345: Argument of type '{ organizationId: string; createdBy: string; title: string; description: string; type: PolicyType; priority: PolicyPriority; scope: PolicyScope; ... 7 more ...; keywords: string[]; }' is not assignable to parameter of type 'CreatePolicyDto'.\r",
    "src/modules/policies/__tests__/policies.service.integration.spec.ts(260,52): error TS2345: Argument of type '{ organizationId: string; createdBy: string; title: string; description: string; type: PolicyType; priority: PolicyPriority; scope: PolicyScope; ... 7 more ...; keywords: string[]; }' is not assignable to parameter of type 'CreatePolicyDto'.\r",
    "src/modules/policies/__tests__/policies.service.integration.spec.ts(269,52): error TS2345: Argument of type '{ title: string; organizationId: string; createdBy: string; description: string; type: PolicyType; priority: PolicyPriority; scope: PolicyScope; ... 7 more ...; keywords: string[]; }' is not assignable to parameter of type 'CreatePolicyDto'.\r",
    "src/modules/policies/__tests__/policies.service.integration.spec.ts(354,29): error TS2339: Property 'status' does not exist on type 'FindOptionsWhere<Policy> | FindOptionsWhere<Policy>[]'.\r",
    "src/modules/policies/__tests__/policies.service.integration.spec.ts(355,71): error TS2339: Property 'status' does not exist on type 'FindOptionsWhere<Policy> | FindOptionsWhere<Policy>[]'.\r",
    "src/modules/policies/__tests__/policies.service.integration.spec.ts(357,29): error TS2339: Property 'type' does not exist on type 'FindOptionsWhere<Policy> | FindOptionsWhere<Policy>[]'.\r",
    "src/modules/policies/__tests__/policies.service.integration.spec.ts(358,69): error TS2339: Property 'type' does not exist on type 'FindOptionsWhere<Policy> | FindOptionsWhere<Policy>[]'.\r",
    "src/modules/policies/__tests__/policies.service.integration.spec.ts(403,44): error TS2339: Property 'findExpiring' does not exist on type 'PoliciesService'.\r",
    "src/modules/policies/__tests__/policies.service.integration.spec.ts(410,44): error TS2339: Property 'findExpiring' does not exist on type 'PoliciesService'.\r",
    "src/modules/policies/__tests__/policies.service.integration.spec.ts(445,44): error TS2339: Property 'findNeedsReview' does not exist on type 'PoliciesService'.\r",
    "src/modules/policies/__tests__/policies.service.integration.spec.ts(473,56): error TS2345: Argument of type '(policy: DeepPartial<Policy>) => Promise<{ viewCount: number; id: string; title: string; policyNumber: string; version: string; description?: string; purpose: string; type: PolicyType; ... 55 more ...; controls?: Control[]; } | { ...; }>' is not assignable to parameter of type '(entity: DeepPartial<Policy>, options?: SaveOptions) => Promise<DeepPartial<Policy> & Policy>'.\r",
    "src/modules/policies/__tests__/policies.service.integration.spec.ts(475,36): error TS2345: Argument of type '{ viewCount: number; id: string; title: string; policyNumber: string; version: string; description?: string; purpose: string; type: PolicyType; status: PolicyStatus; ... 54 more ...; controls?: Control[]; } | { ...; }' is not assignable to parameter of type 'Policy'.\r",
    "src/modules/policies/__tests__/policies.service.integration.spec.ts(540,56): error TS2345: Argument of type '(policy: DeepPartial<Policy>) => Promise<{ changeHistory: DeepPartial<{ version: string; changedBy: string; changedAt: Date; changes: { summary: string; details?: AuditLogDetails; sections?: string[]; }; approved?: boolean; approvedBy?: string; }>[]; ... 62 more ...; controls?: Control[]; } | { ...; }>' is not assignable to parameter of type '(entity: DeepPartial<Policy>, options?: SaveOptions) => Promise<DeepPartial<Policy> & Policy>'.\r",
    "src/modules/policies/__tests__/policies.service.integration.spec.ts(554,36): error TS2345: Argument of type '{ changeHistory: DeepPartial<{ version: string; changedBy: string; changedAt: Date; changes: { summary: string; details?: AuditLogDetails; sections?: string[]; }; approved?: boolean; approvedBy?: string; }>[]; ... 62 more ...; controls?: Control[]; } | { ...; }' is not assignable to parameter of type 'Policy'.\r",
    "src/modules/policies/__tests__/policies.service.integration.spec.ts(558,44): error TS2554: Expected 3 arguments, but got 2.\r",
    "src/modules/policies/__tests__/policies.service.integration.spec.ts(582,56): error TS2345: Argument of type '(policy: DeepPartial<Policy>) => Promise<{ title: string; changeHistory: DeepPartial<{ version: string; changedBy: string; changedAt: Date; changes: { summary: string; details?: AuditLogDetails; sections?: string[]; }; approved?: boolean; approvedBy?: string; }>[]; ... 61 more ...; controls?: Control[]; } | { ...; }>' is not assignable to parameter of type '(entity: DeepPartial<Policy>, options?: SaveOptions) => Promise<DeepPartial<Policy> & Policy>'.\r",
    "src/modules/policies/__tests__/policies.service.integration.spec.ts(597,36): error TS2345: Argument of type '{ title: string; changeHistory: DeepPartial<{ version: string; changedBy: string; changedAt: Date; changes: { summary: string; details?: AuditLogDetails; sections?: string[]; }; approved?: boolean; approvedBy?: string; }>[]; ... 61 more ...; controls?: Control[]; } | { ...; }' is not assignable to parameter of type 'Policy'.\r",
    "src/modules/policies/__tests__/policies.service.integration.spec.ts(601,29): error TS2554: Expected 3 arguments, but got 2.\r",
    "src/modules/policies/__tests__/policies.service.integration.spec.ts(628,56): error TS2345: Argument of type '(policy: DeepPartial<Policy>) => Promise<{ status: PolicyStatus; approvalDate: Date; approvedBy: string; id: string; title: string; policyNumber: string; ... 58 more ...; controls?: Control[]; } | { ...; }>' is not assignable to parameter of type '(entity: DeepPartial<Policy>, options?: SaveOptions) => Promise<DeepPartial<Policy> & Policy>'.\r",
    "src/modules/policies/__tests__/policies.service.integration.spec.ts(635,36): error TS2345: Argument of type '{ status: PolicyStatus; approvalDate: Date; approvedBy: string; id: string; title: string; policyNumber: string; version: string; description?: string; purpose: string; ... 55 more ...; controls?: Control[]; } | { ...; }' is not assignable to parameter of type 'Policy'.\r",
    "src/modules/policies/__tests__/policies.service.integration.spec.ts(639,62): error TS2345: Argument of type '{ comments: string; }' is not assignable to parameter of type 'string'.\r",
    "src/modules/policies/__tests__/policies.service.integration.spec.ts(663,54): error TS2345: Argument of type '{}' is not assignable to parameter of type 'string'.\r",
    "src/modules/policies/__tests__/policies.service.integration.spec.ts(682,56): error TS2345: Argument of type '(policy: DeepPartial<Policy>) => Promise<{ status: PolicyStatus; publishedDate: Date; publishedBy: string; id: string; title: string; policyNumber: string; ... 58 more ...; controls?: Control[]; } | { ...; }>' is not assignable to parameter of type '(entity: DeepPartial<Policy>, options?: SaveOptions) => Promise<DeepPartial<Policy> & Policy>'.\r",
    "src/modules/policies/__tests__/policies.service.integration.spec.ts(689,36): error TS2345: Argument of type '{ status: PolicyStatus; publishedDate: Date; publishedBy: string; id: string; title: string; policyNumber: string; version: string; description?: string; purpose: string; ... 55 more ...; controls?: Control[]; } | { ...; }' is not assignable to parameter of type 'Policy'.\r",
    "src/modules/policies/__tests__/policies.service.integration.spec.ts(693,44): error TS2554: Expected 2 arguments, but got 1.\r",
    "src/modules/policies/__tests__/policies.service.integration.spec.ts(716,56): error TS2345: Argument of type '(policy: DeepPartial<Policy>) => Promise<{ status: PolicyStatus; publishedDate: Date; publishedBy: string; id: string; title: string; policyNumber: string; ... 58 more ...; controls?: Control[]; } | { ...; }>' is not assignable to parameter of type '(entity: DeepPartial<Policy>, options?: SaveOptions) => Promise<DeepPartial<Policy> & Policy>'.\r",
    "src/modules/policies/__tests__/policies.service.integration.spec.ts(723,36): error TS2345: Argument of type '{ status: PolicyStatus; publishedDate: Date; publishedBy: string; id: string; title: string; policyNumber: string; version: string; description?: string; purpose: string; ... 55 more ...; controls?: Control[]; } | { ...; }' is not assignable to parameter of type 'Policy'.\r",
    "src/modules/policies/__tests__/policies.service.integration.spec.ts(727,44): error TS2554: Expected 2 arguments, but got 1.\r",
    "src/modules/policies/__tests__/policies.service.integration.spec.ts(754,56): error TS2345: Argument of type '(policy: DeepPartial<Policy>) => Promise<{ exceptions: ({ id?: string; description?: string; justification?: string; approvedBy?: string; approvalDate?: DeepPartial<Date>; expirationDate?: DeepPartial<...>; conditions?: DeepPartial<...>; } | { ...; })[]; ... 62 more ...; controls?: Control[]; } | { ...; }>' is not assignable to parameter of type '(entity: DeepPartial<Policy>, options?: SaveOptions) => Promise<DeepPartial<Policy> & Policy>'.\r",
    "src/modules/policies/__tests__/policies.service.integration.spec.ts(766,36): error TS2345: Argument of type '{ exceptions: ({ id?: string; description?: string; justification?: string; approvedBy?: string; approvalDate?: DeepPartial<Date>; expirationDate?: DeepPartial<Date>; conditions?: DeepPartial<...>; } | { ...; })[]; ... 62 more ...; controls?: Control[]; } | { ...; }' is not assignable to parameter of type 'Policy'.\r",
    "src/modules/policies/__tests__/policies.service.integration.spec.ts(770,44): error TS2554: Expected 3 arguments, but got 2.\r",
    "src/modules/policies/__tests__/policies.service.integration.spec.ts(800,56): error TS2345: Argument of type '(policy: DeepPartial<Policy>) => Promise<{ status: PolicyStatus; archivedAt: Date; archivedBy: string; id: string; title: string; policyNumber: string; ... 58 more ...; controls?: Control[]; } | { ...; }>' is not assignable to parameter of type '(entity: DeepPartial<Policy>, options?: SaveOptions) => Promise<DeepPartial<Policy> & Policy>'.\r",
    "src/modules/policies/__tests__/policies.service.integration.spec.ts(807,36): error TS2345: Argument of type '{ status: PolicyStatus; archivedAt: Date; archivedBy: string; id: string; title: string; policyNumber: string; version: string; description?: string; purpose: string; type: PolicyType; ... 54 more ...; controls?: Control[]; } | { ...; }' is not assignable to parameter of type 'Policy'.\r",
    "src/modules/policies/__tests__/policies.service.integration.spec.ts(811,29): error TS2554: Expected 2 arguments, but got 1.\r",
    "src/modules/policies/__tests__/policies.service.spec.ts(211,13): error TS2341: Property 'sanitizePolicyContent' is private and only accessible within class 'PoliciesService'.\r",
    "src/modules/policies/__tests__/policies.service.spec.ts(479,36): error TS2345: Argument of type '{ id: string; organizationId: string; }' is not assignable to parameter of type 'UserContext'.\r",
    "src/modules/policies/__tests__/policies.service.spec.ts(790,65): error TS2345: Argument of type '{ user: string; action: string; resource: string; }' is not assignable to parameter of type 'PolicyOperationContext'.\r",
    "src/modules/policies/__tests__/policies.service.spec.ts(827,65): error TS2345: Argument of type '{ user: string; action: string; resource: string; }' is not assignable to parameter of type 'PolicyOperationContext'.\r",
    "src/modules/policies/__tests__/policies.service.spec.ts(843,57): error TS2345: Argument of type '{ user: string; action: string; resource: string; }' is not assignable to parameter of type 'PolicyOperationContext'.\r",
    "src/modules/policies/__tests__/policies.workflow.spec.ts(472,35): error TS2339: Property 'status' does not exist on type '{ id: string; description: string; justification: string; approvedBy: string; approvalDate: Date; expirationDate?: Date; conditions?: string[]; }'.\r",
    "src/modules/policies/__tests__/policies.workflow.spec.ts(545,67): error TS2339: Property 'complianceThreshold' does not exist on type 'Policy'.\r",
    "src/modules/policies/__tests__/policies.workflow.spec.ts(558,22): error TS2339: Property 'count' does not exist on type '{ create: Mock<any, any, any>; save: Mock<any, any, any>; findOne: Mock<any, any, any>; find: Mock<any, any, any>; createQueryBuilder: Mock<any, any, any>; }'.\r",
    "src/modules/policies/__tests__/policies.workflow.spec.ts(560,28): error TS2345: Argument of type '{ title: string; type: PolicyType.SECURITY; content: { sections: undefined[]; }; organizationId: string; createdBy: string; }' is not assignable to parameter of type 'CreatePolicyDto'.\r",
    "src/modules/policies/__tests__/policies.workflow.spec.ts(680,48): error TS2339: Property 'action' does not exist on type '{ version: string; changedBy: string; changedAt: Date; changes: { summary: string; details?: AuditLogDetails; sections?: string[]; }; approved?: boolean; approvedBy?: string; } | { ...; }'.\r",
    "src/modules/policies/entities/policy.entity.ts(835,32): error TS2345: Argument of type 'PolicySection' is not assignable to parameter of type '{ id: string; title: string; content: string; order: number; subsections?: { id: string; title: string; content: string; order: number; }[]; }'.\r",
    "src/modules/policies/entities/policy.entity.ts(868,57): error TS2698: Spread types may only be created from object types.\r",
    "src/modules/policies/policies.controller.ts(260,52): error TS2345: Argument of type 'PolicyEvaluationContextDto' is not assignable to parameter of type 'PolicyOperationContext'.\r",
    "src/modules/policies/policies.service.ts(14,8): error TS2724: '\"@soc-compliance/events\"' has no exported member named 'PolicyApprovedEvent'. Did you mean 'PolicyArchivedEvent'?\r",
    "src/modules/policies/policies.service.ts(16,8): error TS2305: Module '\"@soc-compliance/events\"' has no exported member 'PolicyCreatedEvent'.\r",
    "src/modules/policies/policies.service.ts(21,8): error TS2305: Module '\"@soc-compliance/events\"' has no exported member 'PolicyUpdatedEvent'.\r",
    "src/modules/policies/policies.service.ts(120,42): error TS2769: No overload matches this call.\r",
    "src/modules/policies/policies.service.ts(160,42): error TS2345: Argument of type 'Policy[]' is not assignable to parameter of type 'Policy'.\r",
    "src/modules/policies/policies.service.ts(173,35): error TS2339: Property 'organizationId' does not exist on type 'Policy[]'.\r",
    "src/modules/policies/policies.service.ts(175,31): error TS2339: Property 'id' does not exist on type 'Policy[]'.\r",
    "src/modules/policies/policies.service.ts(176,35): error TS2339: Property 'policyNumber' does not exist on type 'Policy[]'.\r",
    "src/modules/policies/policies.service.ts(177,28): error TS2339: Property 'title' does not exist on type 'Policy[]'.\r",
    "src/modules/policies/policies.service.ts(178,27): error TS2339: Property 'type' does not exist on type 'Policy[]'.\r",
    "src/modules/policies/policies.service.ts(179,29): error TS2339: Property 'status' does not exist on type 'Policy[]'.\r",
    "src/modules/policies/policies.service.ts(180,33): error TS2339: Property 'complianceMapping' does not exist on type 'Policy[]'.\r",
    "src/modules/policies/policies.service.ts(185,76): error TS2339: Property 'id' does not exist on type 'Policy[]'.\r",
    "src/modules/policies/policies.service.ts(187,5): error TS2740: Type 'Policy[]' is missing the following properties from type 'Policy': id, title, policyNumber, version, and 31 more.\r",
    "src/modules/policies/policies.service.ts(507,7): error TS2741: Property 'sections' is missing in type '{}' but required in type 'PolicyContentDto'.\r",
    "src/modules/policies/policies.service.ts(527,9): error TS2741: Property 'action' is missing in type '{}' but required in type 'AuditLogDetails'.\r",
    "src/modules/policies/policies.service.ts(899,57): error TS2559: Type 'WorkflowTransitionMetadata' has no properties in common with type 'AuditMetadata'.\r",
    "src/modules/policies/policies.service.ts(947,50): error TS2345: Argument of type 'unknown' is not assignable to parameter of type 'string'.\r",
    "src/modules/policies/policies.service.ts(956,43): error TS2322: Type 'unknown' is not assignable to type 'PolicyStatus'.\r",
    "src/modules/policies/policies.service.ts(959,43): error TS2322: Type 'unknown' is not assignable to type 'string'.\r",
    "src/modules/policies/policies.service.ts(1057,63): error TS2345: Argument of type 'PolicyOperationContext' is not assignable to parameter of type 'PolicyEvaluationCacheContext'.\r",
    "src/modules/policies/policies.service.ts(1060,7): error TS2741: Property 'result' is missing in type '{}' but required in type 'PolicyEvaluationResult'.\r",
    "src/modules/policies/policies.service.ts(1071,71): error TS2345: Argument of type 'PolicyOperationContext' is not assignable to parameter of type 'OpaInput'.\r",
    "src/modules/policies/policies.service.ts(1102,7): error TS2741: Property 'result' is missing in type '{ allowed: boolean; reasons: any; decision_id: string; evaluationTime: number; }' but required in type 'PolicyEvaluationResult'.\r",
    "src/modules/policies/policies.service.ts(1127,7): error TS2322: Type '{ organizationId: string; status?: string; priority?: string; owner?: string; tags?: string[]; search?: string; page?: number; limit?: number; sort?: string; order?: \"ASC\" | \"DESC\"; }' is not assignable to type '{ type?: string[]; status?: string[]; organizationId?: string; frameworks?: string[]; tags?: string[]; dateRange?: { field: string; from?: Date; to?: Date; }; }'.\r",
    "src/modules/policies/policies.service.ts(1131,28): error TS2339: Property 'pagination' does not exist on type 'PolicyQueryFilters'.\r",
    "src/modules/policies/policies.service.ts(1132,7): error TS2322: Type 'string' is not assignable to type '{ field: string; order: \"asc\" | \"desc\"; }[]'.\r",
    "src/modules/policies/policies.service.ts(1159,17): error TS2339: Property 'sections' does not exist on type 'unknown'.\r",
    "src/modules/policies/policies.service.ts(1160,15): error TS2339: Property 'sections' does not exist on type 'unknown'.\r",
    "src/modules/policies/policies.service.ts(1160,34): error TS2339: Property 'sections' does not exist on type 'unknown'.\r",
    "src/modules/policies/policies.service.ts(1162,18): error TS2349: This expression is not callable.\r",
    "src/modules/policies/policies.service.ts(1165,20): error TS2349: This expression is not callable.\r",
    "src/modules/policies/policies.service.ts(1253,5): error TS2739: Type '{ byStatus: {}; byType: {}; expiringSoon: number; needsReview: number; averageComplianceScore: number; }' is missing the following properties from type 'PolicyMetricsResult': total, byPriority\r",
    "src/modules/policies/policies.service.ts(1293,7): error TS2353: Object literal may only specify known properties, and 'implementation' does not exist in type '{ controls: string[]; coverage: number; gaps?: string[]; }'.\r",
    "src/modules/policies/policies.service.ts(1312,20): error TS2353: Object literal may only specify known properties, and 'control' does not exist in type 'AuditLogDetails'.\r",
    "src/modules/policies/policies.service.ts(1422,20): error TS2353: Object literal may only specify known properties, and 'control' does not exist in type 'AuditLogDetails'.\r",
    "src/modules/policies/policies.service.ts(1514,44): error TS2339: Property 'getMany' does not exist on type 'CacheService'.\r",
    "src/modules/policies/policies.service.ts(1554,7): error TS2322: Type 'unknown' is not assignable to type 'ControlDetails'.\r",
    "src/modules/policies/policies.service.ts(1562,11): error TS2353: Object literal may only specify known properties, and 'code' does not exist in type '{ id: string; name?: string; description?: string; status?: string; framework?: string; category?: string; priority?: string; lastUpdated?: Date; implementationStatus?: string; }'.\r",
    "src/modules/policies/policies.service.ts(1630,7): error TS2740: Type '{}' is missing the following properties from type 'WorkflowInstance': id, type, entityId, status, and 4 more.\r",
    "src/modules/policies/policies.service.ts(1648,7): error TS2322: Type 'unknown' is not assignable to type 'EvidenceDetails'.\r",
    "src/modules/policies/policies.service.ts(1694,66): error TS2339: Property 'strength' does not exist on type '{ controls: string[]; coverage: number; gaps?: string[]; }'.\r",
    "src/modules/policies/policies.service.ts(1712,45): error TS2339: Property 'implementation' does not exist on type '{ controls: string[]; coverage: number; gaps?: string[]; }'.\r",
    "src/modules/policies/policies.service.ts(1713,39): error TS2339: Property 'strength' does not exist on type '{ controls: string[]; coverage: number; gaps?: string[]; }'.\r",
    "src/modules/policies/policies.service.ts(1714,36): error TS2339: Property 'notes' does not exist on type '{ controls: string[]; coverage: number; gaps?: string[]; }'.\r",
    "src/modules/policies/policies.service.ts(1716,39): error TS2339: Property 'evidence' does not exist on type '{ controls: string[]; coverage: number; gaps?: string[]; }'.\r",
    "src/modules/policies/policies.service.ts(1766,27): error TS2339: Property 'strength' does not exist on type '{ controls: string[]; coverage: number; gaps?: string[]; }'.\r",
    "src/modules/policies/types/policy.types.ts(6,10): error TS2459: Module '\"../../compliance/entities/control.entity\"' declares 'ComplianceFramework' locally, but it is not exported.\r",
    "src/modules/policies/types/policy.types.ts(489,3): error TS2484: Export declaration conflicts with exported declaration of 'PolicyMetadata'.\r",
    "src/modules/policies/types/policy.types.ts(490,3): error TS2484: Export declaration conflicts with exported declaration of 'PolicyActionParameters'.\r",
    "src/modules/policies/types/policy.types.ts(491,3): error TS2484: Export declaration conflicts with exported declaration of 'PolicyEvaluationContext'.\r",
    "src/modules/policies/types/policy.types.ts(492,3): error TS2484: Export declaration conflicts with exported declaration of 'ControlMetadata'.\r",
    "src/modules/policies/types/policy.types.ts(493,3): error TS2484: Export declaration conflicts with exported declaration of 'ComplianceMapping'.\r",
    "src/modules/policies/types/policy.types.ts(494,3): error TS2484: Export declaration conflicts with exported declaration of 'PolicyAutomationRule'.\r",
    "src/modules/policies/types/policy.types.ts(495,3): error TS2484: Export declaration conflicts with exported declaration of 'PolicyTemplate'.\r",
    "src/modules/policies/types/policy.types.ts(496,3): error TS2484: Export declaration conflicts with exported declaration of 'PolicyIntegrationConfig'.\r",
    "src/modules/policies/types/policy.types.ts(497,3): error TS2484: Export declaration conflicts with exported declaration of 'PolicySearchParams'.\r",
    "src/modules/policies/types/policy.types.ts(498,3): error TS2484: Export declaration conflicts with exported declaration of 'PolicyMetrics'.\r",
    "src/modules/policies/types/policy.types.ts(499,3): error TS2484: Export declaration conflicts with exported declaration of 'ComplianceScoreCalculation'.\r",
    "src/modules/policy-engine/__tests__/policy-engine.controller.spec.ts(66,11): error TS2353: Object literal may only specify known properties, and 'classification' does not exist in type '{ id: string; type: string; attributes: PolicyAttributes; }'.\r",
    "src/modules/policy-engine/__tests__/policy-engine.controller.spec.ts(71,9): error TS2322: Type '{ time: string; ipAddress: string; location: string; }' is not assignable to type 'PolicyEnvironment & { timestamp: Date; }'.\r",
    "src/modules/policy-engine/__tests__/policy-engine.controller.spec.ts(146,28): error TS2339: Property 'user' does not exist on type 'PolicyContext'.\r",
    "src/modules/policy-engine/__tests__/policy-engine.controller.spec.ts(165,39): error TS2353: Object literal may only specify known properties, and 'classification' does not exist in type '{ id: string; type: string; attributes: PolicyAttributes; }'.\r",
    "src/modules/policy-engine/__tests__/policy-engine.controller.spec.ts(167,11): error TS2322: Type '{ time: string; }' is not assignable to type 'PolicyEnvironment & { timestamp: Date; }'.\r",
    "src/modules/policy-engine/__tests__/policy-engine.controller.spec.ts(193,41): error TS2353: Object literal may only specify known properties, and 'classification' does not exist in type '{ id: string; type: string; attributes: PolicyAttributes; }'.\r",
    "src/modules/policy-engine/__tests__/policy-engine.controller.spec.ts(195,11): error TS2322: Type '{ time: string; }' is not assignable to type 'PolicyEnvironment & { timestamp: Date; }'.\r",
    "src/modules/policy-engine/__tests__/policy-engine.controller.spec.ts(211,23): error TS2339: Property 'overallDecision' does not exist on type 'PolicyEvaluationResult[]'.\r",
    "src/modules/policy-engine/__tests__/policy-engine.controller.spec.ts(475,23): error TS2339: Property 'auditTrail' does not exist on type 'Policy'.\r",
    "src/modules/policy-engine/__tests__/policy-engine.controller.spec.ts(476,23): error TS2339: Property 'auditTrail' does not exist on type 'Policy'.\r",
    "src/modules/policy-engine/__tests__/policy-engine.service.spec.ts(7,3): error TS2305: Module '\"../../../../test/utils/test-helpers\"' has no exported member 'TEST_OPA_POLICIES'.\r",
    "src/modules/policy-engine/__tests__/policy-engine.service.spec.ts(78,9): error TS2353: Object literal may only specify known properties, and 'classification' does not exist in type '{ id: string; type: string; attributes: PolicyAttributes; }'.\r",
    "src/modules/policy-engine/__tests__/policy-engine.service.spec.ts(83,7): error TS2322: Type '{ time: string; ipAddress: string; location: string; }' is not assignable to type 'PolicyEnvironment & { timestamp: Date; }'.\r",
    "src/modules/policy-engine/__tests__/policy-engine.service.spec.ts(169,32): error TS2352: Conversion of type '{ user: { id: string; }; }' to type 'PolicyContext' may be a mistake because neither type sufficiently overlaps with the other. If this was intentional, convert the expression to 'unknown' first.\r",
    "src/modules/policy-engine/__tests__/policy-engine.service.spec.ts(228,23): error TS2339: Property 'metadata' does not exist on type 'PolicyEvaluationResult[]'.\r",
    "src/modules/policy-engine/__tests__/policy-engine.service.spec.ts(316,25): error TS2339: Property 'rules' does not exist on type 'PolicyRule'.\r",
    "src/modules/policy-engine/__tests__/policy-engine.service.spec.ts(411,28): error TS2304: Cannot find name 'mockContext'.\r",
    "src/modules/policy-engine/__tests__/policy-engine.service.spec.ts(453,52): error TS2304: Cannot find name 'mockContext'.\r",
    "src/modules/policy-engine/__tests__/policy-engine.service.spec.ts(473,48): error TS2304: Cannot find name 'mockContext'.\r",
    "src/modules/policy-engine/evaluators/policy.evaluator.ts(2,27): error TS2307: Cannot find module 'safe-eval' or its corresponding type declarations.\r",
    "src/modules/policy-engine/policy-engine.controller.ts(134,70): error TS2345: Argument of type '{ createdBy: any; name?: string; description?: string; parameters?: PolicyEvaluationParameters; organizationId: string; }' is not assignable to parameter of type '{ name?: string; description?: string; parameters?: TemplateParameters; organizationId: string; createdBy: string; }'.\r",
    "src/modules/search/__tests__/search.service.spec.ts(106,33): error TS2345: Argument of type '{ id: string; policyNumber: string; title: string; description: string; purpose: string; type: string; status: string; workflowState: string; priority: string; scope: string; organizationId: string; ... 24 more ...; regoPolicy: string; }' is not assignable to parameter of type 'Policy'.\r",
    "src/modules/search/__tests__/search.service.spec.ts(125,40): error TS2345: Argument of type '{ id: string; policyNumber: string; title: string; description: string; purpose: string; type: string; status: string; workflowState: string; priority: string; scope: string; organizationId: string; ... 24 more ...; regoPolicy: string; }' is not assignable to parameter of type 'Policy'.\r",
    "src/modules/search/__tests__/search.service.spec.ts(304,39): error TS2345: Argument of type '{ id: string; policyNumber: string; title: string; description: string; purpose: string; type: string; status: string; workflowState: string; priority: string; scope: string; organizationId: string; ... 24 more ...; regoPolicy: string; }[]' is not assignable to parameter of type 'Policy[]'.\r",
    "src/modules/search/__tests__/search.service.spec.ts(329,11): error TS2740: Type '{ id: string; policyNumber: string; title: string; description: string; purpose: string; type: string; status: string; workflowState: string; priority: string; scope: string; organizationId: string; ... 24 more ...; regoPolicy: string; }' is missing the following properties from type 'Policy': isActive, isExpiringSoon, needsReview, completionPercentage, and 7 more.\r",
    "src/modules/search/__tests__/search.service.spec.ts(330,11): error TS2740: Type '{ id: string; policyNumber: string; title: string; description: string; purpose: string; type: string; status: string; workflowState: string; priority: string; scope: string; organizationId: string; ... 24 more ...; regoPolicy: string; }' is missing the following properties from type 'Policy': isActive, isExpiringSoon, needsReview, completionPercentage, and 7 more.\r",
    "src/modules/search/__tests__/search.service.spec.ts(469,33): error TS2740: Type '{ id: string; policyNumber: string; title: string; description: string; purpose: string; type: string; status: string; workflowState: string; priority: string; scope: string; organizationId: string; ... 24 more ...; regoPolicy: string; }' is missing the following properties from type 'Policy': isActive, isExpiringSoon, needsReview, completionPercentage, and 7 more.\r",
    "test/jest-setup.ts(7,3): error TS2741: Property '__promisify__' is missing in type '(fn: any, ...args: any[]) => any' but required in type 'typeof setImmediate'.\r",
    "test/jest-setup.ts(17,3): error TS2322: Type '(array: Uint8Array) => Uint8Array<ArrayBufferLike>' is not assignable to type '<T extends ArrayBufferView | null>(array: T) => T'.\r"
  ]
}