src/modules/compliance/__tests__/compliance-mapping.controller.spec.ts(7,10): error TS2305: Module '"../dto"' has no exported member 'CreateMappingDto'.
src/modules/compliance/__tests__/compliance-mapping.controller.spec.ts(7,28): error TS2305: Module '"../dto"' has no exported member 'UpdateMappingDto'.
src/modules/compliance/__tests__/compliance-mapping.controller.spec.ts(7,46): error TS2305: Module '"../dto"' has no exported member 'QueryMappingDto'.
src/modules/compliance/__tests__/compliance-mapping.controller.spec.ts(7,63): error TS2305: Module '"../dto"' has no exported member 'BulkMappingDto'.
src/modules/compliance/__tests__/compliance-mapping.controller.spec.ts(130,39): error TS2339: Property 'create' does not exist on type 'ComplianceMappingController'.
src/modules/compliance/__tests__/compliance-mapping.controller.spec.ts(133,22): error TS2339: Property 'create' does not exist on type 'ComplianceMappingService'.
src/modules/compliance/__tests__/compliance-mapping.controller.spec.ts(141,31): error TS2339: Property 'create' does not exist on type 'ComplianceMappingController'.
src/modules/compliance/__tests__/compliance-mapping.controller.spec.ts(150,31): error TS2339: Property 'create' does not exist on type 'ComplianceMappingController'.
src/modules/compliance/__tests__/compliance-mapping.controller.spec.ts(170,39): error TS2339: Property 'findAll' does not exist on type 'ComplianceMappingController'.
src/modules/compliance/__tests__/compliance-mapping.controller.spec.ts(173,22): error TS2339: Property 'findAll' does not exist on type 'ComplianceMappingService'.
src/modules/compliance/__tests__/compliance-mapping.controller.spec.ts(180,24): error TS2339: Property 'findAll' does not exist on type 'ComplianceMappingController'.
src/modules/compliance/__tests__/compliance-mapping.controller.spec.ts(182,22): error TS2339: Property 'findAll' does not exist on type 'ComplianceMappingService'.
src/modules/compliance/__tests__/compliance-mapping.controller.spec.ts(189,24): error TS2339: Property 'findAll' does not exist on type 'ComplianceMappingController'.
src/modules/compliance/__tests__/compliance-mapping.controller.spec.ts(191,22): error TS2339: Property 'findAll' does not exist on type 'ComplianceMappingService'.
src/modules/compliance/__tests__/compliance-mapping.controller.spec.ts(198,24): error TS2339: Property 'findAll' does not exist on type 'ComplianceMappingController'.
src/modules/compliance/__tests__/compliance-mapping.controller.spec.ts(200,22): error TS2339: Property 'findAll' does not exist on type 'ComplianceMappingService'.
src/modules/compliance/__tests__/compliance-mapping.controller.spec.ts(207,24): error TS2339: Property 'findAll' does not exist on type 'ComplianceMappingController'.
src/modules/compliance/__tests__/compliance-mapping.controller.spec.ts(209,22): error TS2339: Property 'findAll' does not exist on type 'ComplianceMappingService'.
src/modules/compliance/__tests__/compliance-mapping.controller.spec.ts(216,24): error TS2339: Property 'findAll' does not exist on type 'ComplianceMappingController'.
src/modules/compliance/__tests__/compliance-mapping.controller.spec.ts(218,22): error TS2339: Property 'findAll' does not exist on type 'ComplianceMappingService'.
src/modules/compliance/__tests__/compliance-mapping.controller.spec.ts(244,39): error TS2339: Property 'findAll' does not exist on type 'ComplianceMappingController'.
src/modules/compliance/__tests__/compliance-mapping.controller.spec.ts(255,39): error TS2339: Property 'findOne' does not exist on type 'ComplianceMappingController'.
src/modules/compliance/__tests__/compliance-mapping.controller.spec.ts(258,22): error TS2339: Property 'findOne' does not exist on type 'ComplianceMappingService'.
src/modules/compliance/__tests__/compliance-mapping.controller.spec.ts(266,31): error TS2339: Property 'findOne' does not exist on type 'ComplianceMappingController'.
src/modules/compliance/__tests__/compliance-mapping.controller.spec.ts(275,39): error TS2339: Property 'findByFrameworks' does not exist on type 'ComplianceMappingController'.
src/modules/compliance/__tests__/compliance-mapping.controller.spec.ts(278,22): error TS2339: Property 'findByFrameworks' does not exist on type 'ComplianceMappingService'.
src/modules/compliance/__tests__/compliance-mapping.controller.spec.ts(284,39): error TS2339: Property 'findByFrameworks' does not exist on type 'ComplianceMappingController'.
src/modules/compliance/__tests__/compliance-mapping.controller.spec.ts(307,39): error TS2339: Property 'update' does not exist on type 'ComplianceMappingController'.
src/modules/compliance/__tests__/compliance-mapping.controller.spec.ts(310,22): error TS2339: Property 'update' does not exist on type 'ComplianceMappingService'.
src/modules/compliance/__tests__/compliance-mapping.controller.spec.ts(318,31): error TS2339: Property 'update' does not exist on type 'ComplianceMappingController'.
src/modules/compliance/__tests__/compliance-mapping.controller.spec.ts(327,31): error TS2339: Property 'update' does not exist on type 'ComplianceMappingController'.
src/modules/compliance/__tests__/compliance-mapping.controller.spec.ts(336,24): error TS2339: Property 'remove' does not exist on type 'ComplianceMappingController'.
src/modules/compliance/__tests__/compliance-mapping.controller.spec.ts(338,22): error TS2339: Property 'remove' does not exist on type 'ComplianceMappingService'.
src/modules/compliance/__tests__/compliance-mapping.controller.spec.ts(346,31): error TS2339: Property 'remove' does not exist on type 'ComplianceMappingController'.
src/modules/compliance/__tests__/compliance-mapping.controller.spec.ts(382,41): error TS2339: Property 'bulkCreate' does not exist on type 'ComplianceMappingController'.
src/modules/compliance/__tests__/compliance-mapping.controller.spec.ts(385,22): error TS2339: Property 'bulkCreate' does not exist on type 'ComplianceMappingService'.
src/modules/compliance/__tests__/compliance-mapping.controller.spec.ts(404,41): error TS2339: Property 'bulkCreate' does not exist on type 'ComplianceMappingController'.
src/modules/compliance/__tests__/compliance-mapping.controller.spec.ts(445,39): error TS2339: Property 'getStatistics' does not exist on type 'ComplianceMappingController'.
src/modules/compliance/__tests__/compliance-mapping.controller.spec.ts(448,22): error TS2339: Property 'getMappingStatistics' does not exist on type 'ComplianceMappingService'.
src/modules/compliance/__tests__/compliance-mapping.controller.spec.ts(485,39): error TS2339: Property 'getCoverage' does not exist on type 'ComplianceMappingController'.
src/modules/compliance/__tests__/compliance-mapping.controller.spec.ts(488,22): error TS2339: Property 'getMappingCoverage' does not exist on type 'ComplianceMappingService'.
src/modules/compliance/__tests__/compliance-mapping.controller.spec.ts(529,70): error TS2554: Expected 1-2 arguments, but got 3.
src/modules/compliance/__tests__/compliance-mapping.controller.spec.ts(550,39): error TS2339: Property 'validateMapping' does not exist on type 'ComplianceMappingController'.
src/modules/compliance/__tests__/compliance-mapping.controller.spec.ts(553,22): error TS2339: Property 'validateMapping' does not exist on type 'ComplianceMappingService'.
src/modules/compliance/__tests__/compliance-mapping.controller.spec.ts(569,39): error TS2339: Property 'validateMapping' does not exist on type 'ComplianceMappingController'.
src/modules/compliance/__tests__/compliance-mapping.controller.spec.ts(592,39): error TS2339: Property 'export' does not exist on type 'ComplianceMappingController'.
src/modules/compliance/__tests__/compliance-mapping.controller.spec.ts(599,22): error TS2339: Property 'exportMappings' does not exist on type 'ComplianceMappingService'.
src/modules/compliance/__tests__/compliance-mapping.controller.spec.ts(609,24): error TS2339: Property 'export' does not exist on type 'ComplianceMappingController'.
src/modules/compliance/__tests__/compliance-mapping.controller.spec.ts(611,22): error TS2339: Property 'exportMappings' does not exist on type 'ComplianceMappingService'.
src/modules/compliance/__tests__/compliance-mapping.controller.spec.ts(646,39): error TS2339: Property 'import' does not exist on type 'ComplianceMappingController'.
src/modules/compliance/__tests__/compliance-mapping.controller.spec.ts(649,22): error TS2339: Property 'importMappings' does not exist on type 'ComplianceMappingService'.
src/modules/compliance/__tests__/compliance-mapping.controller.spec.ts(661,31): error TS2339: Property 'import' does not exist on type 'ComplianceMappingController'.
src/modules/compliance/__tests__/compliance-mapping.controller.spec.ts(706,39): error TS2339: Property 'getGaps' does not exist on type 'ComplianceMappingController'.
src/modules/compliance/__tests__/compliance-mapping.controller.spec.ts(709,22): error TS2339: Property 'getMappingGaps' does not exist on type 'ComplianceMappingService'.
src/modules/compliance/__tests__/compliance-mapping.controller.spec.ts(756,39): error TS2339: Property 'getConflicts' does not exist on type 'ComplianceMappingController'.
src/modules/compliance/__tests__/compliance-mapping.controller.spec.ts(759,22): error TS2339: Property 'getMappingConflicts' does not exist on type 'ComplianceMappingService'.
src/modules/compliance/__tests__/compliance-mapping.controller.spec.ts(782,39): error TS2339: Property 'approve' does not exist on type 'ComplianceMappingController'.
src/modules/compliance/__tests__/compliance-mapping.controller.spec.ts(785,22): error TS2339: Property 'approveMappings' does not exist on type 'ComplianceMappingService'.
src/modules/compliance/__tests__/compliance-mapping.controller.spec.ts(808,39): error TS2339: Property 'approve' does not exist on type 'ComplianceMappingController'.
src/modules/compliance/__tests__/compliance-mapping.controller.spec.ts(833,39): error TS2339: Property 'reject' does not exist on type 'ComplianceMappingController'.
src/modules/compliance/__tests__/compliance-mapping.controller.spec.ts(836,22): error TS2339: Property 'rejectMappings' does not exist on type 'ComplianceMappingService'.
src/modules/compliance/__tests__/compliance-mapping.controller.spec.ts(849,24): error TS2339: Property 'create' does not exist on type 'ComplianceMappingController'.
src/modules/compliance/__tests__/compliance-mapping.controller.spec.ts(851,22): error TS2339: Property 'create' does not exist on type 'ComplianceMappingService'.
src/modules/compliance/__tests__/compliance-mapping.controller.spec.ts(858,24): error TS2339: Property 'update' does not exist on type 'ComplianceMappingController'.
src/modules/compliance/__tests__/compliance-mapping.controller.spec.ts(860,22): error TS2339: Property 'update' does not exist on type 'ComplianceMappingService'.
src/modules/compliance/__tests__/compliance-mapping.controller.spec.ts(867,24): error TS2339: Property 'findAll' does not exist on type 'ComplianceMappingController'.
src/modules/compliance/__tests__/compliance-mapping.controller.spec.ts(869,22): error TS2339: Property 'findAll' does not exist on type 'ComplianceMappingService'.
src/modules/compliance/__tests__/compliance-mapping.controller.spec.ts(877,31): error TS2339: Property 'findAll' does not exist on type 'ComplianceMappingController'.
src/modules/compliance/__tests__/compliance-mapping.controller.spec.ts(895,31): error TS2339: Property 'create' does not exist on type 'ComplianceMappingController'.
src/modules/compliance/__tests__/compliance-mapping.controller.spec.ts(914,31): error TS2339: Property 'create' does not exist on type 'ComplianceMappingController'.
src/modules/compliance/__tests__/compliance-mapping.service.spec.ts(5,35): error TS2307: Cannot find module '../entities/compliance-mapping.entity' or its corresponding type declarations.
src/modules/compliance/__tests__/compliance-mapping.service.spec.ts(12,10): error TS2305: Module '"../dto"' has no exported member 'CreateMappingDto'.
src/modules/compliance/__tests__/compliance-mapping.service.spec.ts(12,28): error TS2305: Module '"../dto"' has no exported member 'UpdateMappingDto'.
src/modules/compliance/__tests__/compliance-mapping.service.spec.ts(12,46): error TS2305: Module '"../dto"' has no exported member 'QueryMappingDto'.
src/modules/compliance/__tests__/compliance-mapping.service.spec.ts(12,63): error TS2305: Module '"../dto"' has no exported member 'BulkMappingDto'.
src/modules/compliance/__tests__/compliance-mapping.service.spec.ts(229,36): error TS2339: Property 'create' does not exist on type 'ComplianceMappingService'.
src/modules/compliance/__tests__/compliance-mapping.service.spec.ts(242,28): error TS2339: Property 'indexMapping' does not exist on type 'SearchService'.
src/modules/compliance/__tests__/compliance-mapping.service.spec.ts(253,28): error TS2339: Property 'create' does not exist on type 'ComplianceMappingService'.
src/modules/compliance/__tests__/compliance-mapping.service.spec.ts(264,28): error TS2339: Property 'create' does not exist on type 'ComplianceMappingService'.
src/modules/compliance/__tests__/compliance-mapping.service.spec.ts(276,28): error TS2339: Property 'create' does not exist on type 'ComplianceMappingService'.
src/modules/compliance/__tests__/compliance-mapping.service.spec.ts(288,28): error TS2339: Property 'create' does not exist on type 'ComplianceMappingService'.
src/modules/compliance/__tests__/compliance-mapping.service.spec.ts(304,28): error TS2339: Property 'create' does not exist on type 'ComplianceMappingService'.
src/modules/compliance/__tests__/compliance-mapping.service.spec.ts(325,21): error TS2339: Property 'create' does not exist on type 'ComplianceMappingService'.
src/modules/compliance/__tests__/compliance-mapping.service.spec.ts(336,36): error TS2339: Property 'findAll' does not exist on type 'ComplianceMappingService'.
src/modules/compliance/__tests__/compliance-mapping.service.spec.ts(354,21): error TS2339: Property 'findAll' does not exist on type 'ComplianceMappingService'.
src/modules/compliance/__tests__/compliance-mapping.service.spec.ts(365,21): error TS2339: Property 'findAll' does not exist on type 'ComplianceMappingService'.
src/modules/compliance/__tests__/compliance-mapping.service.spec.ts(376,21): error TS2339: Property 'findAll' does not exist on type 'ComplianceMappingService'.
src/modules/compliance/__tests__/compliance-mapping.service.spec.ts(387,21): error TS2339: Property 'findAll' does not exist on type 'ComplianceMappingService'.
src/modules/compliance/__tests__/compliance-mapping.service.spec.ts(398,21): error TS2339: Property 'findAll' does not exist on type 'ComplianceMappingService'.
src/modules/compliance/__tests__/compliance-mapping.service.spec.ts(412,36): error TS2339: Property 'findAll' does not exist on type 'ComplianceMappingService'.
src/modules/compliance/__tests__/compliance-mapping.service.spec.ts(426,21): error TS2339: Property 'findAll' does not exist on type 'ComplianceMappingService'.
src/modules/compliance/__tests__/compliance-mapping.service.spec.ts(440,36): error TS2339: Property 'findOne' does not exist on type 'ComplianceMappingService'.
src/modules/compliance/__tests__/compliance-mapping.service.spec.ts(456,36): error TS2339: Property 'findOne' does not exist on type 'ComplianceMappingService'.
src/modules/compliance/__tests__/compliance-mapping.service.spec.ts(466,28): error TS2339: Property 'findOne' does not exist on type 'ComplianceMappingService'.
src/modules/compliance/__tests__/compliance-mapping.service.spec.ts(476,36): error TS2339: Property 'findByFrameworks' does not exist on type 'ComplianceMappingService'.
src/modules/compliance/__tests__/compliance-mapping.service.spec.ts(497,21): error TS2339: Property 'findByFrameworks' does not exist on type 'ComplianceMappingService'.
src/modules/compliance/__tests__/compliance-mapping.service.spec.ts(516,36): error TS2339: Property 'findByFrameworks' does not exist on type 'ComplianceMappingService'.
src/modules/compliance/__tests__/compliance-mapping.service.spec.ts(542,36): error TS2339: Property 'update' does not exist on type 'ComplianceMappingService'.
src/modules/compliance/__tests__/compliance-mapping.service.spec.ts(546,28): error TS2339: Property 'indexMapping' does not exist on type 'SearchService'.
src/modules/compliance/__tests__/compliance-mapping.service.spec.ts(560,17): error TS2339: Property 'update' does not exist on type 'ComplianceMappingService'.
src/modules/compliance/__tests__/compliance-mapping.service.spec.ts(571,21): error TS2339: Property 'update' does not exist on type 'ComplianceMappingService'.
src/modules/compliance/__tests__/compliance-mapping.service.spec.ts(581,17): error TS2339: Property 'update' does not exist on type 'ComplianceMappingService'.
src/modules/compliance/__tests__/compliance-mapping.service.spec.ts(594,21): error TS2339: Property 'remove' does not exist on type 'ComplianceMappingService'.
src/modules/compliance/__tests__/compliance-mapping.service.spec.ts(601,28): error TS2339: Property 'removeMapping' does not exist on type 'SearchService'.
src/modules/compliance/__tests__/compliance-mapping.service.spec.ts(613,28): error TS2339: Property 'remove' does not exist on type 'ComplianceMappingService'.
src/modules/compliance/__tests__/compliance-mapping.service.spec.ts(648,36): error TS2339: Property 'bulkCreate' does not exist on type 'ComplianceMappingService'.
src/modules/compliance/__tests__/compliance-mapping.service.spec.ts(667,36): error TS2339: Property 'bulkCreate' does not exist on type 'ComplianceMappingService'.
src/modules/compliance/__tests__/compliance-mapping.service.spec.ts(686,36): error TS2339: Property 'bulkCreate' does not exist on type 'ComplianceMappingService'.
src/modules/compliance/__tests__/compliance-mapping.service.spec.ts(702,36): error TS2339: Property 'getMappingStatistics' does not exist on type 'ComplianceMappingService'.
src/modules/compliance/__tests__/compliance-mapping.service.spec.ts(720,36): error TS2339: Property 'getMappingCoverage' does not exist on type 'ComplianceMappingService'.
src/modules/compliance/__tests__/compliance-mapping.service.spec.ts(748,36): error TS2339: Property 'getMappingCoverage' does not exist on type 'ComplianceMappingService'.
src/modules/compliance/__tests__/compliance-mapping.service.spec.ts(775,21): error TS2339: Property 'suggestions' does not exist on type 'any[]'.
src/modules/compliance/__tests__/compliance-mapping.service.spec.ts(791,92): error TS2554: Expected 1-2 arguments, but got 3.
src/modules/compliance/__tests__/compliance-mapping.service.spec.ts(793,21): error TS2339: Property 'suggestions' does not exist on type 'any[]'.
src/modules/compliance/__tests__/compliance-mapping.service.spec.ts(808,36): error TS2339: Property 'validateMapping' does not exist on type 'ComplianceMappingService'.
src/modules/compliance/__tests__/compliance-mapping.service.spec.ts(820,36): error TS2339: Property 'validateMapping' does not exist on type 'ComplianceMappingService'.
src/modules/compliance/__tests__/compliance-mapping.service.spec.ts(838,36): error TS2339: Property 'validateMapping' does not exist on type 'ComplianceMappingService'.
src/modules/compliance/__tests__/compliance-mapping.service.spec.ts(852,36): error TS2339: Property 'exportMappings' does not exist on type 'ComplianceMappingService'.
src/modules/compliance/__tests__/compliance-mapping.service.spec.ts(869,36): error TS2339: Property 'exportMappings' does not exist on type 'ComplianceMappingService'.
src/modules/compliance/__tests__/compliance-mapping.service.spec.ts(899,36): error TS2339: Property 'importMappings' does not exist on type 'ComplianceMappingService'.
src/modules/compliance/__tests__/compliance-mapping.service.spec.ts(917,36): error TS2339: Property 'importMappings' does not exist on type 'ComplianceMappingService'.
src/modules/compliance/__tests__/compliance-mapping.service.spec.ts(927,17): error TS2339: Property 'importMappings' does not exist on type 'ComplianceMappingService'.
src/modules/compliance/__tests__/compliance-mapping.service.spec.ts(948,36): error TS2339: Property 'getMappingGaps' does not exist on type 'ComplianceMappingService'.
src/modules/compliance/__tests__/compliance-mapping.service.spec.ts(979,36): error TS2339: Property 'getMappingConflicts' does not exist on type 'ComplianceMappingService'.
src/modules/compliance/__tests__/compliance-mapping.service.spec.ts(996,36): error TS2339: Property 'getMappingConflicts' does not exist on type 'ComplianceMappingService'.
src/modules/compliance/__tests__/compliance-mapping.service.spec.ts(1009,36): error TS2339: Property 'approveMappings' does not exist on type 'ComplianceMappingService'.
src/modules/compliance/__tests__/compliance-mapping.service.spec.ts(1031,36): error TS2339: Property 'approveMappings' does not exist on type 'ComplianceMappingService'.
src/modules/compliance/__tests__/compliance-mapping.service.spec.ts(1049,36): error TS2339: Property 'rejectMappings' does not exist on type 'ComplianceMappingService'.
src/modules/compliance/__tests__/compliance-mapping.service.spec.ts(1071,28): error TS2339: Property 'findOne' does not exist on type 'ComplianceMappingService'.
src/modules/compliance/__tests__/compliance-mapping.service.spec.ts(1089,36): error TS2339: Property 'create' does not exist on type 'ComplianceMappingService'.
src/modules/compliance/__tests__/controls.controller.spec.ts(7,46): error TS2305: Module '"../dto"' has no exported member 'QueryControlDto'.
src/modules/compliance/__tests__/controls.controller.spec.ts(8,10): error TS2305: Module '"../entities/control.entity"' has no exported member 'ControlStatus'.
src/modules/compliance/__tests__/controls.controller.spec.ts(8,25): error TS2305: Module '"../entities/control.entity"' has no exported member 'ControlType'.
src/modules/compliance/__tests__/controls.controller.spec.ts(8,55): error TS2305: Module '"../entities/control.entity"' has no exported member 'ControlFrequency'.
src/modules/compliance/__tests__/controls.controller.spec.ts(128,7): error TS2820: Type '"Access Control"' is not assignable to type 'ControlCategory'. Did you mean 'ControlCategory.ACCESS_CONTROL'?
src/modules/compliance/__tests__/controls.controller.spec.ts(281,21): error TS2339: Property 'meta' does not exist on type '{ items: Control[]; total: number; }'.
src/modules/compliance/__tests__/controls.controller.spec.ts(282,21): error TS2339: Property 'meta' does not exist on type '{ items: Control[]; total: number; }'.
src/modules/compliance/__tests__/controls.controller.spec.ts(310,39): error TS2339: Property 'findByControlId' does not exist on type 'ControlsController'.
src/modules/compliance/__tests__/controls.controller.spec.ts(313,22): error TS2339: Property 'findByControlId' does not exist on type 'ControlsService'.
src/modules/compliance/__tests__/controls.controller.spec.ts(319,24): error TS2339: Property 'findByControlId' does not exist on type 'ControlsController'.
src/modules/compliance/__tests__/controls.controller.spec.ts(321,22): error TS2339: Property 'findByControlId' does not exist on type 'ControlsService'.
src/modules/compliance/__tests__/controls.controller.spec.ts(347,55): error TS2353: Object literal may only specify known properties, and 'status' does not exist in type 'UpdateControlDto'.
src/modules/compliance/__tests__/controls.controller.spec.ts(413,39): error TS2339: Property 'getStatistics' does not exist on type 'ControlsController'.
src/modules/compliance/__tests__/controls.controller.spec.ts(416,22): error TS2339: Property 'getControlStatistics' does not exist on type 'ControlsService'.
src/modules/compliance/__tests__/controls.controller.spec.ts(450,39): error TS2551: Property 'getImplementationStatus' does not exist on type 'ControlsController'. Did you mean 'updateImplementationStatus'?
src/modules/compliance/__tests__/controls.controller.spec.ts(453,22): error TS2551: Property 'getImplementationStatus' does not exist on type 'ControlsService'. Did you mean 'updateImplementationStatus'?
src/modules/compliance/__tests__/controls.controller.spec.ts(492,39): error TS2339: Property 'getTestResults' does not exist on type 'ControlsController'.
src/modules/compliance/__tests__/controls.controller.spec.ts(495,22): error TS2339: Property 'getControlTestResults' does not exist on type 'ControlsService'.
src/modules/compliance/__tests__/controls.controller.spec.ts(517,39): error TS2339: Property 'scheduleTest' does not exist on type 'ControlsController'.
src/modules/compliance/__tests__/controls.controller.spec.ts(520,22): error TS2339: Property 'scheduleTest' does not exist on type 'ControlsService'.
src/modules/compliance/__tests__/controls.controller.spec.ts(543,39): error TS2339: Property 'recordTestResult' does not exist on type 'ControlsController'.
src/modules/compliance/__tests__/controls.controller.spec.ts(546,22): error TS2339: Property 'recordTestResult' does not exist on type 'ControlsService'.
src/modules/compliance/__tests__/controls.controller.spec.ts(558,31): error TS2339: Property 'recordTestResult' does not exist on type 'ControlsController'.
src/modules/compliance/__tests__/controls.controller.spec.ts(590,39): error TS2339: Property 'getEvidence' does not exist on type 'ControlsController'.
src/modules/compliance/__tests__/controls.controller.spec.ts(593,22): error TS2339: Property 'getControlEvidence' does not exist on type 'ControlsService'.
src/modules/compliance/__tests__/controls.controller.spec.ts(613,39): error TS2339: Property 'attachEvidence' does not exist on type 'ControlsController'.
src/modules/compliance/__tests__/controls.controller.spec.ts(616,22): error TS2339: Property 'attachEvidence' does not exist on type 'ControlsService'.
src/modules/compliance/__tests__/controls.controller.spec.ts(624,39): error TS2339: Property 'removeEvidence' does not exist on type 'ControlsController'.
src/modules/compliance/__tests__/controls.controller.spec.ts(627,22): error TS2339: Property 'removeEvidence' does not exist on type 'ControlsService'.
src/modules/compliance/__tests__/controls.controller.spec.ts(651,39): error TS2339: Property 'bulkUpdate' does not exist on type 'ControlsController'.
src/modules/compliance/__tests__/controls.controller.spec.ts(654,22): error TS2339: Property 'bulkOperation' does not exist on type 'ControlsService'.
src/modules/compliance/__tests__/controls.controller.spec.ts(676,39): error TS2339: Property 'bulkUpdate' does not exist on type 'ControlsController'.
src/modules/compliance/__tests__/controls.controller.spec.ts(698,39): error TS2339: Property 'export' does not exist on type 'ControlsController'.
src/modules/compliance/__tests__/controls.controller.spec.ts(701,22): error TS2339: Property 'exportControls' does not exist on type 'ControlsService'.
src/modules/compliance/__tests__/controls.controller.spec.ts(730,39): error TS2339: Property 'import' does not exist on type 'ControlsController'.
src/modules/compliance/__tests__/controls.controller.spec.ts(733,22): error TS2551: Property 'importControls' does not exist on type 'ControlsService'. Did you mean 'bulkImportControls'?
src/modules/compliance/__tests__/controls.controller.spec.ts(745,31): error TS2339: Property 'import' does not exist on type 'ControlsController'.
src/modules/compliance/__tests__/controls.controller.spec.ts(765,39): error TS2339: Property 'validateControl' does not exist on type 'ControlsController'.
src/modules/compliance/__tests__/controls.controller.spec.ts(768,22): error TS2339: Property 'validateControl' does not exist on type 'ControlsService'.
src/modules/compliance/__tests__/controls.controller.spec.ts(784,39): error TS2339: Property 'validateControl' does not exist on type 'ControlsController'.
src/modules/compliance/__tests__/controls.controller.spec.ts(826,39): error TS2339: Property 'getControlGaps' does not exist on type 'ControlsController'.
src/modules/compliance/__tests__/controls.controller.spec.ts(829,22): error TS2339: Property 'getControlGaps' does not exist on type 'ControlsService'.
src/modules/compliance/__tests__/controls.controller.spec.ts(875,39): error TS2339: Property 'getRiskAssessment' does not exist on type 'ControlsController'.
src/modules/compliance/__tests__/controls.controller.spec.ts(878,22): error TS2339: Property 'getControlRiskAssessment' does not exist on type 'ControlsService'.
src/modules/compliance/__tests__/controls.controller.spec.ts(905,24): error TS2339: Property 'recordTestResult' does not exist on type 'ControlsController'.
src/modules/compliance/__tests__/controls.controller.spec.ts(907,22): error TS2339: Property 'recordTestResult' does not exist on type 'ControlsService'.
src/modules/compliance/__tests__/controls.controller.spec.ts(938,31): error TS2339: Property 'scheduleTest' does not exist on type 'ControlsController'.
src/modules/compliance/__tests__/controls.controller.spec.ts(952,31): error TS2339: Property 'attachEvidence' does not exist on type 'ControlsController'.
src/modules/compliance/__tests__/controls.service.spec.ts(11,46): error TS2305: Module '"../dto"' has no exported member 'QueryControlDto'.
src/modules/compliance/__tests__/controls.service.spec.ts(219,7): error TS2820: Type '"Access Control"' is not assignable to type 'ControlCategory'. Did you mean 'ControlCategory.ACCESS_CONTROL'?
src/modules/compliance/__tests__/controls.service.spec.ts(247,39): error TS2339: Property 'organizationId' does not exist on type '{ id: string; identifier: string; }'.
src/modules/compliance/__tests__/controls.service.spec.ts(426,21): error TS2339: Property 'meta' does not exist on type '{ items: Control[]; total: number; }'.
src/modules/compliance/__tests__/controls.service.spec.ts(427,21): error TS2339: Property 'meta' does not exist on type '{ items: Control[]; total: number; }'.
src/modules/compliance/__tests__/controls.service.spec.ts(428,21): error TS2339: Property 'meta' does not exist on type '{ items: Control[]; total: number; }'.
src/modules/compliance/__tests__/controls.service.spec.ts(429,21): error TS2339: Property 'meta' does not exist on type '{ items: Control[]; total: number; }'.
src/modules/compliance/__tests__/controls.service.spec.ts(430,21): error TS2339: Property 'meta' does not exist on type '{ items: Control[]; total: number; }'.
src/modules/compliance/__tests__/controls.service.spec.ts(475,36): error TS2339: Property 'findByControlId' does not exist on type 'ControlsService'.
src/modules/compliance/__tests__/controls.service.spec.ts(487,28): error TS2339: Property 'findByControlId' does not exist on type 'ControlsService'.
src/modules/compliance/__tests__/controls.service.spec.ts(526,41): error TS2353: Object literal may only specify known properties, and 'status' does not exist in type 'UpdateControlDto'.
src/modules/compliance/__tests__/controls.service.spec.ts(557,28): error TS2339: Property 'removeControl' does not exist on type 'SearchService'.
src/modules/compliance/__tests__/controls.service.spec.ts(595,36): error TS2339: Property 'getControlStatistics' does not exist on type 'ControlsService'.
src/modules/compliance/__tests__/controls.service.spec.ts(621,36): error TS2551: Property 'getImplementationStatus' does not exist on type 'ControlsService'. Did you mean 'updateImplementationStatus'?
src/modules/compliance/__tests__/controls.service.spec.ts(656,36): error TS2339: Property 'getControlTestResults' does not exist on type 'ControlsService'.
src/modules/compliance/__tests__/controls.service.spec.ts(685,36): error TS2339: Property 'scheduleTest' does not exist on type 'ControlsService'.
src/modules/compliance/__tests__/controls.service.spec.ts(708,17): error TS2339: Property 'scheduleTest' does not exist on type 'ControlsService'.
src/modules/compliance/__tests__/controls.service.spec.ts(729,36): error TS2339: Property 'recordTestResult' does not exist on type 'ControlsService'.
src/modules/compliance/__tests__/controls.service.spec.ts(765,36): error TS2339: Property 'getControlEvidence' does not exist on type 'ControlsService'.
src/modules/compliance/__tests__/controls.service.spec.ts(795,36): error TS2339: Property 'attachEvidence' does not exist on type 'ControlsService'.
src/modules/compliance/__tests__/controls.service.spec.ts(828,36): error TS2339: Property 'removeEvidence' does not exist on type 'ControlsService'.
src/modules/compliance/__tests__/controls.service.spec.ts(839,17): error TS2339: Property 'removeEvidence' does not exist on type 'ControlsService'.
src/modules/compliance/__tests__/controls.service.spec.ts(858,36): error TS2339: Property 'bulkOperation' does not exist on type 'ControlsService'.
src/modules/compliance/__tests__/controls.service.spec.ts(884,36): error TS2339: Property 'bulkOperation' does not exist on type 'ControlsService'.
src/modules/compliance/__tests__/controls.service.spec.ts(904,36): error TS2339: Property 'exportControls' does not exist on type 'ControlsService'.
src/modules/compliance/__tests__/controls.service.spec.ts(939,36): error TS2551: Property 'importControls' does not exist on type 'ControlsService'. Did you mean 'bulkImportControls'?
src/modules/compliance/__tests__/controls.service.spec.ts(972,36): error TS2551: Property 'importControls' does not exist on type 'ControlsService'. Did you mean 'bulkImportControls'?
src/modules/compliance/__tests__/controls.service.spec.ts(983,36): error TS2339: Property 'validateControl' does not exist on type 'ControlsService'.
src/modules/compliance/__tests__/controls.service.spec.ts(1000,36): error TS2339: Property 'validateControl' does not exist on type 'ControlsService'.
src/modules/compliance/__tests__/controls.service.spec.ts(1024,36): error TS2339: Property 'getControlGaps' does not exist on type 'ControlsService'.
src/modules/compliance/__tests__/controls.service.spec.ts(1038,36): error TS2339: Property 'getControlRiskAssessment' does not exist on type 'ControlsService'.
src/modules/compliance/__tests__/frameworks.controller.spec.ts(7,50): error TS2305: Module '"../dto"' has no exported member 'QueryFrameworkDto'.
src/modules/compliance/__tests__/frameworks.controller.spec.ts(106,7): error TS2353: Object literal may only specify known properties, and 'category' does not exist in type 'CreateFrameworkDto'.
src/modules/compliance/__tests__/frameworks.controller.spec.ts(212,21): error TS2339: Property 'meta' does not exist on type '{ items: Framework[]; total: number; }'.
src/modules/compliance/__tests__/frameworks.controller.spec.ts(259,7): error TS2353: Object literal may only specify known properties, and 'requirements' does not exist in type 'UpdateFrameworkDto'.
src/modules/compliance/__tests__/frameworks.controller.spec.ts(455,39): error TS2339: Property 'getCoverageReport' does not exist on type 'FrameworksController'.
src/modules/compliance/__tests__/frameworks.controller.spec.ts(458,22): error TS2339: Property 'getCoverageReport' does not exist on type 'FrameworksService'.
src/modules/compliance/__tests__/frameworks.controller.spec.ts(483,39): error TS2339: Property 'getComplianceScore' does not exist on type 'FrameworksController'.
src/modules/compliance/__tests__/frameworks.controller.spec.ts(486,22): error TS2339: Property 'getComplianceScore' does not exist on type 'FrameworksService'.
src/modules/compliance/__tests__/frameworks.controller.spec.ts(502,39): error TS2339: Property 'validateFramework' does not exist on type 'FrameworksController'.
src/modules/compliance/__tests__/frameworks.controller.spec.ts(505,22): error TS2339: Property 'validateFramework' does not exist on type 'FrameworksService'.
src/modules/compliance/__tests__/frameworks.controller.spec.ts(520,39): error TS2339: Property 'validateFramework' does not exist on type 'FrameworksController'.
src/modules/compliance/__tests__/frameworks.controller.spec.ts(564,39): error TS2339: Property 'getImplementationGuide' does not exist on type 'FrameworksController'.
src/modules/compliance/__tests__/frameworks.controller.spec.ts(567,22): error TS2339: Property 'getImplementationGuide' does not exist on type 'FrameworksService'.
src/modules/compliance/__tests__/frameworks.service.spec.ts(11,50): error TS2305: Module '"../dto"' has no exported member 'QueryFrameworkDto'.
src/modules/compliance/__tests__/frameworks.service.spec.ts(162,7): error TS2353: Object literal may only specify known properties, and 'category' does not exist in type 'CreateFrameworkDto'.
src/modules/compliance/__tests__/frameworks.service.spec.ts(360,21): error TS2339: Property 'meta' does not exist on type '{ items: Framework[]; total: number; }'.
src/modules/compliance/__tests__/frameworks.service.spec.ts(522,28): error TS2339: Property 'removeFramework' does not exist on type 'SearchService'.
src/modules/compliance/__tests__/frameworks.service.spec.ts(550,36): error TS2339: Property 'getFrameworkStatistics' does not exist on type 'FrameworksService'.
src/modules/compliance/__tests__/frameworks.service.spec.ts(608,36): error TS2339: Property 'getCoverageReport' does not exist on type 'FrameworksService'.
src/modules/compliance/__tests__/frameworks.service.spec.ts(629,36): error TS2339: Property 'getComplianceScore' does not exist on type 'FrameworksService'.
src/modules/compliance/__tests__/frameworks.service.spec.ts(650,36): error TS2339: Property 'validateFramework' does not exist on type 'FrameworksService'.
src/modules/compliance/__tests__/frameworks.service.spec.ts(671,36): error TS2339: Property 'validateFramework' does not exist on type 'FrameworksService'.
src/modules/compliance/__tests__/frameworks.service.spec.ts(686,36): error TS2339: Property 'getImplementationGuide' does not exist on type 'FrameworksService'.
src/modules/compliance/__tests__/frameworks.service.spec.ts(726,21): error TS2339: Property 'mappings' does not exist on type 'any[]'.
src/modules/compliance/__tests__/frameworks.service.spec.ts(727,21): error TS2339: Property 'mappings' does not exist on type 'any[]'.
src/modules/compliance/__tests__/frameworks.service.spec.ts(728,21): error TS2339: Property 'mappings' does not exist on type 'any[]'.
src/modules/compliance/__tests__/frameworks.service.spec.ts(729,21): error TS2339: Property 'mappings' does not exist on type 'any[]'.
src/modules/compliance/compliance-mapping.service.ts(19,23): error TS2304: Cannot find name 'Framework'.
src/modules/compliance/compliance-mapping.service.ts(20,45): error TS2304: Cannot find name 'Framework'.
src/modules/compliance/compliance-mapping.service.ts(48,7): error TS2353: Object literal may only specify known properties, and 'mappedControlsCount' does not exist in type '{ categories?: string[]; frameworks?: string[]; controls?: string[]; mappingStrength?: number; lastAnalysis?: Date; lastMappingUpdate?: Date; analysisResults?: { score: number; gaps: string[]; recommendations: string[]; }; autoMappingEnabled?: boolean; customMappings?: Record<...>; }'.
src/modules/compliance/compliance-mapping.service.ts(87,7): error TS2353: Object literal may only specify known properties, and 'mappedControlsCount' does not exist in type '{ categories?: string[]; frameworks?: string[]; controls?: string[]; mappingStrength?: number; lastAnalysis?: Date; lastMappingUpdate?: Date; analysisResults?: { score: number; gaps: string[]; recommendations: string[]; }; autoMappingEnabled?: boolean; customMappings?: Record<...>; }'.
src/modules/compliance/controls.service.ts(5,10): error TS2305: Module '"./entities/framework.entity"' has no exported member 'Framework'.
src/modules/compliance/controls.service.ts(50,44): error TS2769: No overload matches this call.
  Overload 1 of 3, '(entityLikeArray: DeepPartial<Control>[]): Control[]', gave the following error.
    Object literal may only specify known properties, and 'framework' does not exist in type 'DeepPartial<Control>[]'.
  Overload 2 of 3, '(entityLike: DeepPartial<Control>): Control', gave the following error.
    Argument of type '{ framework: Framework; frameworkId: string; identifier: string; title: string; description: string; category: ControlCategory; priority: ControlPriority; ... 7 more ...; metadata?: Record<string, any>; }' is not assignable to parameter of type 'DeepPartial<Control>'.
      Type '{ framework: Framework; frameworkId: string; identifier: string; title: string; description: string; category: ControlCategory; priority: ControlPriority; ... 7 more ...; metadata?: Record<string, any>; }' is not assignable to type '{ id?: string; controlId?: string; identifier?: string; frameworkId?: string; framework?: DeepPartial<ComplianceFramework>; title?: string; description?: string; ... 44 more ...; updateEffectiveness?: DeepPartial<...>; }'.
        Types of property 'category' are incompatible.
          Type 'ControlCategory' is not assignable to type 'DeepPartial<ControlCategory>'.
src/modules/compliance/controls.service.ts(65,24): error TS2339: Property 'id' does not exist on type 'Control[]'.
src/modules/compliance/controls.service.ts(67,25): error TS2339: Property 'identifier' does not exist on type 'Control[]'.
src/modules/compliance/controls.service.ts(70,5): error TS2740: Type 'Control[]' is missing the following properties from type 'Control': id, controlId, identifier, frameworkId, and 22 more.
src/modules/compliance/controls.service.ts(227,5): error TS2322: Type 'string' is not assignable to type 'ImplementationStatus'.
src/modules/compliance/controls.service.ts(241,7): error TS2322: Type 'string' is not assignable to type '"partial" | "passed" | "failed"'.
src/modules/compliance/entities/control.entity.ts(405,11): error TS2353: Object literal may only specify known properties, and 'identified' does not exist in type '{ id: string; description: string; severity: "critical" | "high" | "medium" | "low"; identifiedDate: Date; targetResolutionDate?: Date; resolvedDate?: Date; remediationPlan?: string; status: "in_progress" | ... 2 more ... | "accepted"; }'.
src/modules/compliance/frameworks.service.ts(4,10): error TS2305: Module '"./entities/framework.entity"' has no exported member 'Framework'.
src/modules/events/__tests__/kafka-consumer.mock-service.spec.ts(60,21): error TS2341: Property 'handleControlImplemented' is private and only accessible within class 'KafkaConsumerService'.
src/modules/events/__tests__/kafka-consumer.mock-service.spec.ts(75,21): error TS2341: Property 'handleControlFailed' is private and only accessible within class 'KafkaConsumerService'.
src/modules/events/__tests__/kafka-consumer.mock-service.spec.ts(91,21): error TS2341: Property 'handleControlTested' is private and only accessible within class 'KafkaConsumerService'.
src/modules/events/__tests__/kafka-consumer.mock-service.spec.ts(106,21): error TS2341: Property 'handleEvidenceCollected' is private and only accessible within class 'KafkaConsumerService'.
src/modules/events/__tests__/kafka-consumer.mock-service.spec.ts(121,21): error TS2341: Property 'handleRiskIdentified' is private and only accessible within class 'KafkaConsumerService'.
src/modules/events/__tests__/kafka-consumer.mock-service.spec.ts(136,21): error TS2341: Property 'handlePolicyUpdated' is private and only accessible within class 'KafkaConsumerService'.
src/modules/events/__tests__/kafka-consumer.mock-service.spec.ts(180,21): error TS2341: Property 'handleControlFailed' is private and only accessible within class 'KafkaConsumerService'.
src/modules/events/__tests__/kafka-consumer.service.spec.ts(143,54): error TS2339: Property 'PLANNED' does not exist on type 'typeof ImplementationStatus'.
src/modules/events/__tests__/kafka-consumer.service.spec.ts(160,38): error TS2345: Argument of type '{ topic: string; partition: number; message: { value: Buffer<ArrayBuffer>; key: any; timestamp: string; headers: {}; offset: string; }; }' is not assignable to parameter of type 'EachMessagePayload'.
  Type '{ topic: string; partition: number; message: { value: Buffer<ArrayBuffer>; key: any; timestamp: string; headers: {}; offset: string; }; }' is missing the following properties from type 'EachMessagePayload': heartbeat, pause
src/modules/events/__tests__/kafka-consumer.service.spec.ts(193,38): error TS2345: Argument of type '{ topic: string; partition: number; message: { value: Buffer<ArrayBuffer>; key: any; timestamp: string; headers: {}; offset: string; }; }' is not assignable to parameter of type 'EachMessagePayload'.
  Type '{ topic: string; partition: number; message: { value: Buffer<ArrayBuffer>; key: any; timestamp: string; headers: {}; offset: string; }; }' is missing the following properties from type 'EachMessagePayload': heartbeat, pause
src/modules/events/__tests__/kafka-consumer.service.spec.ts(211,38): error TS2345: Argument of type '{ topic: string; partition: number; message: { value: Buffer<ArrayBuffer>; key: any; timestamp: string; headers: {}; offset: string; }; }' is not assignable to parameter of type 'EachMessagePayload'.
  Type '{ topic: string; partition: number; message: { value: Buffer<ArrayBuffer>; key: any; timestamp: string; headers: {}; offset: string; }; }' is missing the following properties from type 'EachMessagePayload': heartbeat, pause
src/modules/events/__tests__/kafka-consumer.service.spec.ts(224,54): error TS2339: Property 'EFFECTIVE' does not exist on type 'typeof ImplementationStatus'.
src/modules/events/__tests__/kafka-consumer.service.spec.ts(245,38): error TS2345: Argument of type '{ topic: string; partition: number; message: { value: Buffer<ArrayBuffer>; key: any; timestamp: string; headers: {}; offset: string; }; }' is not assignable to parameter of type 'EachMessagePayload'.
  Type '{ topic: string; partition: number; message: { value: Buffer<ArrayBuffer>; key: any; timestamp: string; headers: {}; offset: string; }; }' is missing the following properties from type 'EachMessagePayload': heartbeat, pause
src/modules/events/__tests__/kafka-consumer.service.spec.ts(265,56): error TS2339: Property 'NOT_EFFECTIVE' does not exist on type 'typeof ImplementationStatus'.
src/modules/events/__tests__/kafka-consumer.service.spec.ts(284,38): error TS2345: Argument of type '{ topic: string; partition: number; message: { value: Buffer<ArrayBuffer>; key: any; timestamp: string; headers: {}; offset: string; }; }' is not assignable to parameter of type 'EachMessagePayload'.
  Type '{ topic: string; partition: number; message: { value: Buffer<ArrayBuffer>; key: any; timestamp: string; headers: {}; offset: string; }; }' is missing the following properties from type 'EachMessagePayload': heartbeat, pause
src/modules/events/__tests__/kafka-consumer.service.spec.ts(315,38): error TS2345: Argument of type '{ topic: string; partition: number; message: { value: Buffer<ArrayBuffer>; key: any; timestamp: string; headers: {}; offset: string; }; }' is not assignable to parameter of type 'EachMessagePayload'.
  Type '{ topic: string; partition: number; message: { value: Buffer<ArrayBuffer>; key: any; timestamp: string; headers: {}; offset: string; }; }' is missing the following properties from type 'EachMessagePayload': heartbeat, pause
src/modules/events/__tests__/kafka-consumer.service.spec.ts(329,56): error TS2339: Property 'EFFECTIVE' does not exist on type 'typeof ImplementationStatus'.
src/modules/events/__tests__/kafka-consumer.service.spec.ts(353,38): error TS2345: Argument of type '{ topic: string; partition: number; message: { value: Buffer<ArrayBuffer>; key: any; timestamp: string; headers: {}; offset: string; }; }' is not assignable to parameter of type 'EachMessagePayload'.
  Type '{ topic: string; partition: number; message: { value: Buffer<ArrayBuffer>; key: any; timestamp: string; headers: {}; offset: string; }; }' is missing the following properties from type 'EachMessagePayload': heartbeat, pause
src/modules/events/__tests__/kafka-consumer.service.spec.ts(358,56): error TS2339: Property 'PARTIALLY_EFFECTIVE' does not exist on type 'typeof ImplementationStatus'.
src/modules/events/__tests__/kafka-consumer.service.spec.ts(382,38): error TS2345: Argument of type '{ topic: string; partition: number; message: { value: Buffer<ArrayBuffer>; key: any; timestamp: string; headers: {}; offset: string; }; }' is not assignable to parameter of type 'EachMessagePayload'.
  Type '{ topic: string; partition: number; message: { value: Buffer<ArrayBuffer>; key: any; timestamp: string; headers: {}; offset: string; }; }' is missing the following properties from type 'EachMessagePayload': heartbeat, pause
src/modules/events/__tests__/kafka-consumer.service.spec.ts(390,56): error TS2339: Property 'NOT_EFFECTIVE' does not exist on type 'typeof ImplementationStatus'.
src/modules/events/__tests__/kafka-consumer.service.spec.ts(417,38): error TS2345: Argument of type '{ topic: string; partition: number; message: { value: Buffer<ArrayBuffer>; key: any; timestamp: string; headers: {}; offset: string; }; }' is not assignable to parameter of type 'EachMessagePayload'.
  Type '{ topic: string; partition: number; message: { value: Buffer<ArrayBuffer>; key: any; timestamp: string; headers: {}; offset: string; }; }' is missing the following properties from type 'EachMessagePayload': heartbeat, pause
src/modules/events/__tests__/kafka-consumer.service.spec.ts(455,38): error TS2345: Argument of type '{ topic: string; partition: number; message: { value: Buffer<ArrayBuffer>; key: any; timestamp: string; headers: {}; offset: string; }; }' is not assignable to parameter of type 'EachMessagePayload'.
  Type '{ topic: string; partition: number; message: { value: Buffer<ArrayBuffer>; key: any; timestamp: string; headers: {}; offset: string; }; }' is missing the following properties from type 'EachMessagePayload': heartbeat, pause
src/modules/events/__tests__/kafka-consumer.service.spec.ts(492,38): error TS2345: Argument of type '{ topic: string; partition: number; message: { value: Buffer<ArrayBuffer>; key: any; timestamp: string; headers: {}; offset: string; }; }' is not assignable to parameter of type 'EachMessagePayload'.
  Type '{ topic: string; partition: number; message: { value: Buffer<ArrayBuffer>; key: any; timestamp: string; headers: {}; offset: string; }; }' is missing the following properties from type 'EachMessagePayload': heartbeat, pause
src/modules/events/__tests__/kafka-consumer.service.spec.ts(520,38): error TS2345: Argument of type '{ topic: string; partition: number; message: { value: Buffer<ArrayBuffer>; key: any; timestamp: string; headers: {}; offset: string; }; }' is not assignable to parameter of type 'EachMessagePayload'.
  Type '{ topic: string; partition: number; message: { value: Buffer<ArrayBuffer>; key: any; timestamp: string; headers: {}; offset: string; }; }' is missing the following properties from type 'EachMessagePayload': heartbeat, pause
src/modules/events/__tests__/kafka-consumer.service.spec.ts(553,38): error TS2345: Argument of type '{ topic: string; partition: number; message: { value: Buffer<ArrayBuffer>; key: any; timestamp: string; headers: {}; offset: string; }; }' is not assignable to parameter of type 'EachMessagePayload'.
  Type '{ topic: string; partition: number; message: { value: Buffer<ArrayBuffer>; key: any; timestamp: string; headers: {}; offset: string; }; }' is missing the following properties from type 'EachMessagePayload': heartbeat, pause
src/modules/events/__tests__/kafka-consumer.service.spec.ts(576,40): error TS2345: Argument of type '{ topic: string; partition: number; message: { value: Buffer<ArrayBuffer>; key: any; timestamp: string; headers: {}; offset: string; }; }' is not assignable to parameter of type 'EachMessagePayload'.
  Type '{ topic: string; partition: number; message: { value: Buffer<ArrayBuffer>; key: any; timestamp: string; headers: {}; offset: string; }; }' is missing the following properties from type 'EachMessagePayload': heartbeat, pause
src/modules/events/__tests__/kafka-consumer.service.spec.ts(605,36): error TS2304: Cannot find name 'createMockMessage'.
src/modules/events/__tests__/kafka-consumer.service.spec.ts(621,36): error TS2304: Cannot find name 'createMockMessage'.
src/modules/events/__tests__/kafka-consumer.service.spec.ts(648,36): error TS2304: Cannot find name 'createMockMessage'.
src/modules/events/__tests__/kafka-consumer.service.spec.ts(679,38): error TS2304: Cannot find name 'createMockMessage'.
src/modules/events/kafka-consumer.service.ts(130,24): error TS2353: Object literal may only specify known properties, and 'implementationStatus' does not exist in type '{ summary: string; details?: Record<string, any>; fields?: string[]; }'.
src/modules/events/kafka-consumer.service.ts(221,13): error TS2353: Object literal may only specify known properties, and 'result' does not exist in type '{ date: Date; passed: boolean; score?: number; findings?: string[]; tester: string; }'.
src/modules/events/kafka-consumer.service.ts(274,26): error TS2353: Object literal may only specify known properties, and 'evidenceAdded' does not exist in type '{ summary: string; details?: Record<string, any>; fields?: string[]; }'.
src/modules/events/kafka-consumer.service.ts(318,41): error TS2339: Property 'risksAddressed' does not exist on type '{ inherentRisk?: { likelihood: number; impact: number; score: number; level: "critical" | "high" | "medium" | "low"; }; residualRisk?: { likelihood: number; impact: number; score: number; level: "critical" | ... 2 more ... | "low"; }; riskAppetite?: "high" | ... 1 more ... | "low"; riskTreatment?: "accept" | ... 2 m...'.
src/modules/events/kafka-consumer.service.ts(319,38): error TS2339: Property 'risksAddressed' does not exist on type '{ inherentRisk?: { likelihood: number; impact: number; score: number; level: "critical" | "high" | "medium" | "low"; }; residualRisk?: { likelihood: number; impact: number; score: number; level: "critical" | ... 2 more ... | "low"; }; riskAppetite?: "high" | ... 1 more ... | "low"; riskTreatment?: "accept" | ... 2 m...'.
src/modules/events/kafka-consumer.service.ts(321,36): error TS2339: Property 'risksAddressed' does not exist on type '{ inherentRisk?: { likelihood: number; impact: number; score: number; level: "critical" | "high" | "medium" | "low"; }; residualRisk?: { likelihood: number; impact: number; score: number; level: "critical" | ... 2 more ... | "low"; }; riskAppetite?: "high" | ... 1 more ... | "low"; riskTreatment?: "accept" | ... 2 m...'.
src/modules/opa/__tests__/opa.service.spec.ts(74,5): error TS2741: Property 'headers' is missing in type '{}' but required in type 'InternalAxiosRequestConfig<any>'.
src/modules/opa/__tests__/opa.service.spec.ts(116,36): error TS2339: Property 'deployPolicy' does not exist on type 'OpaService'.
src/modules/opa/__tests__/opa.service.spec.ts(143,28): error TS2339: Property 'deployPolicy' does not exist on type 'OpaService'.
src/modules/opa/__tests__/opa.service.spec.ts(155,28): error TS2339: Property 'deployPolicy' does not exist on type 'OpaService'.
src/modules/opa/__tests__/opa.service.spec.ts(241,36): error TS2339: Property 'removePolicy' does not exist on type 'OpaService'.
src/modules/opa/__tests__/opa.service.spec.ts(267,28): error TS2339: Property 'removePolicy' does not exist on type 'OpaService'.
src/modules/opa/__tests__/opa.service.spec.ts(286,36): error TS2339: Property 'listPolicies' does not exist on type 'OpaService'.
src/modules/opa/__tests__/opa.service.spec.ts(306,36): error TS2339: Property 'listPolicies' does not exist on type 'OpaService'.
src/modules/opa/__tests__/opa.service.spec.ts(368,36): error TS2339: Property 'evaluateBatch' does not exist on type 'OpaService'.
src/modules/opa/__tests__/opa.service.spec.ts(390,36): error TS2339: Property 'evaluateBatch' does not exist on type 'OpaService'.
src/modules/opa/__tests__/opa.service.spec.ts(408,36): error TS2551: Property 'validatePolicy' does not exist on type 'OpaService'. Did you mean 'evaluatePolicy'?
src/modules/opa/__tests__/opa.service.spec.ts(434,36): error TS2551: Property 'validatePolicy' does not exist on type 'OpaService'. Did you mean 'evaluatePolicy'?
src/modules/opa/__tests__/opa.service.spec.ts(480,36): error TS2339: Property 'updateData' does not exist on type 'OpaService'.
src/modules/opa/__tests__/opa.service.spec.ts(497,36): error TS2339: Property 'checkHealth' does not exist on type 'OpaService'.
src/modules/opa/__tests__/opa.service.spec.ts(515,36): error TS2339: Property 'checkHealth' does not exist on type 'OpaService'.
src/modules/opa/__tests__/opa.service.spec.ts(531,36): error TS2551: Property 'compilePolicyToWasm' does not exist on type 'OpaService'. Did you mean 'compilePolicy'?
src/modules/opa/__tests__/opa.service.spec.ts(557,36): error TS2339: Property 'getMetrics' does not exist on type 'OpaService'.
src/modules/opa/__tests__/opa.service.spec.ts(583,36): error TS2339: Property 'getDecisionLogs' does not exist on type 'OpaService'.
src/modules/policies/__tests__/policies.controller.spec.ts(122,7): error TS2322: Type 'Date' is not assignable to type 'string'.
src/modules/policies/__tests__/policies.controller.spec.ts(243,9): error TS2322: Type 'Date' is not assignable to type 'string'.
src/modules/policies/__tests__/policies.controller.spec.ts(244,9): error TS2322: Type 'Date' is not assignable to type 'string'.
src/modules/policies/__tests__/policies.controller.spec.ts(655,43): error TS2339: Property 'id' does not exist on type '{ user: { id: string; email: string; roles: string[]; organizationId: string; }; }'.
src/modules/policies/__tests__/policies.controller.spec.ts(677,13): error TS2741: Property 'ownerName' is missing in type '{ complianceMapping: { frameworks: string[]; controls: string[]; }; id: string; policyNumber: string; title: string; description: string; type: PolicyType; status: PolicyStatus; ... 17 more ...; updatedAt: Date; }' but required in type 'CreatePolicyDto'.
src/modules/policies/__tests__/policies.controller.spec.ts(696,13): error TS2741: Property 'ownerName' is missing in type '{ content: { sections: { title: string; content: string; }[]; }; id: string; policyNumber: string; title: string; description: string; type: PolicyType; status: PolicyStatus; ... 17 more ...; updatedAt: Date; }' but required in type 'CreatePolicyDto'.
src/modules/policies/__tests__/policies.integration.spec.ts(51,5): error TS2322: Type 'Date' is not assignable to type 'string'.
src/modules/policies/__tests__/policies.integration.spec.ts(52,5): error TS2322: Type 'Date' is not assignable to type 'string'.
src/modules/policies/__tests__/policies.integration.spec.ts(53,5): error TS2322: Type 'Date' is not assignable to type 'string'.
src/modules/policies/__tests__/policies.integration.spec.ts(183,23): error TS2554: Expected 6 arguments, but got 2.
src/modules/policies/__tests__/policies.integration.spec.ts(241,49): error TS2554: Expected 2 arguments, but got 1.
src/modules/policies/__tests__/policies.integration.spec.ts(250,49): error TS2339: Property 'findExpiring' does not exist on type 'PoliciesController'.
src/modules/policies/__tests__/policies.integration.spec.ts(259,49): error TS2339: Property 'findNeedsReview' does not exist on type 'PoliciesController'.
src/modules/policies/__tests__/policies.integration.spec.ts(268,49): error TS2554: Expected 2 arguments, but got 1.
src/modules/policies/__tests__/policies.integration.spec.ts(528,29): error TS2339: Property 'status' does not exist on type 'FindOptionsWhere<Policy> | FindOptionsWhere<Policy>[]'.
  Property 'status' does not exist on type 'FindOptionsWhere<Policy>[]'.
src/modules/policies/__tests__/policies.integration.spec.ts(529,69): error TS2339: Property 'status' does not exist on type 'FindOptionsWhere<Policy> | FindOptionsWhere<Policy>[]'.
  Property 'status' does not exist on type 'FindOptionsWhere<Policy>[]'.
src/modules/policies/__tests__/policies.integration.spec.ts(531,29): error TS2339: Property 'type' does not exist on type 'FindOptionsWhere<Policy> | FindOptionsWhere<Policy>[]'.
  Property 'type' does not exist on type 'FindOptionsWhere<Policy>[]'.
src/modules/policies/__tests__/policies.integration.spec.ts(532,67): error TS2339: Property 'type' does not exist on type 'FindOptionsWhere<Policy> | FindOptionsWhere<Policy>[]'.
  Property 'type' does not exist on type 'FindOptionsWhere<Policy>[]'.
src/modules/policies/__tests__/policies.integration.spec.ts(664,56): error TS2345: Argument of type '(policy: DeepPartial<Policy>) => Promise<{ viewCount: number; id: string; title: string; policyNumber: string; version: string; description?: string; purpose: string; type: PolicyType; ... 54 more ...; controls?: Control[]; } | { ...; }>' is not assignable to parameter of type '(entity: DeepPartial<Policy>, options?: SaveOptions) => Promise<DeepPartial<Policy> & Policy>'.
  Type 'Promise<{ viewCount: number; id: string; title: string; policyNumber: string; version: string; description?: string; purpose: string; type: PolicyType; status: PolicyStatus; ... 53 more ...; controls?: Control[]; } | { ...; }>' is not assignable to type 'Promise<DeepPartial<Policy> & Policy>'.
    Type '{ viewCount: number; id: string; title: string; policyNumber: string; version: string; description?: string; purpose: string; type: PolicyType; status: PolicyStatus; ... 53 more ...; controls?: Control[]; } | { ...; }' is not assignable to type 'DeepPartial<Policy> & Policy'.
      Type '{ viewCount: number; id: string; title: string; policyNumber: string; version: string; description?: string; purpose: string; type: PolicyType; status: PolicyStatus; priority: PolicyPriority; ... 52 more ...; controls?: Control[]; }' is not assignable to type 'DeepPartial<Policy> & Policy'.
        Type '{ viewCount: number; id: string; title: string; policyNumber: string; version: string; description?: string; purpose: string; type: PolicyType; status: PolicyStatus; priority: PolicyPriority; ... 52 more ...; controls?: Control[]; }' is not assignable to type '{ id?: string; title?: string; policyNumber?: string; version?: string; description?: string; purpose?: string; type?: DeepPartial<PolicyType>; status?: DeepPartial<PolicyStatus>; ... 65 more ...; canBeEditedBy?: DeepPartial<...>; } & Policy'.
          Type '{ viewCount: number; id: string; title: string; policyNumber: string; version: string; description?: string; purpose: string; type: PolicyType; status: PolicyStatus; ... 53 more ...; controls?: Control[]; }' is missing the following properties from type 'Policy': isActive, isExpiringSoon, needsReview, completionPercentage, and 7 more.
src/modules/policies/__tests__/policies.integration.spec.ts(666,36): error TS2345: Argument of type '{ viewCount: number; id: string; title: string; policyNumber: string; version: string; description?: string; purpose: string; type: PolicyType; status: PolicyStatus; ... 53 more ...; controls?: Control[]; } | { ...; }' is not assignable to parameter of type 'Policy'.
  Type '{ viewCount: number; id: string; title: string; policyNumber: string; version: string; description?: string; purpose: string; type: PolicyType; status: PolicyStatus; ... 53 more ...; controls?: Control[]; }' is missing the following properties from type 'Policy': isActive, isExpiringSoon, needsReview, completionPercentage, and 7 more.
src/modules/policies/__tests__/policies.integration.spec.ts(725,56): error TS2345: Argument of type '(policy: DeepPartial<Policy>) => Promise<{ changeHistory: DeepPartial<{ version: string; changedBy: string; changedAt: Date; changes: { summary: string; details?: Record<string, any>; sections?: string[]; }; approved?: boolean; approvedBy?: string; }>[]; ... 61 more ...; controls?: Control[]; } | { ...; }>' is not assignable to parameter of type '(entity: DeepPartial<Policy>, options?: SaveOptions) => Promise<DeepPartial<Policy> & Policy>'.
  Type 'Promise<{ changeHistory: DeepPartial<{ version: string; changedBy: string; changedAt: Date; changes: { summary: string; details?: Record<string, any>; sections?: string[]; }; approved?: boolean; approvedBy?: string; }>[]; ... 61 more ...; controls?: Control[]; } | { ...; }>' is not assignable to type 'Promise<DeepPartial<Policy> & Policy>'.
    Type '{ changeHistory: DeepPartial<{ version: string; changedBy: string; changedAt: Date; changes: { summary: string; details?: Record<string, any>; sections?: string[]; }; approved?: boolean; approvedBy?: string; }>[]; ... 61 more ...; controls?: Control[]; } | { ...; }' is not assignable to type 'DeepPartial<Policy> & Policy'.
      Type '{ changeHistory: DeepPartial<{ version: string; changedBy: string; changedAt: Date; changes: { summary: string; details?: Record<string, any>; sections?: string[]; }; approved?: boolean; approvedBy?: string; }>[]; ... 61 more ...; controls?: Control[]; }' is not assignable to type 'DeepPartial<Policy> & Policy'.
        Type '{ changeHistory: DeepPartial<{ version: string; changedBy: string; changedAt: Date; changes: { summary: string; details?: Record<string, any>; sections?: string[]; }; approved?: boolean; approvedBy?: string; }>[]; ... 61 more ...; controls?: Control[]; }' is not assignable to type '{ id?: string; title?: string; policyNumber?: string; version?: string; description?: string; purpose?: string; type?: DeepPartial<PolicyType>; status?: DeepPartial<PolicyStatus>; ... 65 more ...; canBeEditedBy?: DeepPartial<...>; } & Policy'.
          Type '{ changeHistory: DeepPartial<{ version: string; changedBy: string; changedAt: Date; changes: { summary: string; details?: Record<string, any>; sections?: string[]; }; approved?: boolean; approvedBy?: string; }>[]; ... 61 more ...; controls?: Control[]; }' is missing the following properties from type 'Policy': isActive, isExpiringSoon, needsReview, completionPercentage, and 7 more.
src/modules/policies/__tests__/policies.integration.spec.ts(739,36): error TS2345: Argument of type '{ changeHistory: DeepPartial<{ version: string; changedBy: string; changedAt: Date; changes: { summary: string; details?: Record<string, any>; sections?: string[]; }; approved?: boolean; approvedBy?: string; }>[]; ... 61 more ...; controls?: Control[]; } | { ...; }' is not assignable to parameter of type 'Policy'.
  Type '{ changeHistory: DeepPartial<{ version: string; changedBy: string; changedAt: Date; changes: { summary: string; details?: Record<string, any>; sections?: string[]; }; approved?: boolean; approvedBy?: string; }>[]; ... 61 more ...; controls?: Control[]; }' is missing the following properties from type 'Policy': isActive, isExpiringSoon, needsReview, completionPercentage, and 7 more.
src/modules/policies/__tests__/policies.integration.spec.ts(761,56): error TS2345: Argument of type '(policy: DeepPartial<Policy>) => Promise<{ title: string; changeHistory: DeepPartial<{ version: string; changedBy: string; changedAt: Date; changes: { summary: string; details?: Record<...>; sections?: string[]; }; approved?: boolean; approvedBy?: string; }>[]; ... 60 more ...; controls?: Control[]; } | { ...; }>' is not assignable to parameter of type '(entity: DeepPartial<Policy>, options?: SaveOptions) => Promise<DeepPartial<Policy> & Policy>'.
  Type 'Promise<{ title: string; changeHistory: DeepPartial<{ version: string; changedBy: string; changedAt: Date; changes: { summary: string; details?: Record<string, any>; sections?: string[]; }; approved?: boolean; approvedBy?: string; }>[]; ... 60 more ...; controls?: Control[]; } | { ...; }>' is not assignable to type 'Promise<DeepPartial<Policy> & Policy>'.
    Type '{ title: string; changeHistory: DeepPartial<{ version: string; changedBy: string; changedAt: Date; changes: { summary: string; details?: Record<string, any>; sections?: string[]; }; approved?: boolean; approvedBy?: string; }>[]; ... 60 more ...; controls?: Control[]; } | { ...; }' is not assignable to type 'DeepPartial<Policy> & Policy'.
      Type '{ title: string; changeHistory: DeepPartial<{ version: string; changedBy: string; changedAt: Date; changes: { summary: string; details?: Record<string, any>; sections?: string[]; }; approved?: boolean; approvedBy?: string; }>[]; ... 60 more ...; controls?: Control[]; }' is not assignable to type 'DeepPartial<Policy> & Policy'.
        Type '{ title: string; changeHistory: DeepPartial<{ version: string; changedBy: string; changedAt: Date; changes: { summary: string; details?: Record<string, any>; sections?: string[]; }; approved?: boolean; approvedBy?: string; }>[]; ... 60 more ...; controls?: Control[]; }' is not assignable to type '{ id?: string; title?: string; policyNumber?: string; version?: string; description?: string; purpose?: string; type?: DeepPartial<PolicyType>; status?: DeepPartial<PolicyStatus>; ... 65 more ...; canBeEditedBy?: DeepPartial<...>; } & Policy'.
          Type '{ title: string; changeHistory: DeepPartial<{ version: string; changedBy: string; changedAt: Date; changes: { summary: string; details?: Record<string, any>; sections?: string[]; }; approved?: boolean; approvedBy?: string; }>[]; ... 60 more ...; controls?: Control[]; }' is missing the following properties from type 'Policy': isActive, isExpiringSoon, needsReview, completionPercentage, and 7 more.
src/modules/policies/__tests__/policies.integration.spec.ts(776,36): error TS2345: Argument of type '{ title: string; changeHistory: DeepPartial<{ version: string; changedBy: string; changedAt: Date; changes: { summary: string; details?: Record<string, any>; sections?: string[]; }; approved?: boolean; approvedBy?: string; }>[]; ... 60 more ...; controls?: Control[]; } | { ...; }' is not assignable to parameter of type 'Policy'.
  Type '{ title: string; changeHistory: DeepPartial<{ version: string; changedBy: string; changedAt: Date; changes: { summary: string; details?: Record<string, any>; sections?: string[]; }; approved?: boolean; approvedBy?: string; }>[]; ... 60 more ...; controls?: Control[]; }' is missing the following properties from type 'Policy': isActive, isExpiringSoon, needsReview, completionPercentage, and 7 more.
src/modules/policies/__tests__/policies.integration.spec.ts(811,56): error TS2345: Argument of type '(policy: DeepPartial<Policy>) => Promise<{ status: PolicyStatus; approvalDate: Date; approvedBy: string; id: string; title: string; policyNumber: string; ... 57 more ...; controls?: Control[]; } | { ...; }>' is not assignable to parameter of type '(entity: DeepPartial<Policy>, options?: SaveOptions) => Promise<DeepPartial<Policy> & Policy>'.
  Type 'Promise<{ status: PolicyStatus; approvalDate: Date; approvedBy: string; id: string; title: string; policyNumber: string; version: string; description?: string; purpose: string; ... 54 more ...; controls?: Control[]; } | { ...; }>' is not assignable to type 'Promise<DeepPartial<Policy> & Policy>'.
    Type '{ status: PolicyStatus; approvalDate: Date; approvedBy: string; id: string; title: string; policyNumber: string; version: string; description?: string; purpose: string; ... 54 more ...; controls?: Control[]; } | { ...; }' is not assignable to type 'DeepPartial<Policy> & Policy'.
      Type '{ status: PolicyStatus; approvalDate: Date; approvedBy: string; id: string; title: string; policyNumber: string; version: string; description?: string; purpose: string; ... 54 more ...; controls?: Control[]; }' is not assignable to type 'DeepPartial<Policy> & Policy'.
        Type '{ status: PolicyStatus; approvalDate: Date; approvedBy: string; id: string; title: string; policyNumber: string; version: string; description?: string; purpose: string; ... 54 more ...; controls?: Control[]; }' is not assignable to type '{ id?: string; title?: string; policyNumber?: string; version?: string; description?: string; purpose?: string; type?: DeepPartial<PolicyType>; status?: DeepPartial<PolicyStatus>; ... 65 more ...; canBeEditedBy?: DeepPartial<...>; } & Policy'.
          Type '{ status: PolicyStatus; approvalDate: Date; approvedBy: string; id: string; title: string; policyNumber: string; version: string; description?: string; purpose: string; type: PolicyType; ... 53 more ...; controls?: Control[]; }' is missing the following properties from type 'Policy': isActive, isExpiringSoon, needsReview, completionPercentage, and 7 more.
src/modules/policies/__tests__/policies.integration.spec.ts(818,36): error TS2345: Argument of type '{ status: PolicyStatus; approvalDate: Date; approvedBy: string; id: string; title: string; policyNumber: string; version: string; description?: string; purpose: string; ... 54 more ...; controls?: Control[]; } | { ...; }' is not assignable to parameter of type 'Policy'.
  Type '{ status: PolicyStatus; approvalDate: Date; approvedBy: string; id: string; title: string; policyNumber: string; version: string; description?: string; purpose: string; type: PolicyType; ... 53 more ...; controls?: Control[]; }' is missing the following properties from type 'Policy': isActive, isExpiringSoon, needsReview, completionPercentage, and 7 more.
src/modules/policies/__tests__/policies.integration.spec.ts(862,56): error TS2345: Argument of type '(policy: DeepPartial<Policy>) => Promise<{ status: PolicyStatus; publishedDate: Date; publishedBy: string; id: string; title: string; policyNumber: string; ... 57 more ...; controls?: Control[]; } | { ...; }>' is not assignable to parameter of type '(entity: DeepPartial<Policy>, options?: SaveOptions) => Promise<DeepPartial<Policy> & Policy>'.
  Type 'Promise<{ status: PolicyStatus; publishedDate: Date; publishedBy: string; id: string; title: string; policyNumber: string; version: string; description?: string; purpose: string; ... 54 more ...; controls?: Control[]; } | { ...; }>' is not assignable to type 'Promise<DeepPartial<Policy> & Policy>'.
    Type '{ status: PolicyStatus; publishedDate: Date; publishedBy: string; id: string; title: string; policyNumber: string; version: string; description?: string; purpose: string; ... 54 more ...; controls?: Control[]; } | { ...; }' is not assignable to type 'DeepPartial<Policy> & Policy'.
      Type '{ status: PolicyStatus; publishedDate: Date; publishedBy: string; id: string; title: string; policyNumber: string; version: string; description?: string; purpose: string; ... 54 more ...; controls?: Control[]; }' is not assignable to type 'DeepPartial<Policy> & Policy'.
        Type '{ status: PolicyStatus; publishedDate: Date; publishedBy: string; id: string; title: string; policyNumber: string; version: string; description?: string; purpose: string; ... 54 more ...; controls?: Control[]; }' is not assignable to type '{ id?: string; title?: string; policyNumber?: string; version?: string; description?: string; purpose?: string; type?: DeepPartial<PolicyType>; status?: DeepPartial<PolicyStatus>; ... 65 more ...; canBeEditedBy?: DeepPartial<...>; } & Policy'.
          Type '{ status: PolicyStatus; publishedDate: Date; publishedBy: string; id: string; title: string; policyNumber: string; version: string; description?: string; purpose: string; ... 54 more ...; controls?: Control[]; }' is missing the following properties from type 'Policy': isActive, isExpiringSoon, needsReview, completionPercentage, and 7 more.
src/modules/policies/__tests__/policies.integration.spec.ts(869,36): error TS2345: Argument of type '{ status: PolicyStatus; publishedDate: Date; publishedBy: string; id: string; title: string; policyNumber: string; version: string; description?: string; purpose: string; ... 54 more ...; controls?: Control[]; } | { ...; }' is not assignable to parameter of type 'Policy'.
  Type '{ status: PolicyStatus; publishedDate: Date; publishedBy: string; id: string; title: string; policyNumber: string; version: string; description?: string; purpose: string; ... 54 more ...; controls?: Control[]; }' is missing the following properties from type 'Policy': isActive, isExpiringSoon, needsReview, completionPercentage, and 7 more.
src/modules/policies/__tests__/policies.integration.spec.ts(891,56): error TS2345: Argument of type '(policy: DeepPartial<Policy>) => Promise<{ status: PolicyStatus; publishedDate: Date; publishedBy: string; id: string; title: string; policyNumber: string; ... 57 more ...; controls?: Control[]; } | { ...; }>' is not assignable to parameter of type '(entity: DeepPartial<Policy>, options?: SaveOptions) => Promise<DeepPartial<Policy> & Policy>'.
  Type 'Promise<{ status: PolicyStatus; publishedDate: Date; publishedBy: string; id: string; title: string; policyNumber: string; version: string; description?: string; purpose: string; ... 54 more ...; controls?: Control[]; } | { ...; }>' is not assignable to type 'Promise<DeepPartial<Policy> & Policy>'.
    Type '{ status: PolicyStatus; publishedDate: Date; publishedBy: string; id: string; title: string; policyNumber: string; version: string; description?: string; purpose: string; ... 54 more ...; controls?: Control[]; } | { ...; }' is not assignable to type 'DeepPartial<Policy> & Policy'.
      Type '{ status: PolicyStatus; publishedDate: Date; publishedBy: string; id: string; title: string; policyNumber: string; version: string; description?: string; purpose: string; ... 54 more ...; controls?: Control[]; }' is not assignable to type 'DeepPartial<Policy> & Policy'.
        Type '{ status: PolicyStatus; publishedDate: Date; publishedBy: string; id: string; title: string; policyNumber: string; version: string; description?: string; purpose: string; ... 54 more ...; controls?: Control[]; }' is not assignable to type '{ id?: string; title?: string; policyNumber?: string; version?: string; description?: string; purpose?: string; type?: DeepPartial<PolicyType>; status?: DeepPartial<PolicyStatus>; ... 65 more ...; canBeEditedBy?: DeepPartial<...>; } & Policy'.
          Type '{ status: PolicyStatus; publishedDate: Date; publishedBy: string; id: string; title: string; policyNumber: string; version: string; description?: string; purpose: string; ... 54 more ...; controls?: Control[]; }' is missing the following properties from type 'Policy': isActive, isExpiringSoon, needsReview, completionPercentage, and 7 more.
src/modules/policies/__tests__/policies.integration.spec.ts(898,36): error TS2345: Argument of type '{ status: PolicyStatus; publishedDate: Date; publishedBy: string; id: string; title: string; policyNumber: string; version: string; description?: string; purpose: string; ... 54 more ...; controls?: Control[]; } | { ...; }' is not assignable to parameter of type 'Policy'.
  Type '{ status: PolicyStatus; publishedDate: Date; publishedBy: string; id: string; title: string; policyNumber: string; version: string; description?: string; purpose: string; ... 54 more ...; controls?: Control[]; }' is missing the following properties from type 'Policy': isActive, isExpiringSoon, needsReview, completionPercentage, and 7 more.
src/modules/policies/__tests__/policies.integration.spec.ts(933,56): error TS2345: Argument of type '(policy: DeepPartial<Policy>) => Promise<{ exceptions: ({ id?: string; description?: string; justification?: string; approvedBy?: string; approvalDate?: DeepPartial<Date>; expirationDate?: DeepPartial<...>; conditions?: DeepPartial<...>; } | { ...; })[]; ... 61 more ...; controls?: Control[]; } | { ...; }>' is not assignable to parameter of type '(entity: DeepPartial<Policy>, options?: SaveOptions) => Promise<DeepPartial<Policy> & Policy>'.
  Type 'Promise<{ exceptions: ({ id?: string; description?: string; justification?: string; approvedBy?: string; approvalDate?: DeepPartial<Date>; expirationDate?: DeepPartial<Date>; conditions?: DeepPartial<...>; } | { ...; })[]; ... 61 more ...; controls?: Control[]; } | { ...; }>' is not assignable to type 'Promise<DeepPartial<Policy> & Policy>'.
    Type '{ exceptions: ({ id?: string; description?: string; justification?: string; approvedBy?: string; approvalDate?: DeepPartial<Date>; expirationDate?: DeepPartial<Date>; conditions?: DeepPartial<...>; } | { ...; })[]; ... 61 more ...; controls?: Control[]; } | { ...; }' is not assignable to type 'DeepPartial<Policy> & Policy'.
      Type '{ exceptions: ({ id?: string; description?: string; justification?: string; approvedBy?: string; approvalDate?: DeepPartial<Date>; expirationDate?: DeepPartial<Date>; conditions?: DeepPartial<...>; } | { ...; })[]; ... 61 more ...; controls?: Control[]; }' is not assignable to type 'DeepPartial<Policy> & Policy'.
        Type '{ exceptions: ({ id?: string; description?: string; justification?: string; approvedBy?: string; approvalDate?: DeepPartial<Date>; expirationDate?: DeepPartial<Date>; conditions?: DeepPartial<...>; } | { ...; })[]; ... 61 more ...; controls?: Control[]; }' is not assignable to type '{ id?: string; title?: string; policyNumber?: string; version?: string; description?: string; purpose?: string; type?: DeepPartial<PolicyType>; status?: DeepPartial<PolicyStatus>; ... 65 more ...; canBeEditedBy?: DeepPartial<...>; } & Policy'.
          Type '{ exceptions: ({ id?: string; description?: string; justification?: string; approvedBy?: string; approvalDate?: DeepPartial<Date>; expirationDate?: DeepPartial<Date>; conditions?: DeepPartial<...>; } | { ...; })[]; ... 61 more ...; controls?: Control[]; }' is missing the following properties from type 'Policy': isActive, isExpiringSoon, needsReview, completionPercentage, and 7 more.
src/modules/policies/__tests__/policies.integration.spec.ts(945,36): error TS2345: Argument of type '{ exceptions: ({ id?: string; description?: string; justification?: string; approvedBy?: string; approvalDate?: DeepPartial<Date>; expirationDate?: DeepPartial<Date>; conditions?: DeepPartial<...>; } | { ...; })[]; ... 61 more ...; controls?: Control[]; } | { ...; }' is not assignable to parameter of type 'Policy'.
  Type '{ exceptions: ({ id?: string; description?: string; justification?: string; approvedBy?: string; approvalDate?: DeepPartial<Date>; expirationDate?: DeepPartial<Date>; conditions?: DeepPartial<...>; } | { ...; })[]; ... 61 more ...; controls?: Control[]; }' is missing the following properties from type 'Policy': isActive, isExpiringSoon, needsReview, completionPercentage, and 7 more.
src/modules/policies/__tests__/policies.integration.spec.ts(974,56): error TS2345: Argument of type '(policy: DeepPartial<Policy>) => Promise<{ status: PolicyStatus; archivedAt: Date; archivedBy: string; id: string; title: string; policyNumber: string; ... 57 more ...; controls?: Control[]; } | { ...; }>' is not assignable to parameter of type '(entity: DeepPartial<Policy>, options?: SaveOptions) => Promise<DeepPartial<Policy> & Policy>'.
  Type 'Promise<{ status: PolicyStatus; archivedAt: Date; archivedBy: string; id: string; title: string; policyNumber: string; version: string; description?: string; purpose: string; ... 54 more ...; controls?: Control[]; } | { ...; }>' is not assignable to type 'Promise<DeepPartial<Policy> & Policy>'.
    Type '{ status: PolicyStatus; archivedAt: Date; archivedBy: string; id: string; title: string; policyNumber: string; version: string; description?: string; purpose: string; type: PolicyType; ... 53 more ...; controls?: Control[]; } | { ...; }' is not assignable to type 'DeepPartial<Policy> & Policy'.
      Type '{ status: PolicyStatus; archivedAt: Date; archivedBy: string; id: string; title: string; policyNumber: string; version: string; description?: string; purpose: string; ... 54 more ...; controls?: Control[]; }' is not assignable to type 'DeepPartial<Policy> & Policy'.
        Type '{ status: PolicyStatus; archivedAt: Date; archivedBy: string; id: string; title: string; policyNumber: string; version: string; description?: string; purpose: string; ... 54 more ...; controls?: Control[]; }' is not assignable to type '{ id?: string; title?: string; policyNumber?: string; version?: string; description?: string; purpose?: string; type?: DeepPartial<PolicyType>; status?: DeepPartial<PolicyStatus>; ... 65 more ...; canBeEditedBy?: DeepPartial<...>; } & Policy'.
          Type '{ status: PolicyStatus; archivedAt: Date; archivedBy: string; id: string; title: string; policyNumber: string; version: string; description?: string; purpose: string; type: PolicyType; ... 53 more ...; controls?: Control[]; }' is missing the following properties from type 'Policy': isActive, isExpiringSoon, needsReview, completionPercentage, and 7 more.
src/modules/policies/__tests__/policies.integration.spec.ts(981,36): error TS2345: Argument of type '{ status: PolicyStatus; archivedAt: Date; archivedBy: string; id: string; title: string; policyNumber: string; version: string; description?: string; purpose: string; type: PolicyType; ... 53 more ...; controls?: Control[]; } | { ...; }' is not assignable to parameter of type 'Policy'.
  Type '{ status: PolicyStatus; archivedAt: Date; archivedBy: string; id: string; title: string; policyNumber: string; version: string; description?: string; purpose: string; type: PolicyType; ... 53 more ...; controls?: Control[]; }' is missing the following properties from type 'Policy': isActive, isExpiringSoon, needsReview, completionPercentage, and 7 more.
src/modules/policies/__tests__/policies.security.spec.ts(288,13): error TS2740: Type '{ title: string; type: PolicyType.SECURITY; content: { sections: undefined[]; }; }' is missing the following properties from type 'CreatePolicyDto': priority, scope, effectiveDate, organizationId, and 3 more.
src/modules/policies/__tests__/policies.security.spec.ts(328,21): error TS2339: Property 'canBeViewedBy' does not exist on type 'Policy'.
src/modules/policies/__tests__/policies.security.spec.ts(328,49): error TS2339: Property 'roles' does not exist on type '{ id: string; email: string; organizationId: string; }'.
src/modules/policies/__tests__/policies.security.spec.ts(343,24): error TS2554: Expected 2 arguments, but got 1.
src/modules/policies/__tests__/policies.security.spec.ts(540,9): error TS2322: Type '{ __proto__: { isAdmin: true; }; }' is not assignable to type '{ __proto__: { isAdmin: boolean; }; constructor?: undefined; prototype?: undefined; } | { constructor: { prototype: { isAdmin: boolean; }; }; __proto__?: undefined; prototype?: undefined; } | { prototype: { ...; }; __proto__?: undefined; constructor?: undefined; }'.
  Type '{ __proto__: { isAdmin: true; }; }' is not assignable to type '{ __proto__: { isAdmin: boolean; }; constructor?: undefined; prototype?: undefined; }'.
    Types of property ''constructor'' are incompatible.
      Type 'Function' is not assignable to type 'undefined'.
src/modules/policies/__tests__/policies.security.spec.ts(542,9): error TS2322: Type '{ prototype: { isAdmin: true; }; }' is not assignable to type '{ __proto__: { isAdmin: boolean; }; constructor?: undefined; prototype?: undefined; } | { constructor: { prototype: { isAdmin: boolean; }; }; __proto__?: undefined; prototype?: undefined; } | { prototype: { ...; }; __proto__?: undefined; constructor?: undefined; }'.
  Type '{ prototype: { isAdmin: true; }; }' is not assignable to type '{ prototype: { isAdmin: boolean; }; __proto__?: undefined; constructor?: undefined; }'.
    Types of property ''constructor'' are incompatible.
      Type 'Function' is not assignable to type 'undefined'.
src/modules/policies/__tests__/policies.security.spec.ts(626,39): error TS2554: Expected 3 arguments, but got 2.
src/modules/policies/__tests__/policies.service.integration.spec.ts(209,51): error TS2345: Argument of type '{ organizationId: string; createdBy: string; title: string; description: string; type: PolicyType; priority: PolicyPriority; scope: PolicyScope; ... 7 more ...; keywords: string[]; }' is not assignable to parameter of type 'CreatePolicyDto'.
  Type '{ organizationId: string; createdBy: string; title: string; description: string; type: PolicyType; priority: PolicyPriority; scope: PolicyScope; ... 7 more ...; keywords: string[]; }' is missing the following properties from type 'CreatePolicyDto': ownerId, ownerName
src/modules/policies/__tests__/policies.service.integration.spec.ts(245,52): error TS2345: Argument of type '{ organizationId: string; createdBy: string; title: string; description: string; type: PolicyType; priority: PolicyPriority; scope: PolicyScope; ... 7 more ...; keywords: string[]; }' is not assignable to parameter of type 'CreatePolicyDto'.
  Type '{ organizationId: string; createdBy: string; title: string; description: string; type: PolicyType; priority: PolicyPriority; scope: PolicyScope; ... 7 more ...; keywords: string[]; }' is missing the following properties from type 'CreatePolicyDto': ownerId, ownerName
src/modules/policies/__tests__/policies.service.integration.spec.ts(254,52): error TS2345: Argument of type '{ title: string; organizationId: string; createdBy: string; description: string; type: PolicyType; priority: PolicyPriority; scope: PolicyScope; ... 7 more ...; keywords: string[]; }' is not assignable to parameter of type 'CreatePolicyDto'.
  Type '{ title: string; organizationId: string; createdBy: string; description: string; type: PolicyType; priority: PolicyPriority; scope: PolicyScope; ... 7 more ...; keywords: string[]; }' is missing the following properties from type 'CreatePolicyDto': ownerId, ownerName
src/modules/policies/__tests__/policies.service.integration.spec.ts(339,29): error TS2339: Property 'status' does not exist on type 'FindOptionsWhere<Policy> | FindOptionsWhere<Policy>[]'.
  Property 'status' does not exist on type 'FindOptionsWhere<Policy>[]'.
src/modules/policies/__tests__/policies.service.integration.spec.ts(340,69): error TS2339: Property 'status' does not exist on type 'FindOptionsWhere<Policy> | FindOptionsWhere<Policy>[]'.
  Property 'status' does not exist on type 'FindOptionsWhere<Policy>[]'.
src/modules/policies/__tests__/policies.service.integration.spec.ts(342,29): error TS2339: Property 'type' does not exist on type 'FindOptionsWhere<Policy> | FindOptionsWhere<Policy>[]'.
  Property 'type' does not exist on type 'FindOptionsWhere<Policy>[]'.
src/modules/policies/__tests__/policies.service.integration.spec.ts(343,67): error TS2339: Property 'type' does not exist on type 'FindOptionsWhere<Policy> | FindOptionsWhere<Policy>[]'.
  Property 'type' does not exist on type 'FindOptionsWhere<Policy>[]'.
src/modules/policies/__tests__/policies.service.integration.spec.ts(388,44): error TS2339: Property 'findExpiring' does not exist on type 'PoliciesService'.
src/modules/policies/__tests__/policies.service.integration.spec.ts(395,44): error TS2339: Property 'findExpiring' does not exist on type 'PoliciesService'.
src/modules/policies/__tests__/policies.service.integration.spec.ts(430,44): error TS2339: Property 'findNeedsReview' does not exist on type 'PoliciesService'.
src/modules/policies/__tests__/policies.service.integration.spec.ts(458,56): error TS2345: Argument of type '(policy: DeepPartial<Policy>) => Promise<{ viewCount: number; id: string; title: string; policyNumber: string; version: string; description?: string; purpose: string; type: PolicyType; ... 54 more ...; controls?: Control[]; } | { ...; }>' is not assignable to parameter of type '(entity: DeepPartial<Policy>, options?: SaveOptions) => Promise<DeepPartial<Policy> & Policy>'.
  Type 'Promise<{ viewCount: number; id: string; title: string; policyNumber: string; version: string; description?: string; purpose: string; type: PolicyType; status: PolicyStatus; ... 53 more ...; controls?: Control[]; } | { ...; }>' is not assignable to type 'Promise<DeepPartial<Policy> & Policy>'.
    Type '{ viewCount: number; id: string; title: string; policyNumber: string; version: string; description?: string; purpose: string; type: PolicyType; status: PolicyStatus; ... 53 more ...; controls?: Control[]; } | { ...; }' is not assignable to type 'DeepPartial<Policy> & Policy'.
      Type '{ viewCount: number; id: string; title: string; policyNumber: string; version: string; description?: string; purpose: string; type: PolicyType; status: PolicyStatus; priority: PolicyPriority; ... 52 more ...; controls?: Control[]; }' is not assignable to type 'DeepPartial<Policy> & Policy'.
        Type '{ viewCount: number; id: string; title: string; policyNumber: string; version: string; description?: string; purpose: string; type: PolicyType; status: PolicyStatus; priority: PolicyPriority; ... 52 more ...; controls?: Control[]; }' is not assignable to type '{ id?: string; title?: string; policyNumber?: string; version?: string; description?: string; purpose?: string; type?: DeepPartial<PolicyType>; status?: DeepPartial<PolicyStatus>; ... 65 more ...; canBeEditedBy?: DeepPartial<...>; } & Policy'.
          Type '{ viewCount: number; id: string; title: string; policyNumber: string; version: string; description?: string; purpose: string; type: PolicyType; status: PolicyStatus; ... 53 more ...; controls?: Control[]; }' is missing the following properties from type 'Policy': isActive, isExpiringSoon, needsReview, completionPercentage, and 7 more.
src/modules/policies/__tests__/policies.service.integration.spec.ts(460,36): error TS2345: Argument of type '{ viewCount: number; id: string; title: string; policyNumber: string; version: string; description?: string; purpose: string; type: PolicyType; status: PolicyStatus; ... 53 more ...; controls?: Control[]; } | { ...; }' is not assignable to parameter of type 'Policy'.
  Type '{ viewCount: number; id: string; title: string; policyNumber: string; version: string; description?: string; purpose: string; type: PolicyType; status: PolicyStatus; ... 53 more ...; controls?: Control[]; }' is missing the following properties from type 'Policy': isActive, isExpiringSoon, needsReview, completionPercentage, and 7 more.
src/modules/policies/__tests__/policies.service.integration.spec.ts(523,56): error TS2345: Argument of type '(policy: DeepPartial<Policy>) => Promise<{ changeHistory: DeepPartial<{ version: string; changedBy: string; changedAt: Date; changes: { summary: string; details?: Record<string, any>; sections?: string[]; }; approved?: boolean; approvedBy?: string; }>[]; ... 61 more ...; controls?: Control[]; } | { ...; }>' is not assignable to parameter of type '(entity: DeepPartial<Policy>, options?: SaveOptions) => Promise<DeepPartial<Policy> & Policy>'.
  Type 'Promise<{ changeHistory: DeepPartial<{ version: string; changedBy: string; changedAt: Date; changes: { summary: string; details?: Record<string, any>; sections?: string[]; }; approved?: boolean; approvedBy?: string; }>[]; ... 61 more ...; controls?: Control[]; } | { ...; }>' is not assignable to type 'Promise<DeepPartial<Policy> & Policy>'.
    Type '{ changeHistory: DeepPartial<{ version: string; changedBy: string; changedAt: Date; changes: { summary: string; details?: Record<string, any>; sections?: string[]; }; approved?: boolean; approvedBy?: string; }>[]; ... 61 more ...; controls?: Control[]; } | { ...; }' is not assignable to type 'DeepPartial<Policy> & Policy'.
      Type '{ changeHistory: DeepPartial<{ version: string; changedBy: string; changedAt: Date; changes: { summary: string; details?: Record<string, any>; sections?: string[]; }; approved?: boolean; approvedBy?: string; }>[]; ... 61 more ...; controls?: Control[]; }' is not assignable to type 'DeepPartial<Policy> & Policy'.
        Type '{ changeHistory: DeepPartial<{ version: string; changedBy: string; changedAt: Date; changes: { summary: string; details?: Record<string, any>; sections?: string[]; }; approved?: boolean; approvedBy?: string; }>[]; ... 61 more ...; controls?: Control[]; }' is not assignable to type '{ id?: string; title?: string; policyNumber?: string; version?: string; description?: string; purpose?: string; type?: DeepPartial<PolicyType>; status?: DeepPartial<PolicyStatus>; ... 65 more ...; canBeEditedBy?: DeepPartial<...>; } & Policy'.
          Type '{ changeHistory: DeepPartial<{ version: string; changedBy: string; changedAt: Date; changes: { summary: string; details?: Record<string, any>; sections?: string[]; }; approved?: boolean; approvedBy?: string; }>[]; ... 61 more ...; controls?: Control[]; }' is missing the following properties from type 'Policy': isActive, isExpiringSoon, needsReview, completionPercentage, and 7 more.
src/modules/policies/__tests__/policies.service.integration.spec.ts(537,36): error TS2345: Argument of type '{ changeHistory: DeepPartial<{ version: string; changedBy: string; changedAt: Date; changes: { summary: string; details?: Record<string, any>; sections?: string[]; }; approved?: boolean; approvedBy?: string; }>[]; ... 61 more ...; controls?: Control[]; } | { ...; }' is not assignable to parameter of type 'Policy'.
  Type '{ changeHistory: DeepPartial<{ version: string; changedBy: string; changedAt: Date; changes: { summary: string; details?: Record<string, any>; sections?: string[]; }; approved?: boolean; approvedBy?: string; }>[]; ... 61 more ...; controls?: Control[]; }' is missing the following properties from type 'Policy': isActive, isExpiringSoon, needsReview, completionPercentage, and 7 more.
src/modules/policies/__tests__/policies.service.integration.spec.ts(541,44): error TS2554: Expected 3 arguments, but got 2.
src/modules/policies/__tests__/policies.service.integration.spec.ts(565,56): error TS2345: Argument of type '(policy: DeepPartial<Policy>) => Promise<{ title: string; changeHistory: DeepPartial<{ version: string; changedBy: string; changedAt: Date; changes: { summary: string; details?: Record<...>; sections?: string[]; }; approved?: boolean; approvedBy?: string; }>[]; ... 60 more ...; controls?: Control[]; } | { ...; }>' is not assignable to parameter of type '(entity: DeepPartial<Policy>, options?: SaveOptions) => Promise<DeepPartial<Policy> & Policy>'.
  Type 'Promise<{ title: string; changeHistory: DeepPartial<{ version: string; changedBy: string; changedAt: Date; changes: { summary: string; details?: Record<string, any>; sections?: string[]; }; approved?: boolean; approvedBy?: string; }>[]; ... 60 more ...; controls?: Control[]; } | { ...; }>' is not assignable to type 'Promise<DeepPartial<Policy> & Policy>'.
    Type '{ title: string; changeHistory: DeepPartial<{ version: string; changedBy: string; changedAt: Date; changes: { summary: string; details?: Record<string, any>; sections?: string[]; }; approved?: boolean; approvedBy?: string; }>[]; ... 60 more ...; controls?: Control[]; } | { ...; }' is not assignable to type 'DeepPartial<Policy> & Policy'.
      Type '{ title: string; changeHistory: DeepPartial<{ version: string; changedBy: string; changedAt: Date; changes: { summary: string; details?: Record<string, any>; sections?: string[]; }; approved?: boolean; approvedBy?: string; }>[]; ... 60 more ...; controls?: Control[]; }' is not assignable to type 'DeepPartial<Policy> & Policy'.
        Type '{ title: string; changeHistory: DeepPartial<{ version: string; changedBy: string; changedAt: Date; changes: { summary: string; details?: Record<string, any>; sections?: string[]; }; approved?: boolean; approvedBy?: string; }>[]; ... 60 more ...; controls?: Control[]; }' is not assignable to type '{ id?: string; title?: string; policyNumber?: string; version?: string; description?: string; purpose?: string; type?: DeepPartial<PolicyType>; status?: DeepPartial<PolicyStatus>; ... 65 more ...; canBeEditedBy?: DeepPartial<...>; } & Policy'.
          Type '{ title: string; changeHistory: DeepPartial<{ version: string; changedBy: string; changedAt: Date; changes: { summary: string; details?: Record<string, any>; sections?: string[]; }; approved?: boolean; approvedBy?: string; }>[]; ... 60 more ...; controls?: Control[]; }' is missing the following properties from type 'Policy': isActive, isExpiringSoon, needsReview, completionPercentage, and 7 more.
src/modules/policies/__tests__/policies.service.integration.spec.ts(580,36): error TS2345: Argument of type '{ title: string; changeHistory: DeepPartial<{ version: string; changedBy: string; changedAt: Date; changes: { summary: string; details?: Record<string, any>; sections?: string[]; }; approved?: boolean; approvedBy?: string; }>[]; ... 60 more ...; controls?: Control[]; } | { ...; }' is not assignable to parameter of type 'Policy'.
  Type '{ title: string; changeHistory: DeepPartial<{ version: string; changedBy: string; changedAt: Date; changes: { summary: string; details?: Record<string, any>; sections?: string[]; }; approved?: boolean; approvedBy?: string; }>[]; ... 60 more ...; controls?: Control[]; }' is missing the following properties from type 'Policy': isActive, isExpiringSoon, needsReview, completionPercentage, and 7 more.
src/modules/policies/__tests__/policies.service.integration.spec.ts(584,29): error TS2554: Expected 3 arguments, but got 2.
src/modules/policies/__tests__/policies.service.integration.spec.ts(611,56): error TS2345: Argument of type '(policy: DeepPartial<Policy>) => Promise<{ status: PolicyStatus; approvalDate: Date; approvedBy: string; id: string; title: string; policyNumber: string; ... 57 more ...; controls?: Control[]; } | { ...; }>' is not assignable to parameter of type '(entity: DeepPartial<Policy>, options?: SaveOptions) => Promise<DeepPartial<Policy> & Policy>'.
  Type 'Promise<{ status: PolicyStatus; approvalDate: Date; approvedBy: string; id: string; title: string; policyNumber: string; version: string; description?: string; purpose: string; ... 54 more ...; controls?: Control[]; } | { ...; }>' is not assignable to type 'Promise<DeepPartial<Policy> & Policy>'.
    Type '{ status: PolicyStatus; approvalDate: Date; approvedBy: string; id: string; title: string; policyNumber: string; version: string; description?: string; purpose: string; ... 54 more ...; controls?: Control[]; } | { ...; }' is not assignable to type 'DeepPartial<Policy> & Policy'.
      Type '{ status: PolicyStatus; approvalDate: Date; approvedBy: string; id: string; title: string; policyNumber: string; version: string; description?: string; purpose: string; ... 54 more ...; controls?: Control[]; }' is not assignable to type 'DeepPartial<Policy> & Policy'.
        Type '{ status: PolicyStatus; approvalDate: Date; approvedBy: string; id: string; title: string; policyNumber: string; version: string; description?: string; purpose: string; ... 54 more ...; controls?: Control[]; }' is not assignable to type '{ id?: string; title?: string; policyNumber?: string; version?: string; description?: string; purpose?: string; type?: DeepPartial<PolicyType>; status?: DeepPartial<PolicyStatus>; ... 65 more ...; canBeEditedBy?: DeepPartial<...>; } & Policy'.
          Type '{ status: PolicyStatus; approvalDate: Date; approvedBy: string; id: string; title: string; policyNumber: string; version: string; description?: string; purpose: string; type: PolicyType; ... 53 more ...; controls?: Control[]; }' is missing the following properties from type 'Policy': isActive, isExpiringSoon, needsReview, completionPercentage, and 7 more.
src/modules/policies/__tests__/policies.service.integration.spec.ts(618,36): error TS2345: Argument of type '{ status: PolicyStatus; approvalDate: Date; approvedBy: string; id: string; title: string; policyNumber: string; version: string; description?: string; purpose: string; ... 54 more ...; controls?: Control[]; } | { ...; }' is not assignable to parameter of type 'Policy'.
  Type '{ status: PolicyStatus; approvalDate: Date; approvedBy: string; id: string; title: string; policyNumber: string; version: string; description?: string; purpose: string; type: PolicyType; ... 53 more ...; controls?: Control[]; }' is missing the following properties from type 'Policy': isActive, isExpiringSoon, needsReview, completionPercentage, and 7 more.
src/modules/policies/__tests__/policies.service.integration.spec.ts(624,9): error TS2345: Argument of type '{ comments: string; }' is not assignable to parameter of type 'string'.
src/modules/policies/__tests__/policies.service.integration.spec.ts(648,43): error TS2345: Argument of type '{}' is not assignable to parameter of type 'string'.
src/modules/policies/__tests__/policies.service.integration.spec.ts(668,56): error TS2345: Argument of type '(policy: DeepPartial<Policy>) => Promise<{ status: PolicyStatus; publishedDate: Date; publishedBy: string; id: string; title: string; policyNumber: string; ... 57 more ...; controls?: Control[]; } | { ...; }>' is not assignable to parameter of type '(entity: DeepPartial<Policy>, options?: SaveOptions) => Promise<DeepPartial<Policy> & Policy>'.
  Type 'Promise<{ status: PolicyStatus; publishedDate: Date; publishedBy: string; id: string; title: string; policyNumber: string; version: string; description?: string; purpose: string; ... 54 more ...; controls?: Control[]; } | { ...; }>' is not assignable to type 'Promise<DeepPartial<Policy> & Policy>'.
    Type '{ status: PolicyStatus; publishedDate: Date; publishedBy: string; id: string; title: string; policyNumber: string; version: string; description?: string; purpose: string; ... 54 more ...; controls?: Control[]; } | { ...; }' is not assignable to type 'DeepPartial<Policy> & Policy'.
      Type '{ status: PolicyStatus; publishedDate: Date; publishedBy: string; id: string; title: string; policyNumber: string; version: string; description?: string; purpose: string; ... 54 more ...; controls?: Control[]; }' is not assignable to type 'DeepPartial<Policy> & Policy'.
        Type '{ status: PolicyStatus; publishedDate: Date; publishedBy: string; id: string; title: string; policyNumber: string; version: string; description?: string; purpose: string; ... 54 more ...; controls?: Control[]; }' is not assignable to type '{ id?: string; title?: string; policyNumber?: string; version?: string; description?: string; purpose?: string; type?: DeepPartial<PolicyType>; status?: DeepPartial<PolicyStatus>; ... 65 more ...; canBeEditedBy?: DeepPartial<...>; } & Policy'.
          Type '{ status: PolicyStatus; publishedDate: Date; publishedBy: string; id: string; title: string; policyNumber: string; version: string; description?: string; purpose: string; ... 54 more ...; controls?: Control[]; }' is missing the following properties from type 'Policy': isActive, isExpiringSoon, needsReview, completionPercentage, and 7 more.
src/modules/policies/__tests__/policies.service.integration.spec.ts(675,36): error TS2345: Argument of type '{ status: PolicyStatus; publishedDate: Date; publishedBy: string; id: string; title: string; policyNumber: string; version: string; description?: string; purpose: string; ... 54 more ...; controls?: Control[]; } | { ...; }' is not assignable to parameter of type 'Policy'.
  Type '{ status: PolicyStatus; publishedDate: Date; publishedBy: string; id: string; title: string; policyNumber: string; version: string; description?: string; purpose: string; ... 54 more ...; controls?: Control[]; }' is missing the following properties from type 'Policy': isActive, isExpiringSoon, needsReview, completionPercentage, and 7 more.
src/modules/policies/__tests__/policies.service.integration.spec.ts(679,44): error TS2554: Expected 2 arguments, but got 1.
src/modules/policies/__tests__/policies.service.integration.spec.ts(702,56): error TS2345: Argument of type '(policy: DeepPartial<Policy>) => Promise<{ status: PolicyStatus; publishedDate: Date; publishedBy: string; id: string; title: string; policyNumber: string; ... 57 more ...; controls?: Control[]; } | { ...; }>' is not assignable to parameter of type '(entity: DeepPartial<Policy>, options?: SaveOptions) => Promise<DeepPartial<Policy> & Policy>'.
  Type 'Promise<{ status: PolicyStatus; publishedDate: Date; publishedBy: string; id: string; title: string; policyNumber: string; version: string; description?: string; purpose: string; ... 54 more ...; controls?: Control[]; } | { ...; }>' is not assignable to type 'Promise<DeepPartial<Policy> & Policy>'.
    Type '{ status: PolicyStatus; publishedDate: Date; publishedBy: string; id: string; title: string; policyNumber: string; version: string; description?: string; purpose: string; ... 54 more ...; controls?: Control[]; } | { ...; }' is not assignable to type 'DeepPartial<Policy> & Policy'.
      Type '{ status: PolicyStatus; publishedDate: Date; publishedBy: string; id: string; title: string; policyNumber: string; version: string; description?: string; purpose: string; ... 54 more ...; controls?: Control[]; }' is not assignable to type 'DeepPartial<Policy> & Policy'.
        Type '{ status: PolicyStatus; publishedDate: Date; publishedBy: string; id: string; title: string; policyNumber: string; version: string; description?: string; purpose: string; ... 54 more ...; controls?: Control[]; }' is not assignable to type '{ id?: string; title?: string; policyNumber?: string; version?: string; description?: string; purpose?: string; type?: DeepPartial<PolicyType>; status?: DeepPartial<PolicyStatus>; ... 65 more ...; canBeEditedBy?: DeepPartial<...>; } & Policy'.
          Type '{ status: PolicyStatus; publishedDate: Date; publishedBy: string; id: string; title: string; policyNumber: string; version: string; description?: string; purpose: string; ... 54 more ...; controls?: Control[]; }' is missing the following properties from type 'Policy': isActive, isExpiringSoon, needsReview, completionPercentage, and 7 more.
src/modules/policies/__tests__/policies.service.integration.spec.ts(709,36): error TS2345: Argument of type '{ status: PolicyStatus; publishedDate: Date; publishedBy: string; id: string; title: string; policyNumber: string; version: string; description?: string; purpose: string; ... 54 more ...; controls?: Control[]; } | { ...; }' is not assignable to parameter of type 'Policy'.
  Type '{ status: PolicyStatus; publishedDate: Date; publishedBy: string; id: string; title: string; policyNumber: string; version: string; description?: string; purpose: string; ... 54 more ...; controls?: Control[]; }' is missing the following properties from type 'Policy': isActive, isExpiringSoon, needsReview, completionPercentage, and 7 more.
src/modules/policies/__tests__/policies.service.integration.spec.ts(713,44): error TS2554: Expected 2 arguments, but got 1.
src/modules/policies/__tests__/policies.service.integration.spec.ts(740,56): error TS2345: Argument of type '(policy: DeepPartial<Policy>) => Promise<{ exceptions: ({ id?: string; description?: string; justification?: string; approvedBy?: string; approvalDate?: DeepPartial<Date>; expirationDate?: DeepPartial<...>; conditions?: DeepPartial<...>; } | { ...; })[]; ... 61 more ...; controls?: Control[]; } | { ...; }>' is not assignable to parameter of type '(entity: DeepPartial<Policy>, options?: SaveOptions) => Promise<DeepPartial<Policy> & Policy>'.
  Type 'Promise<{ exceptions: ({ id?: string; description?: string; justification?: string; approvedBy?: string; approvalDate?: DeepPartial<Date>; expirationDate?: DeepPartial<Date>; conditions?: DeepPartial<...>; } | { ...; })[]; ... 61 more ...; controls?: Control[]; } | { ...; }>' is not assignable to type 'Promise<DeepPartial<Policy> & Policy>'.
    Type '{ exceptions: ({ id?: string; description?: string; justification?: string; approvedBy?: string; approvalDate?: DeepPartial<Date>; expirationDate?: DeepPartial<Date>; conditions?: DeepPartial<...>; } | { ...; })[]; ... 61 more ...; controls?: Control[]; } | { ...; }' is not assignable to type 'DeepPartial<Policy> & Policy'.
      Type '{ exceptions: ({ id?: string; description?: string; justification?: string; approvedBy?: string; approvalDate?: DeepPartial<Date>; expirationDate?: DeepPartial<Date>; conditions?: DeepPartial<...>; } | { ...; })[]; ... 61 more ...; controls?: Control[]; }' is not assignable to type 'DeepPartial<Policy> & Policy'.
        Type '{ exceptions: ({ id?: string; description?: string; justification?: string; approvedBy?: string; approvalDate?: DeepPartial<Date>; expirationDate?: DeepPartial<Date>; conditions?: DeepPartial<...>; } | { ...; })[]; ... 61 more ...; controls?: Control[]; }' is not assignable to type '{ id?: string; title?: string; policyNumber?: string; version?: string; description?: string; purpose?: string; type?: DeepPartial<PolicyType>; status?: DeepPartial<PolicyStatus>; ... 65 more ...; canBeEditedBy?: DeepPartial<...>; } & Policy'.
          Type '{ exceptions: ({ id?: string; description?: string; justification?: string; approvedBy?: string; approvalDate?: DeepPartial<Date>; expirationDate?: DeepPartial<Date>; conditions?: DeepPartial<...>; } | { ...; })[]; ... 61 more ...; controls?: Control[]; }' is missing the following properties from type 'Policy': isActive, isExpiringSoon, needsReview, completionPercentage, and 7 more.
src/modules/policies/__tests__/policies.service.integration.spec.ts(752,36): error TS2345: Argument of type '{ exceptions: ({ id?: string; description?: string; justification?: string; approvedBy?: string; approvalDate?: DeepPartial<Date>; expirationDate?: DeepPartial<Date>; conditions?: DeepPartial<...>; } | { ...; })[]; ... 61 more ...; controls?: Control[]; } | { ...; }' is not assignable to parameter of type 'Policy'.
  Type '{ exceptions: ({ id?: string; description?: string; justification?: string; approvedBy?: string; approvalDate?: DeepPartial<Date>; expirationDate?: DeepPartial<Date>; conditions?: DeepPartial<...>; } | { ...; })[]; ... 61 more ...; controls?: Control[]; }' is missing the following properties from type 'Policy': isActive, isExpiringSoon, needsReview, completionPercentage, and 7 more.
src/modules/policies/__tests__/policies.service.integration.spec.ts(756,44): error TS2554: Expected 3 arguments, but got 2.
src/modules/policies/__tests__/policies.service.integration.spec.ts(786,56): error TS2345: Argument of type '(policy: DeepPartial<Policy>) => Promise<{ status: PolicyStatus; archivedAt: Date; archivedBy: string; id: string; title: string; policyNumber: string; ... 57 more ...; controls?: Control[]; } | { ...; }>' is not assignable to parameter of type '(entity: DeepPartial<Policy>, options?: SaveOptions) => Promise<DeepPartial<Policy> & Policy>'.
  Type 'Promise<{ status: PolicyStatus; archivedAt: Date; archivedBy: string; id: string; title: string; policyNumber: string; version: string; description?: string; purpose: string; ... 54 more ...; controls?: Control[]; } | { ...; }>' is not assignable to type 'Promise<DeepPartial<Policy> & Policy>'.
    Type '{ status: PolicyStatus; archivedAt: Date; archivedBy: string; id: string; title: string; policyNumber: string; version: string; description?: string; purpose: string; type: PolicyType; ... 53 more ...; controls?: Control[]; } | { ...; }' is not assignable to type 'DeepPartial<Policy> & Policy'.
      Type '{ status: PolicyStatus; archivedAt: Date; archivedBy: string; id: string; title: string; policyNumber: string; version: string; description?: string; purpose: string; ... 54 more ...; controls?: Control[]; }' is not assignable to type 'DeepPartial<Policy> & Policy'.
        Type '{ status: PolicyStatus; archivedAt: Date; archivedBy: string; id: string; title: string; policyNumber: string; version: string; description?: string; purpose: string; ... 54 more ...; controls?: Control[]; }' is not assignable to type '{ id?: string; title?: string; policyNumber?: string; version?: string; description?: string; purpose?: string; type?: DeepPartial<PolicyType>; status?: DeepPartial<PolicyStatus>; ... 65 more ...; canBeEditedBy?: DeepPartial<...>; } & Policy'.
          Type '{ status: PolicyStatus; archivedAt: Date; archivedBy: string; id: string; title: string; policyNumber: string; version: string; description?: string; purpose: string; type: PolicyType; ... 53 more ...; controls?: Control[]; }' is missing the following properties from type 'Policy': isActive, isExpiringSoon, needsReview, completionPercentage, and 7 more.
src/modules/policies/__tests__/policies.service.integration.spec.ts(793,36): error TS2345: Argument of type '{ status: PolicyStatus; archivedAt: Date; archivedBy: string; id: string; title: string; policyNumber: string; version: string; description?: string; purpose: string; type: PolicyType; ... 53 more ...; controls?: Control[]; } | { ...; }' is not assignable to parameter of type 'Policy'.
  Type '{ status: PolicyStatus; archivedAt: Date; archivedBy: string; id: string; title: string; policyNumber: string; version: string; description?: string; purpose: string; type: PolicyType; ... 53 more ...; controls?: Control[]; }' is missing the following properties from type 'Policy': isActive, isExpiringSoon, needsReview, completionPercentage, and 7 more.
src/modules/policies/__tests__/policies.service.integration.spec.ts(797,29): error TS2554: Expected 2 arguments, but got 1.
src/modules/policies/__tests__/policies.service.spec.ts(169,13): error TS2341: Property 'sanitizePolicyContent' is private and only accessible within class 'PoliciesService'.
src/modules/policies/__tests__/policies.service.spec.ts(420,36): error TS2345: Argument of type '{ id: string; organizationId: string; }' is not assignable to parameter of type 'UserContext'.
  Property 'roles' is missing in type '{ id: string; organizationId: string; }' but required in type 'UserContext'.
src/modules/policies/__tests__/policies.workflow.spec.ts(450,35): error TS2339: Property 'status' does not exist on type '{ id: string; description: string; justification: string; approvedBy: string; approvalDate: Date; expirationDate?: Date; conditions?: string[]; }'.
src/modules/policies/__tests__/policies.workflow.spec.ts(522,88): error TS2339: Property 'complianceThreshold' does not exist on type 'Policy'.
src/modules/policies/__tests__/policies.workflow.spec.ts(535,22): error TS2339: Property 'count' does not exist on type '{ create: Mock<any, any, any>; save: Mock<any, any, any>; findOne: Mock<any, any, any>; find: Mock<any, any, any>; createQueryBuilder: Mock<any, any, any>; }'.
src/modules/policies/__tests__/policies.workflow.spec.ts(537,28): error TS2345: Argument of type '{ title: string; type: PolicyType.SECURITY; content: { sections: undefined[]; }; organizationId: string; createdBy: string; }' is not assignable to parameter of type 'CreatePolicyDto'.
  Type '{ title: string; type: PolicyType.SECURITY; content: { sections: undefined[]; }; organizationId: string; createdBy: string; }' is missing the following properties from type 'CreatePolicyDto': priority, scope, effectiveDate, ownerId, ownerName
src/modules/policies/__tests__/policies.workflow.spec.ts(659,48): error TS2339: Property 'action' does not exist on type '{ version: string; changedBy: string; changedAt: Date; changes: { summary: string; details?: Record<string, any>; sections?: string[]; }; approved?: boolean; approvedBy?: string; } | { ...; }'.
  Property 'action' does not exist on type '{ version: string; changedBy: string; changedAt: Date; changes: { summary: string; details?: Record<string, any>; sections?: string[]; }; approved?: boolean; approvedBy?: string; }'.
src/modules/policies/policies.controller.ts(264,44): error TS2345: Argument of type 'Policy' is not assignable to parameter of type 'UpdatePolicyDto'.
  Types of property 'lastReviewDate' are incompatible.
    Type 'Date' is not assignable to type 'string'.
src/modules/policies/policies.controller.ts(290,61): error TS2353: Object literal may only specify known properties, and 'default' does not exist in type 'ApiQueryOptions'.
src/modules/policies/policies.controller.ts(337,7): error TS2353: Object literal may only specify known properties, and 'isTemplate' does not exist in type 'QueryPolicyDto'.
src/modules/policies/policies.controller.ts(351,19): error TS2551: Property 'isTemplate' does not exist on type 'Policy'. Did you mean 'templates'?
src/modules/policy-engine/__tests__/policy-engine.controller.spec.ts(87,11): error TS2353: Object literal may only specify known properties, and 'classification' does not exist in type '{ id: string; type: string; attributes: Record<string, any>; }'.
src/modules/policy-engine/__tests__/policy-engine.controller.spec.ts(92,9): error TS2741: Property 'timestamp' is missing in type '{ time: string; ipAddress: string; location: string; }' but required in type '{ [key: string]: any; timestamp: Date; ip?: string; location?: string; }'.
src/modules/policy-engine/__tests__/policy-engine.controller.spec.ts(167,28): error TS2339: Property 'user' does not exist on type 'PolicyContext'.
src/modules/policy-engine/__tests__/policy-engine.controller.spec.ts(186,39): error TS2353: Object literal may only specify known properties, and 'classification' does not exist in type '{ id: string; type: string; attributes: Record<string, any>; }'.
src/modules/policy-engine/__tests__/policy-engine.controller.spec.ts(188,11): error TS2741: Property 'timestamp' is missing in type '{ time: string; }' but required in type '{ [key: string]: any; timestamp: Date; ip?: string; location?: string; }'.
src/modules/policy-engine/__tests__/policy-engine.controller.spec.ts(214,41): error TS2353: Object literal may only specify known properties, and 'classification' does not exist in type '{ id: string; type: string; attributes: Record<string, any>; }'.
src/modules/policy-engine/__tests__/policy-engine.controller.spec.ts(216,11): error TS2741: Property 'timestamp' is missing in type '{ time: string; }' but required in type '{ [key: string]: any; timestamp: Date; ip?: string; location?: string; }'.
src/modules/policy-engine/__tests__/policy-engine.controller.spec.ts(232,23): error TS2339: Property 'overallDecision' does not exist on type 'PolicyEvaluationResult[]'.
src/modules/policy-engine/__tests__/policy-engine.controller.spec.ts(499,23): error TS2339: Property 'auditTrail' does not exist on type 'Policy'.
src/modules/policy-engine/__tests__/policy-engine.controller.spec.ts(500,23): error TS2339: Property 'auditTrail' does not exist on type 'Policy'.
src/modules/policy-engine/__tests__/policy-engine.service.spec.ts(9,3): error TS2305: Module '"../../../../test/utils/test-helpers"' has no exported member 'TEST_OPA_POLICIES'.
src/modules/policy-engine/__tests__/policy-engine.service.spec.ts(78,9): error TS2353: Object literal may only specify known properties, and 'classification' does not exist in type '{ id: string; type: string; attributes: Record<string, any>; }'.
src/modules/policy-engine/__tests__/policy-engine.service.spec.ts(83,7): error TS2741: Property 'timestamp' is missing in type '{ time: string; ipAddress: string; location: string; }' but required in type '{ [key: string]: any; timestamp: Date; ip?: string; location?: string; }'.
src/modules/policy-engine/__tests__/policy-engine.service.spec.ts(169,32): error TS2352: Conversion of type '{ user: { id: string; }; }' to type 'PolicyContext' may be a mistake because neither type sufficiently overlaps with the other. If this was intentional, convert the expression to 'unknown' first.
  Type '{ user: { id: string; }; }' is missing the following properties from type 'PolicyContext': subject, resource, action, environment
src/modules/policy-engine/__tests__/policy-engine.service.spec.ts(227,23): error TS2339: Property 'metadata' does not exist on type 'PolicyEvaluationResult[]'.
src/modules/policy-engine/__tests__/policy-engine.service.spec.ts(315,25): error TS2339: Property 'rules' does not exist on type 'PolicyRule'.
src/modules/policy-engine/__tests__/policy-engine.service.spec.ts(416,28): error TS2304: Cannot find name 'mockContext'.
src/modules/policy-engine/__tests__/policy-engine.service.spec.ts(458,52): error TS2304: Cannot find name 'mockContext'.
src/modules/policy-engine/__tests__/policy-engine.service.spec.ts(478,54): error TS2304: Cannot find name 'mockContext'.
src/modules/search/__tests__/search.service.spec.ts(127,33): error TS2345: Argument of type '{ id: string; title: string; description: string; category: string; version: string; content: string; tags: string[]; createdAt: Date; updatedAt: Date; }' is not assignable to parameter of type 'Policy'.
  Type '{ id: string; title: string; description: string; category: string; version: string; content: string; tags: string[]; createdAt: Date; updatedAt: Date; }' is missing the following properties from type 'Policy': policyNumber, purpose, type, status, and 24 more.
src/modules/search/__tests__/search.service.spec.ts(152,40): error TS2345: Argument of type '{ id: string; title: string; description: string; category: string; version: string; content: string; tags: string[]; createdAt: Date; updatedAt: Date; }' is not assignable to parameter of type 'Policy'.
  Type '{ id: string; title: string; description: string; category: string; version: string; content: string; tags: string[]; createdAt: Date; updatedAt: Date; }' is missing the following properties from type 'Policy': policyNumber, purpose, type, status, and 24 more.
src/modules/search/__tests__/search.service.spec.ts(167,33): error TS2345: Argument of type '{ content: string; id: string; title: string; description: string; category: string; version: string; tags: string[]; createdAt: Date; updatedAt: Date; }' is not assignable to parameter of type 'Policy'.
  Type '{ content: string; id: string; title: string; description: string; category: string; version: string; tags: string[]; createdAt: Date; updatedAt: Date; }' is missing the following properties from type 'Policy': policyNumber, purpose, type, status, and 24 more.
src/modules/search/__tests__/search.service.spec.ts(211,20): error TS2353: Object literal may only specify known properties, and 'category' does not exist in type '{ type?: string[]; status?: string[]; organizationId?: string; frameworks?: string[]; tags?: string[]; dateRange?: { field: string; from?: Date; to?: Date; }; }'.
src/modules/search/__tests__/search.service.spec.ts(249,21): error TS2339: Property 'hits' does not exist on type 'SearchResult<any>'.
src/modules/search/__tests__/search.service.spec.ts(264,13): error TS2353: Object literal may only specify known properties, and 'gte' does not exist in type '{ field: string; from?: Date; to?: Date; }'.
src/modules/search/__tests__/search.service.spec.ts(309,36): error TS2339: Property 'searchFrameworks' does not exist on type 'SearchService'.
src/modules/search/__tests__/search.service.spec.ts(351,21): error TS2339: Property 'searchControls' does not exist on type 'SearchService'.
src/modules/search/__tests__/search.service.spec.ts(380,36): error TS2339: Property 'findSimilarControls' does not exist on type 'SearchService'.
src/modules/search/__tests__/search.service.spec.ts(402,21): error TS2339: Property 'indexMapping' does not exist on type 'SearchService'.
src/modules/search/__tests__/search.service.spec.ts(428,54): error TS2345: Argument of type '{ id: string; title: string; description: string; category: string; version: string; content: string; tags: string[]; createdAt: Date; updatedAt: Date; }[]' is not assignable to parameter of type 'Policy[]'.
  Type '{ id: string; title: string; description: string; category: string; version: string; content: string; tags: string[]; createdAt: Date; updatedAt: Date; }' is missing the following properties from type 'Policy': policyNumber, purpose, type, status, and 24 more.
src/modules/search/__tests__/search.service.spec.ts(457,9): error TS2740: Type '{ id: string; title: string; description: string; category: string; version: string; content: string; tags: string[]; createdAt: Date; updatedAt: Date; }' is missing the following properties from type 'Policy': policyNumber, purpose, type, status, and 24 more.
src/modules/search/__tests__/search.service.spec.ts(458,9): error TS2740: Type '{ id: string; title: string; description: string; category: string; version: string; content: string; tags: string[]; createdAt: Date; updatedAt: Date; }' is missing the following properties from type 'Policy': policyNumber, purpose, type, status, and 24 more.
src/modules/search/__tests__/search.service.spec.ts(461,21): error TS2339: Property 'success' does not exist on type 'void'.
src/modules/search/__tests__/search.service.spec.ts(462,21): error TS2339: Property 'failed' does not exist on type 'void'.
src/modules/search/__tests__/search.service.spec.ts(463,21): error TS2339: Property 'errors' does not exist on type 'void'.
src/modules/search/__tests__/search.service.spec.ts(473,21): error TS2339: Property 'removePolicy' does not exist on type 'SearchService'.
src/modules/search/__tests__/search.service.spec.ts(491,28): error TS2339: Property 'removePolicy' does not exist on type 'SearchService'.
src/modules/search/__tests__/search.service.spec.ts(520,11): error TS2353: Object literal may only specify known properties, and 'by_category' does not exist in type 'string[]'.
src/modules/search/__tests__/search.service.spec.ts(556,9): error TS2353: Object literal may only specify known properties, and 'suggest' does not exist in type 'PolicySearchOptions'.
src/modules/search/__tests__/search.service.spec.ts(559,21): error TS2339: Property 'suggestions' does not exist on type 'SearchResult<any>'.
src/modules/search/__tests__/search.service.spec.ts(560,21): error TS2339: Property 'suggestions' does not exist on type 'SearchResult<any>'.
src/modules/search/__tests__/search.service.spec.ts(573,21): error TS2339: Property 'ensureIndices' does not exist on type 'SearchService'.
src/modules/search/__tests__/search.service.spec.ts(590,21): error TS2339: Property 'ensureIndices' does not exist on type 'SearchService'.
src/modules/search/__tests__/search.service.spec.ts(600,21): error TS2339: Property 'refreshIndices' does not exist on type 'SearchService'.
src/modules/search/__tests__/search.service.spec.ts(612,36): error TS2339: Property 'checkHealth' does not exist on type 'SearchService'.
src/modules/search/__tests__/search.service.spec.ts(625,36): error TS2339: Property 'checkHealth' does not exist on type 'SearchService'.
src/modules/search/__tests__/search.service.spec.ts(647,36): error TS2339: Property 'analyzeText' does not exist on type 'SearchService'.
src/modules/search/search.service.ts(154,64): error TS2339: Property 'map' does not exist on type 'SearchPhraseSuggestOption | SearchPhraseSuggestOption[] | SearchTermSuggestOption | SearchTermSuggestOption[] | SearchCompletionSuggestOption<...> | SearchCompletionSuggestOption<...>[]'.
  Property 'map' does not exist on type 'SearchPhraseSuggestOption'.
src/shared/filters/all-exceptions.filter.ts(75,37): error TS2304: Cannot find name 'ElasticsearchClientError'.
test/e2e/opa-integration.e2e-spec.ts(332,53): error TS2872: This kind of expression is always truthy.
test/e2e/owasp-security.e2e-spec.ts(56,23): error TS2551: Property 'ADMIN' does not exist on type 'Record<TestUserRole, TestUser>'. Did you mean 'admin'?
test/e2e/owasp-security.e2e-spec.ts(76,29): error TS2551: Property 'POLICY_MANAGER' does not exist on type 'Record<TestUserRole, TestUser>'. Did you mean 'policy_manager'?
test/e2e/owasp-security.e2e-spec.ts(138,71): error TS2551: Property 'ADMIN' does not exist on type 'Record<TestUserRole, TestUser>'. Did you mean 'admin'?
test/e2e/owasp-security.e2e-spec.ts(154,23): error TS2551: Property 'ADMIN' does not exist on type 'Record<TestUserRole, TestUser>'. Did you mean 'admin'?
test/e2e/owasp-security.e2e-spec.ts(259,19): error TS2341: Property 'app' is private and only accessible within class 'TestSetup'.
test/e2e/owasp-security.e2e-spec.ts(337,40): error TS2339: Property 'uploadFile' does not exist on type 'TestSetup'.
test/e2e/owasp-security.e2e-spec.ts(471,9): error TS2554: Expected 2-4 arguments, but got 5.
test/e2e/owasp-security.e2e-spec.ts(633,21): error TS2341: Property 'app' is private and only accessible within class 'TestSetup'.
test/fixtures/test-data.ts(133,22): error TS2339: Property 'DATA_MANAGEMENT' does not exist on type 'typeof PolicyType'.
test/jest-setup.ts(6,1): error TS2322: Type 'typeof setImmediate | ((fn: any, ...args: any[]) => Timeout)' is not assignable to type 'typeof setImmediate'.
  Property '__promisify__' is missing in type '(fn: any, ...args: any[]) => NodeJS.Timeout' but required in type 'typeof setImmediate'.
test/jest-setup.ts(14,20): error TS2339: Property 'randomBytes' does not exist on type 'Crypto'.
test/jest-setup.ts(15,17): error TS2339: Property 'randomBytes' does not exist on type 'Crypto'.
test/utils/test-helpers.ts(103,14): error TS2323: Cannot redeclare exported variable 'AuthTestHelper'.
test/utils/test-helpers.ts(144,14): error TS2323: Cannot redeclare exported variable 'SecurityTestHelper'.
test/utils/test-helpers.ts(156,9): error TS2349: This expression is not callable.
  Type 'typeof supertest' has no call signatures.
test/utils/test-helpers.ts(192,32): error TS2349: This expression is not callable.
  Type 'typeof supertest' has no call signatures.
test/utils/test-helpers.ts(216,14): error TS2323: Cannot redeclare exported variable 'ComplianceTestHelper'.
test/utils/test-helpers.ts(299,14): error TS2323: Cannot redeclare exported variable 'PerformanceTestHelper'.
test/utils/test-helpers.ts(344,14): error TS2323: Cannot redeclare exported variable 'TestDataBuilder'.
test/utils/test-helpers.ts(381,3): error TS2323: Cannot redeclare exported variable 'AuthTestHelper'.
test/utils/test-helpers.ts(381,3): error TS2484: Export declaration conflicts with exported declaration of 'AuthTestHelper'.
test/utils/test-helpers.ts(382,3): error TS2323: Cannot redeclare exported variable 'SecurityTestHelper'.
test/utils/test-helpers.ts(382,3): error TS2484: Export declaration conflicts with exported declaration of 'SecurityTestHelper'.
test/utils/test-helpers.ts(383,3): error TS2323: Cannot redeclare exported variable 'ComplianceTestHelper'.
test/utils/test-helpers.ts(383,3): error TS2484: Export declaration conflicts with exported declaration of 'ComplianceTestHelper'.
test/utils/test-helpers.ts(384,3): error TS2323: Cannot redeclare exported variable 'PerformanceTestHelper'.
test/utils/test-helpers.ts(384,3): error TS2484: Export declaration conflicts with exported declaration of 'PerformanceTestHelper'.
test/utils/test-helpers.ts(385,3): error TS2323: Cannot redeclare exported variable 'TestDataBuilder'.
test/utils/test-helpers.ts(385,3): error TS2484: Export declaration conflicts with exported declaration of 'TestDataBuilder'.
